{"B:\\project\\resume-ats\\app\\error.tsx": {"path":"B:\\project\\resume-ats\\app\\error.tsx","statementMap":{"0":{"start":{"line":9,"column":24},"end":{"line":9,"column":30}},"1":{"start":{"line":3,"column":26},"end":{"line":3,"column":null}},"2":{"start":{"line":4,"column":17},"end":{"line":4,"column":null}},"3":{"start":{"line":5,"column":23},"end":{"line":5,"column":null}},"4":{"start":{"line":6,"column":86},"end":{"line":6,"column":null}},"5":{"start":{"line":7,"column":30},"end":{"line":7,"column":null}},"6":{"start":{"line":16,"column":2},"end":{"line":19,"column":null}},"7":{"start":{"line":18,"column":4},"end":{"line":18,"column":null}}},"fnMap":{"0":{"name":"Error","decl":{"start":{"line":9,"column":24},"end":{"line":9,"column":30}},"loc":{"start":{"line":15,"column":1},"end":{"line":47,"column":null}}},"1":{"name":"(anonymous_3)","decl":{"start":{"line":16,"column":12},"end":{"line":16,"column":null}},"loc":{"start":{"line":16,"column":12},"end":{"line":19,"column":5}}}},"branchMap":{"0":{"loc":{"start":{"line":33,"column":13},"end":{"line":33,"column":null}},"type":"binary-expr","locations":[{"start":{"line":33,"column":13},"end":{"line":33,"column":26}},{"start":{"line":33,"column":30},"end":{"line":33,"column":null}}]}},"s":{"0":0,"1":0,"2":0,"3":0,"4":0,"5":0,"6":0,"7":0},"f":{"0":0,"1":0},"b":{"0":[0,0]}}
,"B:\\project\\resume-ats\\app\\layout.tsx": {"path":"B:\\project\\resume-ats\\app\\layout.tsx","statementMap":{"0":{"start":{"line":77,"column":24},"end":{"line":77,"column":35}},"1":{"start":{"line":11,"column":13},"end":{"line":11,"column":21}},"2":{"start":{"line":3,"column":22},"end":{"line":3,"column":null}},"3":{"start":{"line":4,"column":7},"end":{"line":4,"column":null}},"4":{"start":{"line":5,"column":30},"end":{"line":5,"column":null}},"5":{"start":{"line":6,"column":24},"end":{"line":6,"column":null}},"6":{"start":{"line":7,"column":29},"end":{"line":7,"column":null}},"7":{"start":{"line":9,"column":14},"end":{"line":9,"column":null}},"8":{"start":{"line":11,"column":34},"end":{"line":75,"column":null}}},"fnMap":{"0":{"name":"RootLayout","decl":{"start":{"line":77,"column":24},"end":{"line":77,"column":35}},"loc":{"start":{"line":81,"column":2},"end":{"line":101,"column":1}}}},"branchMap":{},"s":{"0":0,"1":0,"2":0,"3":0,"4":0,"5":0,"6":0,"7":0,"8":0},"f":{"0":0},"b":{}}
,"B:\\project\\resume-ats\\app\\loading.tsx": {"path":"B:\\project\\resume-ats\\app\\loading.tsx","statementMap":{"0":{"start":{"line":1,"column":24},"end":{"line":1,"column":null}},"1":{"start":{"line":2,"column":2},"end":{"line":2,"column":null}}},"fnMap":{"0":{"name":"Loading","decl":{"start":{"line":1,"column":24},"end":{"line":1,"column":null}},"loc":{"start":{"line":1,"column":24},"end":{"line":3,"column":null}}}},"branchMap":{},"s":{"0":0,"1":0},"f":{"0":0},"b":{}}
,"B:\\project\\resume-ats\\app\\not-found.tsx": {"path":"B:\\project\\resume-ats\\app\\not-found.tsx","statementMap":{"0":{"start":{"line":5,"column":24},"end":{"line":5,"column":null}},"1":{"start":{"line":1,"column":17},"end":{"line":1,"column":null}},"2":{"start":{"line":2,"column":23},"end":{"line":2,"column":null}},"3":{"start":{"line":3,"column":29},"end":{"line":3,"column":null}}},"fnMap":{"0":{"name":"NotFound","decl":{"start":{"line":5,"column":24},"end":{"line":5,"column":null}},"loc":{"start":{"line":5,"column":24},"end":{"line":16,"column":null}}}},"branchMap":{},"s":{"0":0,"1":0,"2":0,"3":0},"f":{"0":0},"b":{}}
,"B:\\project\\resume-ats\\app\\page.tsx": {"path":"B:\\project\\resume-ats\\app\\page.tsx","statementMap":{"0":{"start":{"line":19,"column":24},"end":{"line":19,"column":null}},"1":{"start":{"line":10,"column":13},"end":{"line":10,"column":21}},"2":{"start":{"line":1,"column":19},"end":{"line":1,"column":null}},"3":{"start":{"line":3,"column":29},"end":{"line":3,"column":null}},"4":{"start":{"line":4,"column":28},"end":{"line":4,"column":null}},"5":{"start":{"line":5,"column":32},"end":{"line":5,"column":null}},"6":{"start":{"line":6,"column":32},"end":{"line":6,"column":null}},"7":{"start":{"line":7,"column":27},"end":{"line":7,"column":null}},"8":{"start":{"line":8,"column":25},"end":{"line":8,"column":null}},"9":{"start":{"line":10,"column":34},"end":{"line":17,"column":null}}},"fnMap":{"0":{"name":"Home","decl":{"start":{"line":19,"column":24},"end":{"line":19,"column":null}},"loc":{"start":{"line":19,"column":24},"end":{"line":95,"column":1}}}},"branchMap":{},"s":{"0":0,"1":0,"2":0,"3":0,"4":0,"5":0,"6":0,"7":0,"8":0,"9":0},"f":{"0":0},"b":{}}
,"B:\\project\\resume-ats\\app\\about\\about-content.tsx": {"path":"B:\\project\\resume-ats\\app\\about\\about-content.tsx","statementMap":{"0":{"start":{"line":79,"column":24},"end":{"line":79,"column":null}},"1":{"start":{"line":3,"column":36},"end":{"line":3,"column":null}},"2":{"start":{"line":4,"column":17},"end":{"line":4,"column":null}},"3":{"start":{"line":5,"column":23},"end":{"line":5,"column":null}},"4":{"start":{"line":6,"column":23},"end":{"line":6,"column":null}},"5":{"start":{"line":22,"column":7},"end":{"line":22,"column":null}},"6":{"start":{"line":24,"column":14},"end":{"line":29,"column":null}},"7":{"start":{"line":31,"column":15},"end":{"line":56,"column":null}},"8":{"start":{"line":58,"column":13},"end":{"line":77,"column":null}},"9":{"start":{"line":80,"column":44},"end":{"line":80,"column":null}},"10":{"start":{"line":82,"column":2},"end":{"line":89,"column":null}},"11":{"start":{"line":83,"column":28},"end":{"line":85,"column":null}},"12":{"start":{"line":84,"column":6},"end":{"line":84,"column":null}},"13":{"start":{"line":87,"column":4},"end":{"line":87,"column":null}},"14":{"start":{"line":88,"column":4},"end":{"line":88,"column":null}},"15":{"start":{"line":88,"column":17},"end":{"line":88,"column":null}},"16":{"start":{"line":161,"column":18},"end":{"line":162,"column":null}},"17":{"start":{"line":196,"column":16},"end":{"line":197,"column":null}},"18":{"start":{"line":236,"column":16},"end":{"line":237,"column":null}}},"fnMap":{"0":{"name":"AboutPageContent","decl":{"start":{"line":79,"column":24},"end":{"line":79,"column":null}},"loc":{"start":{"line":79,"column":24},"end":{"line":298,"column":null}}},"1":{"name":"(anonymous_3)","decl":{"start":{"line":82,"column":12},"end":{"line":82,"column":null}},"loc":{"start":{"line":82,"column":12},"end":{"line":89,"column":5}}},"2":{"name":"(anonymous_4)","decl":{"start":{"line":83,"column":28},"end":{"line":83,"column":29}},"loc":{"start":{"line":83,"column":29},"end":{"line":85,"column":null}}},"3":{"name":"(anonymous_5)","decl":{"start":{"line":88,"column":11},"end":{"line":88,"column":17}},"loc":{"start":{"line":88,"column":17},"end":{"line":88,"column":null}}},"4":{"name":"(anonymous_6)","decl":{"start":{"line":160,"column":27},"end":{"line":160,"column":28}},"loc":{"start":{"line":161,"column":18},"end":{"line":162,"column":null}}},"5":{"name":"(anonymous_7)","decl":{"start":{"line":195,"column":24},"end":{"line":195,"column":25}},"loc":{"start":{"line":196,"column":16},"end":{"line":197,"column":null}}},"6":{"name":"(anonymous_8)","decl":{"start":{"line":235,"column":26},"end":{"line":235,"column":27}},"loc":{"start":{"line":236,"column":16},"end":{"line":237,"column":null}}}},"branchMap":{"0":{"loc":{"start":{"line":238,"column":44},"end":{"line":238,"column":71}},"type":"cond-expr","locations":[{"start":{"line":238,"column":62},"end":{"line":238,"column":68}},{"start":{"line":238,"column":68},"end":{"line":238,"column":71}}]}},"s":{"0":0,"1":0,"2":0,"3":0,"4":0,"5":0,"6":0,"7":0,"8":0,"9":0,"10":0,"11":0,"12":0,"13":0,"14":0,"15":0,"16":0,"17":0,"18":0},"f":{"0":0,"1":0,"2":0,"3":0,"4":0,"5":0,"6":0},"b":{"0":[0,0]}}
,"B:\\project\\resume-ats\\app\\about\\page.tsx": {"path":"B:\\project\\resume-ats\\app\\about\\page.tsx","statementMap":{"0":{"start":{"line":15,"column":24},"end":{"line":15,"column":null}},"1":{"start":{"line":6,"column":13},"end":{"line":6,"column":21}},"2":{"start":{"line":1,"column":29},"end":{"line":1,"column":null}},"3":{"start":{"line":2,"column":25},"end":{"line":2,"column":null}},"4":{"start":{"line":4,"column":29},"end":{"line":4,"column":null}},"5":{"start":{"line":6,"column":34},"end":{"line":13,"column":null}}},"fnMap":{"0":{"name":"AboutPage","decl":{"start":{"line":15,"column":24},"end":{"line":15,"column":null}},"loc":{"start":{"line":15,"column":24},"end":{"line":28,"column":1}}}},"branchMap":{},"s":{"0":0,"1":0,"2":0,"3":0,"4":0,"5":0},"f":{"0":0},"b":{}}
,"B:\\project\\resume-ats\\app\\api\\ai-analysis\\route.ts": {"path":"B:\\project\\resume-ats\\app\\api\\ai-analysis\\route.ts","statementMap":{"0":{"start":{"line":5,"column":22},"end":{"line":5,"column":27}},"1":{"start":{"line":1,"column":29},"end":{"line":1,"column":null}},"2":{"start":{"line":2,"column":41},"end":{"line":2,"column":null}},"3":{"start":{"line":3,"column":30},"end":{"line":3,"column":null}},"4":{"start":{"line":6,"column":2},"end":{"line":23,"column":null}},"5":{"start":{"line":7,"column":60},"end":{"line":7,"column":null}},"6":{"start":{"line":8,"column":4},"end":{"line":10,"column":null}},"7":{"start":{"line":9,"column":6},"end":{"line":9,"column":null}},"8":{"start":{"line":13,"column":4},"end":{"line":16,"column":null}},"9":{"start":{"line":14,"column":23},"end":{"line":14,"column":null}},"10":{"start":{"line":15,"column":6},"end":{"line":15,"column":null}},"11":{"start":{"line":19,"column":19},"end":{"line":19,"column":null}},"12":{"start":{"line":20,"column":4},"end":{"line":20,"column":null}},"13":{"start":{"line":22,"column":4},"end":{"line":22,"column":null}}},"fnMap":{"0":{"name":"POST","decl":{"start":{"line":5,"column":22},"end":{"line":5,"column":27}},"loc":{"start":{"line":5,"column":43},"end":{"line":24,"column":null}}}},"branchMap":{"0":{"loc":{"start":{"line":8,"column":4},"end":{"line":10,"column":null}},"type":"if","locations":[{"start":{"line":8,"column":4},"end":{"line":10,"column":null}}]},"1":{"loc":{"start":{"line":13,"column":4},"end":{"line":16,"column":null}},"type":"if","locations":[{"start":{"line":13,"column":4},"end":{"line":16,"column":null}}]},"2":{"loc":{"start":{"line":13,"column":8},"end":{"line":13,"column":62}},"type":"binary-expr","locations":[{"start":{"line":13,"column":8},"end":{"line":13,"column":33}},{"start":{"line":13,"column":33},"end":{"line":13,"column":62}}]},"3":{"loc":{"start":{"line":22,"column":38},"end":{"line":22,"column":82}},"type":"binary-expr","locations":[{"start":{"line":22,"column":38},"end":{"line":22,"column":62}},{"start":{"line":22,"column":66},"end":{"line":22,"column":82}}]}},"s":{"0":0,"1":0,"2":0,"3":0,"4":0,"5":0,"6":0,"7":0,"8":0,"9":0,"10":0,"11":0,"12":0,"13":0},"f":{"0":0},"b":{"0":[0],"1":[0],"2":[0,0],"3":[0,0]}}
,"B:\\project\\resume-ats\\app\\api\\analytics\\route.ts": {"path":"B:\\project\\resume-ats\\app\\api\\analytics\\route.ts","statementMap":{"0":{"start":{"line":7,"column":22},"end":{"line":7,"column":26}},"1":{"start":{"line":1,"column":29},"end":{"line":1,"column":null}},"2":{"start":{"line":2,"column":33},"end":{"line":2,"column":null}},"3":{"start":{"line":3,"column":28},"end":{"line":3,"column":null}},"4":{"start":{"line":4,"column":23},"end":{"line":4,"column":null}},"5":{"start":{"line":5,"column":20},"end":{"line":5,"column":null}},"6":{"start":{"line":8,"column":2},"end":{"line":225,"column":null}},"7":{"start":{"line":9,"column":20},"end":{"line":9,"column":null}},"8":{"start":{"line":11,"column":4},"end":{"line":13,"column":null}},"9":{"start":{"line":12,"column":6},"end":{"line":12,"column":null}},"10":{"start":{"line":15,"column":19},"end":{"line":15,"column":null}},"11":{"start":{"line":16,"column":29},"end":{"line":16,"column":null}},"12":{"start":{"line":17,"column":22},"end":{"line":17,"column":null}},"13":{"start":{"line":20,"column":16},"end":{"line":20,"column":null}},"14":{"start":{"line":21,"column":22},"end":{"line":21,"column":null}},"15":{"start":{"line":23,"column":4},"end":{"line":38,"column":null}},"16":{"start":{"line":25,"column":8},"end":{"line":25,"column":null}},"17":{"start":{"line":26,"column":8},"end":{"line":26,"column":null}},"18":{"start":{"line":28,"column":8},"end":{"line":28,"column":null}},"19":{"start":{"line":29,"column":8},"end":{"line":29,"column":null}},"20":{"start":{"line":31,"column":8},"end":{"line":31,"column":null}},"21":{"start":{"line":32,"column":8},"end":{"line":32,"column":null}},"22":{"start":{"line":34,"column":8},"end":{"line":34,"column":null}},"23":{"start":{"line":35,"column":8},"end":{"line":35,"column":null}},"24":{"start":{"line":37,"column":8},"end":{"line":37,"column":null}},"25":{"start":{"line":49,"column":8},"end":{"line":123,"column":10}},"26":{"start":{"line":124,"column":25},"end":{"line":138,"column":null}},"27":{"start":{"line":125,"column":23},"end":{"line":125,"column":38}},"28":{"start":{"line":126,"column":6},"end":{"line":126,"column":null}},"29":{"start":{"line":126,"column":31},"end":{"line":126,"column":null}},"30":{"start":{"line":128,"column":20},"end":{"line":128,"column":31}},"31":{"start":{"line":129,"column":19},"end":{"line":129,"column":48}},"32":{"start":{"line":131,"column":6},"end":{"line":137,"column":null}},"33":{"start":{"line":141,"column":24},"end":{"line":147,"column":null}},"34":{"start":{"line":149,"column":4},"end":{"line":155,"column":null}},"35":{"start":{"line":150,"column":20},"end":{"line":150,"column":null}},"36":{"start":{"line":151,"column":20},"end":{"line":151,"column":null}},"37":{"start":{"line":151,"column":42},"end":{"line":151,"column":74}},"38":{"start":{"line":152,"column":6},"end":{"line":154,"column":null}},"39":{"start":{"line":153,"column":8},"end":{"line":153,"column":null}},"40":{"start":{"line":158,"column":50},"end":{"line":158,"column":null}},"41":{"start":{"line":159,"column":4},"end":{"line":167,"column":null}},"42":{"start":{"line":160,"column":6},"end":{"line":166,"column":null}},"43":{"start":{"line":161,"column":28},"end":{"line":161,"column":null}},"44":{"start":{"line":162,"column":25},"end":{"line":162,"column":null}},"45":{"start":{"line":163,"column":8},"end":{"line":163,"column":null}},"46":{"start":{"line":165,"column":8},"end":{"line":165,"column":null}},"47":{"start":{"line":169,"column":22},"end":{"line":205,"column":9}},"48":{"start":{"line":177,"column":51},"end":{"line":184,"column":null}},"49":{"start":{"line":187,"column":82},"end":{"line":190,"column":null}},"50":{"start":{"line":195,"column":35},"end":{"line":195,"column":null}},"51":{"start":{"line":196,"column":32},"end":{"line":196,"column":null}},"52":{"start":{"line":197,"column":14},"end":{"line":197,"column":null}},"53":{"start":{"line":201,"column":57},"end":{"line":201,"column":91}},"54":{"start":{"line":206,"column":4},"end":{"line":212,"column":null}},"55":{"start":{"line":214,"column":4},"end":{"line":214,"column":41}},"56":{"start":{"line":215,"column":20},"end":{"line":215,"column":null}},"57":{"start":{"line":216,"column":4},"end":{"line":219,"column":null}},"58":{"start":{"line":221,"column":4},"end":{"line":223,"column":null}}},"fnMap":{"0":{"name":"GET","decl":{"start":{"line":7,"column":22},"end":{"line":7,"column":26}},"loc":{"start":{"line":7,"column":42},"end":{"line":226,"column":null}}},"1":{"name":"(anonymous_2)","decl":{"start":{"line":124,"column":47},"end":{"line":124,"column":null}},"loc":{"start":{"line":124,"column":47},"end":{"line":138,"column":7}}},"2":{"name":"(anonymous_3)","decl":{"start":{"line":149,"column":30},"end":{"line":149,"column":null}},"loc":{"start":{"line":149,"column":30},"end":{"line":155,"column":null}}},"3":{"name":"(anonymous_4)","decl":{"start":{"line":151,"column":37},"end":{"line":151,"column":42}},"loc":{"start":{"line":151,"column":42},"end":{"line":151,"column":74}}},"4":{"name":"(anonymous_5)","decl":{"start":{"line":159,"column":30},"end":{"line":159,"column":null}},"loc":{"start":{"line":159,"column":30},"end":{"line":167,"column":null}}},"5":{"name":"(anonymous_6)","decl":{"start":{"line":177,"column":40},"end":{"line":177,"column":51}},"loc":{"start":{"line":177,"column":51},"end":{"line":184,"column":null}}},"6":{"name":"(anonymous_7)","decl":{"start":{"line":187,"column":58},"end":{"line":187,"column":59}},"loc":{"start":{"line":187,"column":82},"end":{"line":190,"column":null}}},"7":{"name":"(anonymous_8)","decl":{"start":{"line":194,"column":33},"end":{"line":194,"column":34}},"loc":{"start":{"line":194,"column":40},"end":{"line":198,"column":null}}},"8":{"name":"(anonymous_9)","decl":{"start":{"line":201,"column":43},"end":{"line":201,"column":44}},"loc":{"start":{"line":201,"column":57},"end":{"line":201,"column":91}}}},"branchMap":{"0":{"loc":{"start":{"line":11,"column":4},"end":{"line":13,"column":null}},"type":"if","locations":[{"start":{"line":11,"column":4},"end":{"line":13,"column":null}}]},"1":{"loc":{"start":{"line":17,"column":22},"end":{"line":17,"column":null}},"type":"binary-expr","locations":[{"start":{"line":17,"column":22},"end":{"line":17,"column":55}},{"start":{"line":17,"column":55},"end":{"line":17,"column":null}}]},"2":{"loc":{"start":{"line":23,"column":4},"end":{"line":38,"column":null}},"type":"switch","locations":[{"start":{"line":24,"column":6},"end":{"line":26,"column":null}},{"start":{"line":27,"column":6},"end":{"line":29,"column":null}},{"start":{"line":30,"column":6},"end":{"line":32,"column":null}},{"start":{"line":33,"column":6},"end":{"line":35,"column":null}},{"start":{"line":36,"column":6},"end":{"line":37,"column":null}}]},"3":{"loc":{"start":{"line":126,"column":6},"end":{"line":126,"column":null}},"type":"if","locations":[{"start":{"line":126,"column":6},"end":{"line":126,"column":null}}]},"4":{"loc":{"start":{"line":134,"column":25},"end":{"line":134,"column":48}},"type":"binary-expr","locations":[{"start":{"line":134,"column":25},"end":{"line":134,"column":38}},{"start":{"line":134,"column":42},"end":{"line":134,"column":48}}]},"5":{"loc":{"start":{"line":134,"column":48},"end":{"line":134,"column":null}},"type":"binary-expr","locations":[{"start":{"line":134,"column":48},"end":{"line":134,"column":62}},{"start":{"line":134,"column":66},"end":{"line":134,"column":null}}]},"6":{"loc":{"start":{"line":135,"column":27},"end":{"line":135,"column":52}},"type":"binary-expr","locations":[{"start":{"line":135,"column":27},"end":{"line":135,"column":42}},{"start":{"line":135,"column":46},"end":{"line":135,"column":52}}]},"7":{"loc":{"start":{"line":135,"column":52},"end":{"line":135,"column":null}},"type":"binary-expr","locations":[{"start":{"line":135,"column":52},"end":{"line":135,"column":68}},{"start":{"line":135,"column":72},"end":{"line":135,"column":null}}]},"8":{"loc":{"start":{"line":150,"column":20},"end":{"line":150,"column":null}},"type":"binary-expr","locations":[{"start":{"line":150,"column":20},"end":{"line":150,"column":33}},{"start":{"line":150,"column":37},"end":{"line":150,"column":null}}]},"9":{"loc":{"start":{"line":151,"column":42},"end":{"line":151,"column":74}},"type":"binary-expr","locations":[{"start":{"line":151,"column":42},"end":{"line":151,"column":56}},{"start":{"line":151,"column":60},"end":{"line":151,"column":74}}]},"10":{"loc":{"start":{"line":152,"column":6},"end":{"line":154,"column":null}},"type":"if","locations":[{"start":{"line":152,"column":6},"end":{"line":154,"column":null}}]},"11":{"loc":{"start":{"line":161,"column":39},"end":{"line":161,"column":null}},"type":"binary-expr","locations":[{"start":{"line":161,"column":39},"end":{"line":161,"column":55}},{"start":{"line":161,"column":59},"end":{"line":161,"column":null}}]},"12":{"loc":{"start":{"line":162,"column":25},"end":{"line":162,"column":null}},"type":"binary-expr","locations":[{"start":{"line":162,"column":25},"end":{"line":162,"column":45}},{"start":{"line":162,"column":49},"end":{"line":162,"column":null}}]},"13":{"loc":{"start":{"line":163,"column":32},"end":{"line":163,"column":61}},"type":"binary-expr","locations":[{"start":{"line":163,"column":32},"end":{"line":163,"column":52}},{"start":{"line":163,"column":56},"end":{"line":163,"column":61}}]},"14":{"loc":{"start":{"line":165,"column":33},"end":{"line":165,"column":63}},"type":"binary-expr","locations":[{"start":{"line":165,"column":33},"end":{"line":165,"column":54}},{"start":{"line":165,"column":58},"end":{"line":165,"column":63}}]},"15":{"loc":{"start":{"line":173,"column":36},"end":{"line":173,"column":null}},"type":"binary-expr","locations":[{"start":{"line":173,"column":36},"end":{"line":173,"column":65}},{"start":{"line":173,"column":69},"end":{"line":173,"column":null}}]},"16":{"loc":{"start":{"line":174,"column":38},"end":{"line":174,"column":null}},"type":"binary-expr","locations":[{"start":{"line":174,"column":38},"end":{"line":174,"column":69}},{"start":{"line":174,"column":73},"end":{"line":174,"column":null}}]},"17":{"loc":{"start":{"line":182,"column":18},"end":{"line":182,"column":null}},"type":"binary-expr","locations":[{"start":{"line":182,"column":18},"end":{"line":182,"column":50}},{"start":{"line":182,"column":50},"end":{"line":182,"column":null}}]},"18":{"loc":{"start":{"line":183,"column":20},"end":{"line":183,"column":null}},"type":"binary-expr","locations":[{"start":{"line":183,"column":20},"end":{"line":183,"column":54}},{"start":{"line":183,"column":54},"end":{"line":183,"column":null}}]},"19":{"loc":{"start":{"line":193,"column":30},"end":{"line":199,"column":null}},"type":"cond-expr","locations":[{"start":{"line":194,"column":12},"end":{"line":198,"column":null}},{"start":{"line":199,"column":12},"end":{"line":199,"column":null}}]},"20":{"loc":{"start":{"line":195,"column":35},"end":{"line":195,"column":null}},"type":"binary-expr","locations":[{"start":{"line":195,"column":35},"end":{"line":195,"column":68}},{"start":{"line":195,"column":68},"end":{"line":195,"column":null}}]},"21":{"loc":{"start":{"line":196,"column":32},"end":{"line":196,"column":null}},"type":"binary-expr","locations":[{"start":{"line":196,"column":32},"end":{"line":196,"column":63}},{"start":{"line":196,"column":63},"end":{"line":196,"column":null}}]},"22":{"loc":{"start":{"line":197,"column":21},"end":{"line":197,"column":null}},"type":"cond-expr","locations":[{"start":{"line":197,"column":48},"end":{"line":197,"column":58}},{"start":{"line":197,"column":58},"end":{"line":197,"column":null}}]},"23":{"loc":{"start":{"line":200,"column":40},"end":{"line":202,"column":null}},"type":"cond-expr","locations":[{"start":{"line":201,"column":12},"end":{"line":201,"column":null}},{"start":{"line":202,"column":12},"end":{"line":202,"column":null}}]},"24":{"loc":{"start":{"line":201,"column":64},"end":{"line":201,"column":91}},"type":"binary-expr","locations":[{"start":{"line":201,"column":64},"end":{"line":201,"column":87}},{"start":{"line":201,"column":87},"end":{"line":201,"column":91}}]},"25":{"loc":{"start":{"line":217,"column":15},"end":{"line":217,"column":null}},"type":"cond-expr","locations":[{"start":{"line":217,"column":40},"end":{"line":217,"column":53}},{"start":{"line":217,"column":56},"end":{"line":217,"column":null}}]},"26":{"loc":{"start":{"line":218,"column":14},"end":{"line":218,"column":null}},"type":"binary-expr","locations":[{"start":{"line":218,"column":14},"end":{"line":218,"column":35}},{"start":{"line":218,"column":35},"end":{"line":218,"column":null}}]}},"s":{"0":0,"1":0,"2":0,"3":0,"4":0,"5":0,"6":0,"7":0,"8":0,"9":0,"10":0,"11":0,"12":0,"13":0,"14":0,"15":0,"16":0,"17":0,"18":0,"19":0,"20":0,"21":0,"22":0,"23":0,"24":0,"25":0,"26":0,"27":0,"28":0,"29":0,"30":0,"31":0,"32":0,"33":0,"34":0,"35":0,"36":0,"37":0,"38":0,"39":0,"40":0,"41":0,"42":0,"43":0,"44":0,"45":0,"46":0,"47":0,"48":0,"49":0,"50":0,"51":0,"52":0,"53":0,"54":0,"55":0,"56":0,"57":0,"58":0},"f":{"0":0,"1":0,"2":0,"3":0,"4":0,"5":0,"6":0,"7":0,"8":0},"b":{"0":[0],"1":[0,0],"2":[0,0,0,0,0],"3":[0],"4":[0,0],"5":[0,0],"6":[0,0],"7":[0,0],"8":[0,0],"9":[0,0],"10":[0],"11":[0,0],"12":[0,0],"13":[0,0],"14":[0,0],"15":[0,0],"16":[0,0],"17":[0,0],"18":[0,0],"19":[0,0],"20":[0,0],"21":[0,0],"22":[0,0],"23":[0,0],"24":[0,0],"25":[0,0],"26":[0,0]}}
,"B:\\project\\resume-ats\\app\\api\\auth\\[...nextauth]\\route.ts": {"path":"B:\\project\\resume-ats\\app\\api\\auth\\[...nextauth]\\route.ts","statementMap":{"0":{"start":{"line":6,"column":9},"end":{"line":6,"column":20}},"1":{"start":{"line":6,"column":25},"end":{"line":6,"column":36}},"2":{"start":{"line":1,"column":21},"end":{"line":1,"column":null}},"3":{"start":{"line":2,"column":28},"end":{"line":2,"column":null}},"4":{"start":{"line":4,"column":16},"end":{"line":4,"column":null}}},"fnMap":{},"branchMap":{},"s":{"0":0,"1":0,"2":0,"3":0,"4":0},"f":{},"b":{}}
,"B:\\project\\resume-ats\\app\\api\\health\\route.ts": {"path":"B:\\project\\resume-ats\\app\\api\\health\\route.ts","statementMap":{"0":{"start":{"line":38,"column":22},"end":{"line":38,"column":null}},"1":{"start":{"line":1,"column":29},"end":{"line":1,"column":null}},"2":{"start":{"line":2,"column":40},"end":{"line":2,"column":null}},"3":{"start":{"line":3,"column":20},"end":{"line":3,"column":null}},"4":{"start":{"line":4,"column":28},"end":{"line":4,"column":null}},"5":{"start":{"line":5,"column":15},"end":{"line":5,"column":null}},"6":{"start":{"line":6,"column":17},"end":{"line":6,"column":null}},"7":{"start":{"line":39,"column":20},"end":{"line":39,"column":null}},"8":{"start":{"line":41,"column":2},"end":{"line":188,"column":null}},"9":{"start":{"line":42,"column":44},"end":{"line":54,"column":null}},"10":{"start":{"line":57,"column":4},"end":{"line":69,"column":null}},"11":{"start":{"line":58,"column":23},"end":{"line":58,"column":null}},"12":{"start":{"line":59,"column":6},"end":{"line":63,"column":null}},"13":{"start":{"line":65,"column":6},"end":{"line":68,"column":null}},"14":{"start":{"line":72,"column":4},"end":{"line":86,"column":null}},"15":{"start":{"line":73,"column":27},"end":{"line":73,"column":null}},"16":{"start":{"line":74,"column":6},"end":{"line":74,"column":null}},"17":{"start":{"line":75,"column":25},"end":{"line":75,"column":null}},"18":{"start":{"line":77,"column":6},"end":{"line":80,"column":null}},"19":{"start":{"line":82,"column":6},"end":{"line":85,"column":null}},"20":{"start":{"line":89,"column":4},"end":{"line":113,"column":null}},"21":{"start":{"line":90,"column":23},"end":{"line":90,"column":null}},"22":{"start":{"line":91,"column":23},"end":{"line":91,"column":41}},"23":{"start":{"line":92,"column":22},"end":{"line":92,"column":39}},"24":{"start":{"line":93,"column":28},"end":{"line":93,"column":null}},"25":{"start":{"line":95,"column":48},"end":{"line":95,"column":null}},"26":{"start":{"line":96,"column":6},"end":{"line":97,"column":null}},"27":{"start":{"line":96,"column":30},"end":{"line":96,"column":null}},"28":{"start":{"line":97,"column":11},"end":{"line":97,"column":null}},"29":{"start":{"line":97,"column":35},"end":{"line":97,"column":null}},"30":{"start":{"line":99,"column":6},"end":{"line":104,"column":null}},"31":{"start":{"line":106,"column":6},"end":{"line":111,"column":null}},"32":{"start":{"line":112,"column":6},"end":{"line":112,"column":null}},"33":{"start":{"line":116,"column":4},"end":{"line":143,"column":null}},"34":{"start":{"line":117,"column":21},"end":{"line":117,"column":null}},"35":{"start":{"line":118,"column":22},"end":{"line":118,"column":null}},"36":{"start":{"line":120,"column":6},"end":{"line":127,"column":null}},"37":{"start":{"line":121,"column":22},"end":{"line":121,"column":null}},"38":{"start":{"line":122,"column":8},"end":{"line":126,"column":null}},"39":{"start":{"line":123,"column":27},"end":{"line":123,"column":null}},"40":{"start":{"line":124,"column":24},"end":{"line":124,"column":null}},"41":{"start":{"line":125,"column":10},"end":{"line":125,"column":null}},"42":{"start":{"line":129,"column":25},"end":{"line":129,"column":null}},"43":{"start":{"line":130,"column":49},"end":{"line":130,"column":null}},"44":{"start":{"line":134,"column":6},"end":{"line":137,"column":null}},"45":{"start":{"line":139,"column":6},"end":{"line":141,"column":null}},"46":{"start":{"line":142,"column":6},"end":{"line":142,"column":null}},"47":{"start":{"line":146,"column":19},"end":{"line":146,"column":null}},"48":{"start":{"line":147,"column":24},"end":{"line":147,"column":null}},"49":{"start":{"line":147,"column":45},"end":{"line":147,"column":null}},"50":{"start":{"line":148,"column":24},"end":{"line":148,"column":null}},"51":{"start":{"line":148,"column":45},"end":{"line":148,"column":null}},"52":{"start":{"line":150,"column":4},"end":{"line":154,"column":null}},"53":{"start":{"line":151,"column":6},"end":{"line":151,"column":null}},"54":{"start":{"line":152,"column":11},"end":{"line":154,"column":null}},"55":{"start":{"line":153,"column":6},"end":{"line":153,"column":null}},"56":{"start":{"line":157,"column":4},"end":{"line":162,"column":null}},"57":{"start":{"line":165,"column":23},"end":{"line":166,"column":null}},"58":{"start":{"line":168,"column":4},"end":{"line":168,"column":null}},"59":{"start":{"line":171,"column":25},"end":{"line":171,"column":null}},"60":{"start":{"line":173,"column":4},"end":{"line":176,"column":null}},"61":{"start":{"line":178,"column":4},"end":{"line":186,"column":null}}},"fnMap":{"0":{"name":"GET","decl":{"start":{"line":38,"column":22},"end":{"line":38,"column":null}},"loc":{"start":{"line":38,"column":22},"end":{"line":189,"column":null}}},"1":{"name":"(anonymous_3)","decl":{"start":{"line":147,"column":36},"end":{"line":147,"column":45}},"loc":{"start":{"line":147,"column":45},"end":{"line":147,"column":null}}},"2":{"name":"(anonymous_4)","decl":{"start":{"line":148,"column":36},"end":{"line":148,"column":45}},"loc":{"start":{"line":148,"column":45},"end":{"line":148,"column":null}}}},"branchMap":{"0":{"loc":{"start":{"line":45,"column":19},"end":{"line":45,"column":null}},"type":"binary-expr","locations":[{"start":{"line":45,"column":19},"end":{"line":45,"column":39}},{"start":{"line":45,"column":43},"end":{"line":45,"column":null}}]},"1":{"loc":{"start":{"line":46,"column":15},"end":{"line":46,"column":null}},"type":"binary-expr","locations":[{"start":{"line":46,"column":15},"end":{"line":46,"column":46}},{"start":{"line":46,"column":50},"end":{"line":46,"column":null}}]},"2":{"loc":{"start":{"line":60,"column":16},"end":{"line":60,"column":null}},"type":"cond-expr","locations":[{"start":{"line":60,"column":39},"end":{"line":60,"column":48}},{"start":{"line":60,"column":48},"end":{"line":60,"column":null}}]},"3":{"loc":{"start":{"line":67,"column":15},"end":{"line":67,"column":null}},"type":"cond-expr","locations":[{"start":{"line":67,"column":40},"end":{"line":67,"column":53}},{"start":{"line":67,"column":56},"end":{"line":67,"column":null}}]},"4":{"loc":{"start":{"line":84,"column":15},"end":{"line":84,"column":null}},"type":"cond-expr","locations":[{"start":{"line":84,"column":40},"end":{"line":84,"column":53}},{"start":{"line":84,"column":56},"end":{"line":84,"column":null}}]},"5":{"loc":{"start":{"line":96,"column":6},"end":{"line":97,"column":null}},"type":"if","locations":[{"start":{"line":96,"column":6},"end":{"line":97,"column":null}},{"start":{"line":97,"column":11},"end":{"line":97,"column":null}}]},"6":{"loc":{"start":{"line":97,"column":11},"end":{"line":97,"column":null}},"type":"if","locations":[{"start":{"line":97,"column":11},"end":{"line":97,"column":null}}]},"7":{"loc":{"start":{"line":112,"column":47},"end":{"line":112,"column":104}},"type":"cond-expr","locations":[{"start":{"line":112,"column":72},"end":{"line":112,"column":85}},{"start":{"line":112,"column":88},"end":{"line":112,"column":104}}]},"8":{"loc":{"start":{"line":120,"column":6},"end":{"line":127,"column":null}},"type":"if","locations":[{"start":{"line":120,"column":6},"end":{"line":127,"column":null}}]},"9":{"loc":{"start":{"line":142,"column":45},"end":{"line":142,"column":102}},"type":"cond-expr","locations":[{"start":{"line":142,"column":70},"end":{"line":142,"column":83}},{"start":{"line":142,"column":86},"end":{"line":142,"column":102}}]},"10":{"loc":{"start":{"line":150,"column":4},"end":{"line":154,"column":null}},"type":"if","locations":[{"start":{"line":150,"column":4},"end":{"line":154,"column":null}},{"start":{"line":152,"column":11},"end":{"line":154,"column":null}}]},"11":{"loc":{"start":{"line":152,"column":11},"end":{"line":154,"column":null}},"type":"if","locations":[{"start":{"line":152,"column":11},"end":{"line":154,"column":null}}]},"12":{"loc":{"start":{"line":165,"column":23},"end":{"line":166,"column":null}},"type":"cond-expr","locations":[{"start":{"line":165,"column":59},"end":{"line":165,"column":null}},{"start":{"line":166,"column":22},"end":{"line":166,"column":null}}]},"13":{"loc":{"start":{"line":166,"column":22},"end":{"line":166,"column":null}},"type":"cond-expr","locations":[{"start":{"line":166,"column":59},"end":{"line":166,"column":65}},{"start":{"line":166,"column":65},"end":{"line":166,"column":null}}]},"14":{"loc":{"start":{"line":171,"column":25},"end":{"line":171,"column":null}},"type":"cond-expr","locations":[{"start":{"line":171,"column":50},"end":{"line":171,"column":63}},{"start":{"line":171,"column":66},"end":{"line":171,"column":null}}]},"15":{"loc":{"start":{"line":182,"column":21},"end":{"line":182,"column":null}},"type":"binary-expr","locations":[{"start":{"line":182,"column":21},"end":{"line":182,"column":41}},{"start":{"line":182,"column":45},"end":{"line":182,"column":null}}]}},"s":{"0":0,"1":0,"2":0,"3":0,"4":0,"5":0,"6":0,"7":0,"8":0,"9":0,"10":0,"11":0,"12":0,"13":0,"14":0,"15":0,"16":0,"17":0,"18":0,"19":0,"20":0,"21":0,"22":0,"23":0,"24":0,"25":0,"26":0,"27":0,"28":0,"29":0,"30":0,"31":0,"32":0,"33":0,"34":0,"35":0,"36":0,"37":0,"38":0,"39":0,"40":0,"41":0,"42":0,"43":0,"44":0,"45":0,"46":0,"47":0,"48":0,"49":0,"50":0,"51":0,"52":0,"53":0,"54":0,"55":0,"56":0,"57":0,"58":0,"59":0,"60":0,"61":0},"f":{"0":0,"1":0,"2":0},"b":{"0":[0,0],"1":[0,0],"2":[0,0],"3":[0,0],"4":[0,0],"5":[0,0],"6":[0],"7":[0,0],"8":[0],"9":[0,0],"10":[0,0],"11":[0],"12":[0,0],"13":[0,0],"14":[0,0],"15":[0,0]}}
,"B:\\project\\resume-ats\\app\\api\\monitoring\\route.ts": {"path":"B:\\project\\resume-ats\\app\\api\\monitoring\\route.ts","statementMap":{"0":{"start":{"line":7,"column":22},"end":{"line":7,"column":26}},"1":{"start":{"line":1,"column":29},"end":{"line":1,"column":null}},"2":{"start":{"line":2,"column":33},"end":{"line":2,"column":null}},"3":{"start":{"line":4,"column":28},"end":{"line":4,"column":null}},"4":{"start":{"line":5,"column":20},"end":{"line":5,"column":null}},"5":{"start":{"line":8,"column":32},"end":{"line":8,"column":null}},"6":{"start":{"line":9,"column":2},"end":{"line":138,"column":null}},"7":{"start":{"line":10,"column":4},"end":{"line":10,"column":null}},"8":{"start":{"line":13,"column":4},"end":{"line":15,"column":null}},"9":{"start":{"line":14,"column":6},"end":{"line":14,"column":null}},"10":{"start":{"line":17,"column":29},"end":{"line":17,"column":null}},"11":{"start":{"line":18,"column":22},"end":{"line":18,"column":null}},"12":{"start":{"line":21,"column":16},"end":{"line":21,"column":null}},"13":{"start":{"line":22,"column":22},"end":{"line":22,"column":null}},"14":{"start":{"line":24,"column":4},"end":{"line":39,"column":null}},"15":{"start":{"line":26,"column":8},"end":{"line":26,"column":null}},"16":{"start":{"line":27,"column":8},"end":{"line":27,"column":null}},"17":{"start":{"line":29,"column":8},"end":{"line":29,"column":null}},"18":{"start":{"line":30,"column":8},"end":{"line":30,"column":null}},"19":{"start":{"line":32,"column":8},"end":{"line":32,"column":null}},"20":{"start":{"line":33,"column":8},"end":{"line":33,"column":null}},"21":{"start":{"line":35,"column":8},"end":{"line":35,"column":null}},"22":{"start":{"line":36,"column":8},"end":{"line":36,"column":null}},"23":{"start":{"line":38,"column":8},"end":{"line":38,"column":null}},"24":{"start":{"line":42,"column":25},"end":{"line":48,"column":null}},"25":{"start":{"line":51,"column":22},"end":{"line":72,"column":null}},"26":{"start":{"line":75,"column":31},"end":{"line":97,"column":null}},"27":{"start":{"line":100,"column":21},"end":{"line":111,"column":null}},"28":{"start":{"line":113,"column":23},"end":{"line":119,"column":null}},"29":{"start":{"line":121,"column":4},"end":{"line":125,"column":null}},"30":{"start":{"line":127,"column":4},"end":{"line":127,"column":null}},"31":{"start":{"line":129,"column":4},"end":{"line":132,"column":null}},"32":{"start":{"line":134,"column":4},"end":{"line":136,"column":null}},"33":{"start":{"line":142,"column":2},"end":{"line":161,"column":null}},"34":{"start":{"line":144,"column":18},"end":{"line":144,"column":null}},"35":{"start":{"line":146,"column":33},"end":{"line":146,"column":58}},"36":{"start":{"line":147,"column":25},"end":{"line":147,"column":null}},"37":{"start":{"line":149,"column":4},"end":{"line":154,"column":null}},"38":{"start":{"line":156,"column":4},"end":{"line":160,"column":null}},"39":{"start":{"line":165,"column":16},"end":{"line":165,"column":null}},"40":{"start":{"line":166,"column":2},"end":{"line":172,"column":null}},"41":{"start":{"line":176,"column":17},"end":{"line":176,"column":19}},"42":{"start":{"line":179,"column":2},"end":{"line":187,"column":null}},"43":{"start":{"line":180,"column":4},"end":{"line":186,"column":null}},"44":{"start":{"line":190,"column":2},"end":{"line":198,"column":null}},"45":{"start":{"line":191,"column":4},"end":{"line":197,"column":null}},"46":{"start":{"line":202,"column":4},"end":{"line":203,"column":61}},"47":{"start":{"line":206,"column":2},"end":{"line":214,"column":null}},"48":{"start":{"line":207,"column":4},"end":{"line":213,"column":null}},"49":{"start":{"line":217,"column":25},"end":{"line":217,"column":null}},"50":{"start":{"line":217,"column":61},"end":{"line":217,"column":null}},"51":{"start":{"line":218,"column":2},"end":{"line":226,"column":null}},"52":{"start":{"line":219,"column":4},"end":{"line":225,"column":null}},"53":{"start":{"line":228,"column":2},"end":{"line":228,"column":null}}},"fnMap":{"0":{"name":"GET","decl":{"start":{"line":7,"column":22},"end":{"line":7,"column":26}},"loc":{"start":{"line":7,"column":42},"end":{"line":139,"column":null}}},"1":{"name":"checkDatabaseHealth","decl":{"start":{"line":141,"column":15},"end":{"line":141,"column":null}},"loc":{"start":{"line":141,"column":15},"end":{"line":162,"column":null}}},"2":{"name":"(anonymous_3)","decl":{"start":{"line":146,"column":22},"end":{"line":146,"column":33}},"loc":{"start":{"line":146,"column":33},"end":{"line":146,"column":58}}},"3":{"name":"getMemoryUsage","decl":{"start":{"line":164,"column":9},"end":{"line":164,"column":null}},"loc":{"start":{"line":164,"column":9},"end":{"line":173,"column":null}}},"4":{"name":"generateAlerts","decl":{"start":{"line":175,"column":9},"end":{"line":175,"column":24}},"loc":{"start":{"line":175,"column":86},"end":{"line":229,"column":null}}},"5":{"name":"(anonymous_6)","decl":{"start":{"line":201,"column":40},"end":{"line":201,"column":null}},"loc":{"start":{"line":202,"column":4},"end":{"line":203,"column":61}}},"6":{"name":"(anonymous_7)","decl":{"start":{"line":217,"column":51},"end":{"line":217,"column":61}},"loc":{"start":{"line":217,"column":61},"end":{"line":217,"column":null}}}},"branchMap":{"0":{"loc":{"start":{"line":13,"column":4},"end":{"line":15,"column":null}},"type":"if","locations":[{"start":{"line":13,"column":4},"end":{"line":15,"column":null}}]},"1":{"loc":{"start":{"line":18,"column":22},"end":{"line":18,"column":null}},"type":"binary-expr","locations":[{"start":{"line":18,"column":22},"end":{"line":18,"column":55}},{"start":{"line":18,"column":55},"end":{"line":18,"column":null}}]},"2":{"loc":{"start":{"line":24,"column":4},"end":{"line":39,"column":null}},"type":"switch","locations":[{"start":{"line":25,"column":6},"end":{"line":27,"column":null}},{"start":{"line":28,"column":6},"end":{"line":30,"column":null}},{"start":{"line":31,"column":6},"end":{"line":33,"column":null}},{"start":{"line":34,"column":6},"end":{"line":36,"column":null}},{"start":{"line":37,"column":6},"end":{"line":38,"column":null}}]},"3":{"loc":{"start":{"line":47,"column":19},"end":{"line":47,"column":null}},"type":"binary-expr","locations":[{"start":{"line":47,"column":19},"end":{"line":47,"column":39}},{"start":{"line":47,"column":43},"end":{"line":47,"column":null}}]},"4":{"loc":{"start":{"line":130,"column":15},"end":{"line":130,"column":null}},"type":"cond-expr","locations":[{"start":{"line":130,"column":40},"end":{"line":130,"column":53}},{"start":{"line":130,"column":56},"end":{"line":130,"column":null}}]},"5":{"loc":{"start":{"line":131,"column":14},"end":{"line":131,"column":null}},"type":"binary-expr","locations":[{"start":{"line":131,"column":14},"end":{"line":131,"column":35}},{"start":{"line":131,"column":35},"end":{"line":131,"column":null}}]},"6":{"loc":{"start":{"line":158,"column":13},"end":{"line":158,"column":null}},"type":"cond-expr","locations":[{"start":{"line":158,"column":38},"end":{"line":158,"column":51}},{"start":{"line":158,"column":54},"end":{"line":158,"column":null}}]},"7":{"loc":{"start":{"line":179,"column":2},"end":{"line":187,"column":null}},"type":"if","locations":[{"start":{"line":179,"column":2},"end":{"line":187,"column":null}}]},"8":{"loc":{"start":{"line":190,"column":2},"end":{"line":198,"column":null}},"type":"if","locations":[{"start":{"line":190,"column":2},"end":{"line":198,"column":null}}]},"9":{"loc":{"start":{"line":202,"column":4},"end":{"line":203,"column":61}},"type":"binary-expr","locations":[{"start":{"line":202,"column":4},"end":{"line":202,"column":null}},{"start":{"line":203,"column":4},"end":{"line":203,"column":61}}]},"10":{"loc":{"start":{"line":206,"column":2},"end":{"line":214,"column":null}},"type":"if","locations":[{"start":{"line":206,"column":2},"end":{"line":214,"column":null}}]},"11":{"loc":{"start":{"line":218,"column":2},"end":{"line":226,"column":null}},"type":"if","locations":[{"start":{"line":218,"column":2},"end":{"line":226,"column":null}}]}},"s":{"0":0,"1":0,"2":0,"3":0,"4":0,"5":0,"6":0,"7":0,"8":0,"9":0,"10":0,"11":0,"12":0,"13":0,"14":0,"15":0,"16":0,"17":0,"18":0,"19":0,"20":0,"21":0,"22":0,"23":0,"24":0,"25":0,"26":0,"27":0,"28":0,"29":0,"30":0,"31":0,"32":0,"33":0,"34":0,"35":0,"36":0,"37":0,"38":0,"39":0,"40":0,"41":0,"42":0,"43":0,"44":0,"45":0,"46":0,"47":0,"48":0,"49":0,"50":0,"51":0,"52":0,"53":0},"f":{"0":0,"1":0,"2":0,"3":0,"4":0,"5":0,"6":0},"b":{"0":[0],"1":[0,0],"2":[0,0,0,0,0],"3":[0,0],"4":[0,0],"5":[0,0],"6":[0,0],"7":[0],"8":[0],"9":[0,0],"10":[0],"11":[0]}}
,"B:\\project\\resume-ats\\app\\api\\register\\route.ts": {"path":"B:\\project\\resume-ats\\app\\api\\register\\route.ts","statementMap":{"0":{"start":{"line":6,"column":22},"end":{"line":6,"column":27}},"1":{"start":{"line":1,"column":29},"end":{"line":1,"column":null}},"2":{"start":{"line":2,"column":23},"end":{"line":2,"column":null}},"3":{"start":{"line":3,"column":29},"end":{"line":3,"column":null}},"4":{"start":{"line":4,"column":31},"end":{"line":4,"column":null}},"5":{"start":{"line":7,"column":2},"end":{"line":48,"column":null}},"6":{"start":{"line":8,"column":17},"end":{"line":8,"column":null}},"7":{"start":{"line":9,"column":38},"end":{"line":9,"column":null}},"8":{"start":{"line":11,"column":4},"end":{"line":13,"column":null}},"9":{"start":{"line":12,"column":6},"end":{"line":12,"column":null}},"10":{"start":{"line":16,"column":25},"end":{"line":20,"column":null}},"11":{"start":{"line":22,"column":4},"end":{"line":24,"column":null}},"12":{"start":{"line":23,"column":6},"end":{"line":23,"column":null}},"13":{"start":{"line":27,"column":27},"end":{"line":27,"column":null}},"14":{"start":{"line":30,"column":17},"end":{"line":36,"column":null}},"15":{"start":{"line":38,"column":4},"end":{"line":44,"column":null}},"16":{"start":{"line":47,"column":4},"end":{"line":47,"column":null}}},"fnMap":{"0":{"name":"POST","decl":{"start":{"line":6,"column":22},"end":{"line":6,"column":27}},"loc":{"start":{"line":6,"column":43},"end":{"line":49,"column":null}}}},"branchMap":{"0":{"loc":{"start":{"line":11,"column":4},"end":{"line":13,"column":null}},"type":"if","locations":[{"start":{"line":11,"column":4},"end":{"line":13,"column":null}}]},"1":{"loc":{"start":{"line":11,"column":8},"end":{"line":11,"column":38}},"type":"binary-expr","locations":[{"start":{"line":11,"column":8},"end":{"line":11,"column":17}},{"start":{"line":11,"column":17},"end":{"line":11,"column":27}},{"start":{"line":11,"column":27},"end":{"line":11,"column":38}}]},"2":{"loc":{"start":{"line":22,"column":4},"end":{"line":24,"column":null}},"type":"if","locations":[{"start":{"line":22,"column":4},"end":{"line":24,"column":null}}]}},"s":{"0":0,"1":0,"2":0,"3":0,"4":0,"5":0,"6":0,"7":0,"8":0,"9":0,"10":0,"11":0,"12":0,"13":0,"14":0,"15":0,"16":0},"f":{"0":0},"b":{"0":[0],"1":[0,0,0],"2":[0]}}
,"B:\\project\\resume-ats\\app\\api\\resumes\\[id]\\route.ts": {"path":"B:\\project\\resume-ats\\app\\api\\resumes\\[id]\\route.ts","statementMap":{"0":{"start":{"line":60,"column":22},"end":{"line":60,"column":28}},"1":{"start":{"line":6,"column":22},"end":{"line":6,"column":25}},"2":{"start":{"line":1,"column":29},"end":{"line":1,"column":null}},"3":{"start":{"line":2,"column":33},"end":{"line":2,"column":null}},"4":{"start":{"line":3,"column":28},"end":{"line":3,"column":null}},"5":{"start":{"line":4,"column":23},"end":{"line":4,"column":null}},"6":{"start":{"line":7,"column":2},"end":{"line":57,"column":null}},"7":{"start":{"line":8,"column":20},"end":{"line":8,"column":null}},"8":{"start":{"line":10,"column":4},"end":{"line":12,"column":null}},"9":{"start":{"line":11,"column":6},"end":{"line":11,"column":null}},"10":{"start":{"line":14,"column":19},"end":{"line":14,"column":null}},"11":{"start":{"line":15,"column":27},"end":{"line":15,"column":47}},"12":{"start":{"line":16,"column":21},"end":{"line":16,"column":null}},"13":{"start":{"line":19,"column":4},"end":{"line":21,"column":null}},"14":{"start":{"line":20,"column":6},"end":{"line":20,"column":null}},"15":{"start":{"line":24,"column":19},"end":{"line":46,"column":null}},"16":{"start":{"line":48,"column":4},"end":{"line":50,"column":9}},"17":{"start":{"line":49,"column":6},"end":{"line":49,"column":null}},"18":{"start":{"line":50,"column":9},"end":{"line":50,"column":null}},"19":{"start":{"line":53,"column":4},"end":{"line":55,"column":null}},"20":{"start":{"line":61,"column":2},"end":{"line":103,"column":null}},"21":{"start":{"line":62,"column":20},"end":{"line":62,"column":null}},"22":{"start":{"line":64,"column":4},"end":{"line":66,"column":null}},"23":{"start":{"line":65,"column":6},"end":{"line":65,"column":null}},"24":{"start":{"line":68,"column":19},"end":{"line":68,"column":null}},"25":{"start":{"line":69,"column":27},"end":{"line":69,"column":47}},"26":{"start":{"line":70,"column":21},"end":{"line":70,"column":null}},"27":{"start":{"line":73,"column":4},"end":{"line":75,"column":null}},"28":{"start":{"line":74,"column":6},"end":{"line":74,"column":null}},"29":{"start":{"line":78,"column":19},"end":{"line":83,"column":null}},"30":{"start":{"line":85,"column":4},"end":{"line":87,"column":null}},"31":{"start":{"line":86,"column":6},"end":{"line":86,"column":null}},"32":{"start":{"line":90,"column":4},"end":{"line":94,"column":null}},"33":{"start":{"line":96,"column":4},"end":{"line":96,"column":91}},"34":{"start":{"line":98,"column":4},"end":{"line":98,"column":null}},"35":{"start":{"line":99,"column":4},"end":{"line":101,"column":null}}},"fnMap":{"0":{"name":"GET","decl":{"start":{"line":6,"column":22},"end":{"line":6,"column":25}},"loc":{"start":{"line":6,"column":88},"end":{"line":58,"column":null}}},"1":{"name":"DELETE","decl":{"start":{"line":60,"column":22},"end":{"line":60,"column":28}},"loc":{"start":{"line":60,"column":91},"end":{"line":104,"column":null}}}},"branchMap":{"0":{"loc":{"start":{"line":10,"column":4},"end":{"line":12,"column":null}},"type":"if","locations":[{"start":{"line":10,"column":4},"end":{"line":12,"column":null}}]},"1":{"loc":{"start":{"line":19,"column":4},"end":{"line":21,"column":null}},"type":"if","locations":[{"start":{"line":19,"column":4},"end":{"line":21,"column":null}}]},"2":{"loc":{"start":{"line":48,"column":4},"end":{"line":50,"column":9}},"type":"if","locations":[{"start":{"line":48,"column":4},"end":{"line":50,"column":9}}]},"3":{"loc":{"start":{"line":64,"column":4},"end":{"line":66,"column":null}},"type":"if","locations":[{"start":{"line":64,"column":4},"end":{"line":66,"column":null}}]},"4":{"loc":{"start":{"line":73,"column":4},"end":{"line":75,"column":null}},"type":"if","locations":[{"start":{"line":73,"column":4},"end":{"line":75,"column":null}}]},"5":{"loc":{"start":{"line":85,"column":4},"end":{"line":87,"column":null}},"type":"if","locations":[{"start":{"line":85,"column":4},"end":{"line":87,"column":null}}]}},"s":{"0":0,"1":0,"2":0,"3":0,"4":0,"5":0,"6":0,"7":0,"8":0,"9":0,"10":0,"11":0,"12":0,"13":0,"14":0,"15":0,"16":0,"17":0,"18":0,"19":0,"20":0,"21":0,"22":0,"23":0,"24":0,"25":0,"26":0,"27":0,"28":0,"29":0,"30":0,"31":0,"32":0,"33":0,"34":0,"35":0},"f":{"0":0,"1":0},"b":{"0":[0],"1":[0],"2":[0],"3":[0],"4":[0],"5":[0]}}
,"B:\\project\\resume-ats\\app\\api\\resumes\\[id]\\delete\\route.ts": {"path":"B:\\project\\resume-ats\\app\\api\\resumes\\[id]\\delete\\route.ts","statementMap":{"0":{"start":{"line":6,"column":22},"end":{"line":6,"column":27}},"1":{"start":{"line":1,"column":29},"end":{"line":1,"column":null}},"2":{"start":{"line":2,"column":33},"end":{"line":2,"column":null}},"3":{"start":{"line":3,"column":28},"end":{"line":3,"column":null}},"4":{"start":{"line":4,"column":23},"end":{"line":4,"column":null}},"5":{"start":{"line":7,"column":2},"end":{"line":41,"column":null}},"6":{"start":{"line":8,"column":20},"end":{"line":8,"column":null}},"7":{"start":{"line":10,"column":4},"end":{"line":12,"column":null}},"8":{"start":{"line":11,"column":6},"end":{"line":11,"column":null}},"9":{"start":{"line":14,"column":19},"end":{"line":14,"column":null}},"10":{"start":{"line":15,"column":27},"end":{"line":15,"column":null}},"11":{"start":{"line":16,"column":21},"end":{"line":16,"column":null}},"12":{"start":{"line":19,"column":19},"end":{"line":24,"column":null}},"13":{"start":{"line":26,"column":4},"end":{"line":28,"column":null}},"14":{"start":{"line":27,"column":6},"end":{"line":27,"column":null}},"15":{"start":{"line":31,"column":4},"end":{"line":35,"column":null}},"16":{"start":{"line":37,"column":4},"end":{"line":37,"column":null}},"17":{"start":{"line":39,"column":4},"end":{"line":39,"column":null}},"18":{"start":{"line":40,"column":4},"end":{"line":40,"column":null}}},"fnMap":{"0":{"name":"POST","decl":{"start":{"line":6,"column":22},"end":{"line":6,"column":27}},"loc":{"start":{"line":6,"column":92},"end":{"line":42,"column":null}}}},"branchMap":{"0":{"loc":{"start":{"line":10,"column":4},"end":{"line":12,"column":null}},"type":"if","locations":[{"start":{"line":10,"column":4},"end":{"line":12,"column":null}}]},"1":{"loc":{"start":{"line":26,"column":4},"end":{"line":28,"column":null}},"type":"if","locations":[{"start":{"line":26,"column":4},"end":{"line":28,"column":null}}]}},"s":{"0":0,"1":0,"2":0,"3":0,"4":0,"5":0,"6":0,"7":0,"8":0,"9":0,"10":0,"11":0,"12":0,"13":0,"14":0,"15":0,"16":0,"17":0,"18":0},"f":{"0":0},"b":{"0":[0],"1":[0]}}
,"B:\\project\\resume-ats\\app\\api\\resumes\\upload\\route.ts": {"path":"B:\\project\\resume-ats\\app\\api\\resumes\\upload\\route.ts","statementMap":{"0":{"start":{"line":12,"column":22},"end":{"line":12,"column":27}},"1":{"start":{"line":1,"column":29},"end":{"line":1,"column":null}},"2":{"start":{"line":2,"column":33},"end":{"line":2,"column":null}},"3":{"start":{"line":3,"column":28},"end":{"line":3,"column":null}},"4":{"start":{"line":4,"column":23},"end":{"line":4,"column":null}},"5":{"start":{"line":5,"column":30},"end":{"line":5,"column":null}},"6":{"start":{"line":6,"column":36},"end":{"line":6,"column":null}},"7":{"start":{"line":7,"column":44},"end":{"line":7,"column":null}},"8":{"start":{"line":8,"column":20},"end":{"line":8,"column":null}},"9":{"start":{"line":9,"column":34},"end":{"line":9,"column":null}},"10":{"start":{"line":13,"column":20},"end":{"line":13,"column":null}},"11":{"start":{"line":16,"column":32},"end":{"line":16,"column":null}},"12":{"start":{"line":18,"column":2},"end":{"line":303,"column":null}},"13":{"start":{"line":20,"column":21},"end":{"line":20,"column":null}},"14":{"start":{"line":21,"column":26},"end":{"line":21,"column":null}},"15":{"start":{"line":22,"column":4},"end":{"line":28,"column":null}},"16":{"start":{"line":23,"column":6},"end":{"line":26,"column":null}},"17":{"start":{"line":27,"column":6},"end":{"line":27,"column":null}},"18":{"start":{"line":30,"column":4},"end":{"line":30,"column":null}},"19":{"start":{"line":32,"column":4},"end":{"line":37,"column":null}},"20":{"start":{"line":33,"column":6},"end":{"line":35,"column":null}},"21":{"start":{"line":36,"column":6},"end":{"line":36,"column":null}},"22":{"start":{"line":39,"column":19},"end":{"line":39,"column":null}},"23":{"start":{"line":40,"column":21},"end":{"line":40,"column":null}},"24":{"start":{"line":42,"column":18},"end":{"line":42,"column":null}},"25":{"start":{"line":43,"column":23},"end":{"line":43,"column":null}},"26":{"start":{"line":44,"column":27},"end":{"line":44,"column":null}},"27":{"start":{"line":47,"column":29},"end":{"line":51,"column":null}},"28":{"start":{"line":53,"column":4},"end":{"line":63,"column":null}},"29":{"start":{"line":54,"column":6},"end":{"line":58,"column":null}},"30":{"start":{"line":59,"column":6},"end":{"line":61,"column":null}},"31":{"start":{"line":65,"column":4},"end":{"line":71,"column":null}},"32":{"start":{"line":66,"column":6},"end":{"line":69,"column":null}},"33":{"start":{"line":70,"column":6},"end":{"line":70,"column":null}},"34":{"start":{"line":74,"column":27},"end":{"line":74,"column":null}},"35":{"start":{"line":75,"column":4},"end":{"line":84,"column":null}},"36":{"start":{"line":76,"column":6},"end":{"line":82,"column":null}},"37":{"start":{"line":83,"column":6},"end":{"line":83,"column":null}},"38":{"start":{"line":86,"column":4},"end":{"line":93,"column":null}},"39":{"start":{"line":96,"column":32},"end":{"line":96,"column":null}},"40":{"start":{"line":97,"column":26},"end":{"line":97,"column":null}},"41":{"start":{"line":98,"column":4},"end":{"line":102,"column":null}},"42":{"start":{"line":105,"column":19},"end":{"line":113,"column":null}},"43":{"start":{"line":127,"column":4},"end":{"line":131,"column":null}},"44":{"start":{"line":135,"column":4},"end":{"line":144,"column":null}},"45":{"start":{"line":136,"column":25},"end":{"line":142,"column":null}},"46":{"start":{"line":143,"column":6},"end":{"line":143,"column":null}},"47":{"start":{"line":147,"column":30},"end":{"line":147,"column":null}},"48":{"start":{"line":148,"column":27},"end":{"line":148,"column":null}},"49":{"start":{"line":149,"column":25},"end":{"line":149,"column":null}},"50":{"start":{"line":151,"column":4},"end":{"line":156,"column":null}},"51":{"start":{"line":159,"column":21},"end":{"line":188,"column":null}},"52":{"start":{"line":191,"column":4},"end":{"line":206,"column":null}},"53":{"start":{"line":192,"column":6},"end":{"line":205,"column":null}},"54":{"start":{"line":193,"column":56},"end":{"line":203,"column":null}},"55":{"start":{"line":209,"column":4},"end":{"line":219,"column":null}},"56":{"start":{"line":210,"column":6},"end":{"line":218,"column":null}},"57":{"start":{"line":211,"column":56},"end":{"line":217,"column":null}},"58":{"start":{"line":222,"column":4},"end":{"line":233,"column":null}},"59":{"start":{"line":223,"column":6},"end":{"line":232,"column":null}},"60":{"start":{"line":224,"column":52},"end":{"line":231,"column":null}},"61":{"start":{"line":235,"column":22},"end":{"line":235,"column":null}},"62":{"start":{"line":237,"column":4},"end":{"line":245,"column":null}},"63":{"start":{"line":247,"column":4},"end":{"line":250,"column":null}},"64":{"start":{"line":252,"column":4},"end":{"line":258,"column":null}},"65":{"start":{"line":261,"column":22},"end":{"line":261,"column":null}},"66":{"start":{"line":262,"column":25},"end":{"line":262,"column":null}},"67":{"start":{"line":264,"column":4},"end":{"line":269,"column":null}},"68":{"start":{"line":272,"column":4},"end":{"line":294,"column":null}},"69":{"start":{"line":296,"column":4},"end":{"line":301,"column":null}}},"fnMap":{"0":{"name":"POST","decl":{"start":{"line":12,"column":22},"end":{"line":12,"column":27}},"loc":{"start":{"line":12,"column":43},"end":{"line":304,"column":null}}},"1":{"name":"(anonymous_2)","decl":{"start":{"line":193,"column":42},"end":{"line":193,"column":43}},"loc":{"start":{"line":193,"column":56},"end":{"line":203,"column":null}}},"2":{"name":"(anonymous_3)","decl":{"start":{"line":211,"column":42},"end":{"line":211,"column":43}},"loc":{"start":{"line":211,"column":56},"end":{"line":217,"column":null}}},"3":{"name":"(anonymous_4)","decl":{"start":{"line":224,"column":40},"end":{"line":224,"column":41}},"loc":{"start":{"line":224,"column":52},"end":{"line":231,"column":null}}}},"branchMap":{"0":{"loc":{"start":{"line":20,"column":21},"end":{"line":20,"column":null}},"type":"binary-expr","locations":[{"start":{"line":20,"column":21},"end":{"line":20,"column":63}},{"start":{"line":20,"column":63},"end":{"line":20,"column":99}},{"start":{"line":20,"column":99},"end":{"line":20,"column":null}}]},"1":{"loc":{"start":{"line":22,"column":4},"end":{"line":28,"column":null}},"type":"if","locations":[{"start":{"line":22,"column":4},"end":{"line":28,"column":null}}]},"2":{"loc":{"start":{"line":32,"column":4},"end":{"line":37,"column":null}},"type":"if","locations":[{"start":{"line":32,"column":4},"end":{"line":37,"column":null}}]},"3":{"loc":{"start":{"line":50,"column":22},"end":{"line":50,"column":null}},"type":"binary-expr","locations":[{"start":{"line":50,"column":22},"end":{"line":50,"column":40}},{"start":{"line":50,"column":40},"end":{"line":50,"column":null}}]},"4":{"loc":{"start":{"line":53,"column":4},"end":{"line":63,"column":null}},"type":"if","locations":[{"start":{"line":53,"column":4},"end":{"line":63,"column":null}}]},"5":{"loc":{"start":{"line":65,"column":4},"end":{"line":71,"column":null}},"type":"if","locations":[{"start":{"line":65,"column":4},"end":{"line":71,"column":null}}]},"6":{"loc":{"start":{"line":75,"column":4},"end":{"line":84,"column":null}},"type":"if","locations":[{"start":{"line":75,"column":4},"end":{"line":84,"column":null}}]},"7":{"loc":{"start":{"line":135,"column":4},"end":{"line":144,"column":null}},"type":"if","locations":[{"start":{"line":135,"column":4},"end":{"line":144,"column":null}}]},"8":{"loc":{"start":{"line":191,"column":4},"end":{"line":206,"column":null}},"type":"if","locations":[{"start":{"line":191,"column":4},"end":{"line":206,"column":null}}]},"9":{"loc":{"start":{"line":191,"column":8},"end":{"line":191,"column":71}},"type":"binary-expr","locations":[{"start":{"line":191,"column":8},"end":{"line":191,"column":31}},{"start":{"line":191,"column":35},"end":{"line":191,"column":71}}]},"10":{"loc":{"start":{"line":200,"column":20},"end":{"line":200,"column":null}},"type":"binary-expr","locations":[{"start":{"line":200,"column":20},"end":{"line":200,"column":36}},{"start":{"line":200,"column":40},"end":{"line":200,"column":null}}]},"11":{"loc":{"start":{"line":201,"column":22},"end":{"line":201,"column":null}},"type":"binary-expr","locations":[{"start":{"line":201,"column":22},"end":{"line":201,"column":40}},{"start":{"line":201,"column":44},"end":{"line":201,"column":null}}]},"12":{"loc":{"start":{"line":202,"column":18},"end":{"line":202,"column":null}},"type":"binary-expr","locations":[{"start":{"line":202,"column":18},"end":{"line":202,"column":32}},{"start":{"line":202,"column":36},"end":{"line":202,"column":null}}]},"13":{"loc":{"start":{"line":209,"column":4},"end":{"line":219,"column":null}},"type":"if","locations":[{"start":{"line":209,"column":4},"end":{"line":219,"column":null}}]},"14":{"loc":{"start":{"line":209,"column":8},"end":{"line":209,"column":71}},"type":"binary-expr","locations":[{"start":{"line":209,"column":8},"end":{"line":209,"column":31}},{"start":{"line":209,"column":35},"end":{"line":209,"column":71}}]},"15":{"loc":{"start":{"line":222,"column":4},"end":{"line":233,"column":null}},"type":"if","locations":[{"start":{"line":222,"column":4},"end":{"line":233,"column":null}}]},"16":{"loc":{"start":{"line":222,"column":8},"end":{"line":222,"column":67}},"type":"binary-expr","locations":[{"start":{"line":222,"column":8},"end":{"line":222,"column":29}},{"start":{"line":222,"column":33},"end":{"line":222,"column":67}}]},"17":{"loc":{"start":{"line":262,"column":25},"end":{"line":262,"column":null}},"type":"cond-expr","locations":[{"start":{"line":262,"column":50},"end":{"line":262,"column":63}},{"start":{"line":262,"column":66},"end":{"line":262,"column":null}}]},"18":{"loc":{"start":{"line":266,"column":14},"end":{"line":266,"column":null}},"type":"binary-expr","locations":[{"start":{"line":266,"column":14},"end":{"line":266,"column":35}},{"start":{"line":266,"column":35},"end":{"line":266,"column":null}}]},"19":{"loc":{"start":{"line":268,"column":13},"end":{"line":268,"column":null}},"type":"cond-expr","locations":[{"start":{"line":268,"column":38},"end":{"line":268,"column":49}},{"start":{"line":268,"column":52},"end":{"line":268,"column":null}}]},"20":{"loc":{"start":{"line":272,"column":4},"end":{"line":294,"column":null}},"type":"if","locations":[{"start":{"line":272,"column":4},"end":{"line":294,"column":null}}]},"21":{"loc":{"start":{"line":299,"column":15},"end":{"line":299,"column":null}},"type":"cond-expr","locations":[{"start":{"line":299,"column":56},"end":{"line":299,"column":71}},{"start":{"line":299,"column":71},"end":{"line":299,"column":null}}]}},"s":{"0":0,"1":0,"2":0,"3":0,"4":0,"5":0,"6":0,"7":0,"8":0,"9":0,"10":0,"11":0,"12":0,"13":0,"14":0,"15":0,"16":0,"17":0,"18":0,"19":0,"20":0,"21":0,"22":0,"23":0,"24":0,"25":0,"26":0,"27":0,"28":0,"29":0,"30":0,"31":0,"32":0,"33":0,"34":0,"35":0,"36":0,"37":0,"38":0,"39":0,"40":0,"41":0,"42":0,"43":0,"44":0,"45":0,"46":0,"47":0,"48":0,"49":0,"50":0,"51":0,"52":0,"53":0,"54":0,"55":0,"56":0,"57":0,"58":0,"59":0,"60":0,"61":0,"62":0,"63":0,"64":0,"65":0,"66":0,"67":0,"68":0,"69":0},"f":{"0":0,"1":0,"2":0,"3":0},"b":{"0":[0,0,0],"1":[0],"2":[0],"3":[0,0],"4":[0],"5":[0],"6":[0],"7":[0],"8":[0],"9":[0,0],"10":[0,0],"11":[0,0],"12":[0,0],"13":[0],"14":[0,0],"15":[0],"16":[0,0],"17":[0,0],"18":[0,0],"19":[0,0],"20":[0],"21":[0,0]}}
,"B:\\project\\resume-ats\\app\\api\\sitemap\\route.ts": {"path":"B:\\project\\resume-ats\\app\\api\\sitemap\\route.ts","statementMap":{"0":{"start":{"line":3,"column":22},"end":{"line":3,"column":null}},"1":{"start":{"line":1,"column":29},"end":{"line":1,"column":null}},"2":{"start":{"line":4,"column":2},"end":{"line":63,"column":null}},"3":{"start":{"line":14,"column":24},"end":{"line":25,"column":null}},"4":{"start":{"line":28,"column":20},"end":{"line":28,"column":null}},"5":{"start":{"line":30,"column":14},"end":{"line":30,"column":null}},"6":{"start":{"line":31,"column":4},"end":{"line":31,"column":null}},"7":{"start":{"line":34,"column":4},"end":{"line":41,"column":null}},"8":{"start":{"line":35,"column":6},"end":{"line":35,"column":null}},"9":{"start":{"line":36,"column":6},"end":{"line":36,"column":null}},"10":{"start":{"line":37,"column":6},"end":{"line":37,"column":null}},"11":{"start":{"line":38,"column":6},"end":{"line":38,"column":null}},"12":{"start":{"line":39,"column":6},"end":{"line":39,"column":null}},"13":{"start":{"line":40,"column":6},"end":{"line":40,"column":null}},"14":{"start":{"line":53,"column":4},"end":{"line":53,"column":null}},"15":{"start":{"line":55,"column":4},"end":{"line":59,"column":null}},"16":{"start":{"line":61,"column":4},"end":{"line":61,"column":null}},"17":{"start":{"line":62,"column":4},"end":{"line":62,"column":null}}},"fnMap":{"0":{"name":"GET","decl":{"start":{"line":3,"column":22},"end":{"line":3,"column":null}},"loc":{"start":{"line":3,"column":22},"end":{"line":64,"column":null}}},"1":{"name":"(anonymous_2)","decl":{"start":{"line":34,"column":24},"end":{"line":34,"column":25}},"loc":{"start":{"line":34,"column":25},"end":{"line":41,"column":null}}}},"branchMap":{},"s":{"0":0,"1":0,"2":0,"3":0,"4":0,"5":0,"6":0,"7":0,"8":0,"9":0,"10":0,"11":0,"12":0,"13":0,"14":0,"15":0,"16":0,"17":0},"f":{"0":0,"1":0},"b":{}}
,"B:\\project\\resume-ats\\app\\blog\\layout.tsx": {"path":"B:\\project\\resume-ats\\app\\blog\\layout.tsx","statementMap":{"0":{"start":{"line":12,"column":24},"end":{"line":12,"column":35}},"1":{"start":{"line":3,"column":13},"end":{"line":3,"column":21}},"2":{"start":{"line":3,"column":34},"end":{"line":10,"column":null}},"3":{"start":{"line":17,"column":2},"end":{"line":17,"column":null}}},"fnMap":{"0":{"name":"BlogLayout","decl":{"start":{"line":12,"column":24},"end":{"line":12,"column":35}},"loc":{"start":{"line":16,"column":1},"end":{"line":18,"column":1}}}},"branchMap":{},"s":{"0":0,"1":0,"2":0,"3":0},"f":{"0":0},"b":{}}
,"B:\\project\\resume-ats\\app\\blog\\page.tsx": {"path":"B:\\project\\resume-ats\\app\\blog\\page.tsx","statementMap":{"0":{"start":{"line":12,"column":24},"end":{"line":12,"column":null}},"1":{"start":{"line":3,"column":17},"end":{"line":3,"column":null}},"2":{"start":{"line":4,"column":23},"end":{"line":4,"column":null}},"3":{"start":{"line":5,"column":75},"end":{"line":5,"column":null}},"4":{"start":{"line":6,"column":23},"end":{"line":6,"column":null}},"5":{"start":{"line":7,"column":29},"end":{"line":7,"column":null}},"6":{"start":{"line":8,"column":25},"end":{"line":8,"column":null}},"7":{"start":{"line":9,"column":50},"end":{"line":9,"column":null}},"8":{"start":{"line":13,"column":2},"end":{"line":13,"column":null}},"9":{"start":{"line":17,"column":20},"end":{"line":17,"column":null}},"10":{"start":{"line":18,"column":24},"end":{"line":18,"column":null}},"11":{"start":{"line":20,"column":25},"end":{"line":27,"column":null}},"12":{"start":{"line":162,"column":18},"end":{"line":163,"column":null}}},"fnMap":{"0":{"name":"BlogPage","decl":{"start":{"line":12,"column":24},"end":{"line":12,"column":null}},"loc":{"start":{"line":12,"column":24},"end":{"line":14,"column":null}}},"1":{"name":"BlogContent","decl":{"start":{"line":16,"column":9},"end":{"line":16,"column":null}},"loc":{"start":{"line":16,"column":9},"end":{"line":257,"column":null}}},"2":{"name":"(anonymous_4)","decl":{"start":{"line":161,"column":31},"end":{"line":161,"column":32}},"loc":{"start":{"line":162,"column":18},"end":{"line":163,"column":null}}}},"branchMap":{"0":{"loc":{"start":{"line":82,"column":9},"end":{"line":82,"column":null}},"type":"binary-expr","locations":[{"start":{"line":82,"column":9},"end":{"line":82,"column":null}}]}},"s":{"0":0,"1":0,"2":0,"3":0,"4":0,"5":0,"6":0,"7":0,"8":0,"9":0,"10":0,"11":0,"12":0},"f":{"0":0,"1":0,"2":0},"b":{"0":[0]}}
,"B:\\project\\resume-ats\\app\\blog\\[slug]\\layout.tsx": {"path":"B:\\project\\resume-ats\\app\\blog\\[slug]\\layout.tsx","statementMap":{"0":{"start":{"line":49,"column":24},"end":{"line":49,"column":39}},"1":{"start":{"line":11,"column":22},"end":{"line":11,"column":38}},"2":{"start":{"line":42,"column":22},"end":{"line":42,"column":42}},"3":{"start":{"line":2,"column":45},"end":{"line":2,"column":null}},"4":{"start":{"line":12,"column":19},"end":{"line":12,"column":null}},"5":{"start":{"line":13,"column":15},"end":{"line":13,"column":null}},"6":{"start":{"line":15,"column":2},"end":{"line":19,"column":null}},"7":{"start":{"line":16,"column":4},"end":{"line":18,"column":null}},"8":{"start":{"line":21,"column":2},"end":{"line":39,"column":null}},"9":{"start":{"line":43,"column":16},"end":{"line":43,"column":null}},"10":{"start":{"line":44,"column":2},"end":{"line":46,"column":null}},"11":{"start":{"line":44,"column":30},"end":{"line":46,"column":null}},"12":{"start":{"line":54,"column":2},"end":{"line":54,"column":null}}},"fnMap":{"0":{"name":"generateMetadata","decl":{"start":{"line":11,"column":22},"end":{"line":11,"column":38}},"loc":{"start":{"line":11,"column":68},"end":{"line":40,"column":null}}},"1":{"name":"generateStaticParams","decl":{"start":{"line":42,"column":22},"end":{"line":42,"column":42}},"loc":{"start":{"line":42,"column":22},"end":{"line":47,"column":null}}},"2":{"name":"(anonymous_6)","decl":{"start":{"line":44,"column":19},"end":{"line":44,"column":20}},"loc":{"start":{"line":44,"column":30},"end":{"line":46,"column":null}}},"3":{"name":"BlogPostLayout","decl":{"start":{"line":49,"column":24},"end":{"line":49,"column":39}},"loc":{"start":{"line":53,"column":1},"end":{"line":55,"column":1}}}},"branchMap":{"0":{"loc":{"start":{"line":15,"column":2},"end":{"line":19,"column":null}},"type":"if","locations":[{"start":{"line":15,"column":2},"end":{"line":19,"column":null}}]}},"s":{"0":0,"1":0,"2":0,"3":0,"4":0,"5":0,"6":0,"7":0,"8":0,"9":0,"10":0,"11":0,"12":0},"f":{"0":0,"1":0,"2":0,"3":0},"b":{"0":[0]}}
,"B:\\project\\resume-ats\\app\\blog\\[slug]\\page.tsx": {"path":"B:\\project\\resume-ats\\app\\blog\\[slug]\\page.tsx","statementMap":{"0":{"start":{"line":13,"column":24},"end":{"line":13,"column":null}},"1":{"start":{"line":3,"column":25},"end":{"line":3,"column":null}},"2":{"start":{"line":4,"column":23},"end":{"line":4,"column":null}},"3":{"start":{"line":5,"column":67},"end":{"line":5,"column":null}},"4":{"start":{"line":6,"column":17},"end":{"line":6,"column":null}},"5":{"start":{"line":7,"column":36},"end":{"line":7,"column":null}},"6":{"start":{"line":8,"column":45},"end":{"line":8,"column":null}},"7":{"start":{"line":10,"column":25},"end":{"line":10,"column":null}},"8":{"start":{"line":14,"column":17},"end":{"line":14,"column":null}},"9":{"start":{"line":15,"column":15},"end":{"line":15,"column":null}},"10":{"start":{"line":16,"column":26},"end":{"line":16,"column":null}},"11":{"start":{"line":17,"column":42},"end":{"line":17,"column":null}},"12":{"start":{"line":18,"column":44},"end":{"line":18,"column":null}},"13":{"start":{"line":20,"column":2},"end":{"line":29,"column":null}},"14":{"start":{"line":21,"column":4},"end":{"line":21,"column":null}},"15":{"start":{"line":21,"column":15},"end":{"line":21,"column":null}},"16":{"start":{"line":23,"column":21},"end":{"line":23,"column":null}},"17":{"start":{"line":24,"column":4},"end":{"line":26,"column":null}},"18":{"start":{"line":25,"column":6},"end":{"line":25,"column":null}},"19":{"start":{"line":27,"column":4},"end":{"line":27,"column":null}},"20":{"start":{"line":28,"column":4},"end":{"line":28,"column":null}},"21":{"start":{"line":31,"column":2},"end":{"line":49,"column":null}},"22":{"start":{"line":32,"column":21},"end":{"line":40,"column":null}},"23":{"start":{"line":34,"column":8},"end":{"line":38,"column":null}},"24":{"start":{"line":35,"column":10},"end":{"line":37,"column":null}},"25":{"start":{"line":36,"column":12},"end":{"line":36,"column":null}},"26":{"start":{"line":43,"column":21},"end":{"line":43,"column":null}},"27":{"start":{"line":44,"column":4},"end":{"line":44,"column":null}},"28":{"start":{"line":44,"column":34},"end":{"line":44,"column":null}},"29":{"start":{"line":46,"column":4},"end":{"line":48,"column":null}},"30":{"start":{"line":47,"column":6},"end":{"line":47,"column":null}},"31":{"start":{"line":47,"column":36},"end":{"line":47,"column":null}},"32":{"start":{"line":51,"column":2},"end":{"line":53,"column":null}},"33":{"start":{"line":55,"column":26},"end":{"line":63,"column":null}},"34":{"start":{"line":57,"column":20},"end":{"line":57,"column":null}},"35":{"start":{"line":59,"column":20},"end":{"line":59,"column":null}},"36":{"start":{"line":60,"column":19},"end":{"line":60,"column":null}},"37":{"start":{"line":61,"column":17},"end":{"line":61,"column":null}},"38":{"start":{"line":62,"column":6},"end":{"line":62,"column":null}},"39":{"start":{"line":64,"column":25},"end":{"line":90,"column":null}},"40":{"start":{"line":65,"column":4},"end":{"line":89,"column":null}},"41":{"start":{"line":68,"column":8},"end":{"line":72,"column":null}},"42":{"start":{"line":69,"column":23},"end":{"line":69,"column":null}},"43":{"start":{"line":70,"column":21},"end":{"line":70,"column":null}},"44":{"start":{"line":71,"column":10},"end":{"line":71,"column":null}},"45":{"start":{"line":73,"column":8},"end":{"line":77,"column":null}},"46":{"start":{"line":74,"column":23},"end":{"line":74,"column":null}},"47":{"start":{"line":75,"column":21},"end":{"line":75,"column":null}},"48":{"start":{"line":76,"column":10},"end":{"line":76,"column":null}},"49":{"start":{"line":78,"column":8},"end":{"line":80,"column":null}},"50":{"start":{"line":79,"column":10},"end":{"line":79,"column":null}},"51":{"start":{"line":81,"column":8},"end":{"line":83,"column":null}},"52":{"start":{"line":82,"column":10},"end":{"line":82,"column":null}},"53":{"start":{"line":84,"column":8},"end":{"line":86,"column":null}},"54":{"start":{"line":85,"column":10},"end":{"line":85,"column":null}},"55":{"start":{"line":87,"column":8},"end":{"line":87,"column":null}},"56":{"start":{"line":133,"column":22},"end":{"line":134,"column":null}},"57":{"start":{"line":219,"column":22},"end":{"line":220,"column":null}}},"fnMap":{"0":{"name":"BlogPostPage","decl":{"start":{"line":13,"column":24},"end":{"line":13,"column":null}},"loc":{"start":{"line":13,"column":24},"end":{"line":253,"column":null}}},"1":{"name":"(anonymous_3)","decl":{"start":{"line":20,"column":12},"end":{"line":20,"column":null}},"loc":{"start":{"line":20,"column":12},"end":{"line":29,"column":5}}},"2":{"name":"(anonymous_4)","decl":{"start":{"line":31,"column":12},"end":{"line":31,"column":null}},"loc":{"start":{"line":31,"column":12},"end":{"line":49,"column":5}}},"3":{"name":"(anonymous_5)","decl":{"start":{"line":33,"column":6},"end":{"line":33,"column":7}},"loc":{"start":{"line":33,"column":7},"end":{"line":39,"column":null}}},"4":{"name":"(anonymous_6)","decl":{"start":{"line":34,"column":24},"end":{"line":34,"column":25}},"loc":{"start":{"line":34,"column":25},"end":{"line":38,"column":null}}},"5":{"name":"(anonymous_7)","decl":{"start":{"line":44,"column":21},"end":{"line":44,"column":22}},"loc":{"start":{"line":44,"column":34},"end":{"line":44,"column":null}}},"6":{"name":"(anonymous_8)","decl":{"start":{"line":46,"column":11},"end":{"line":46,"column":null}},"loc":{"start":{"line":46,"column":11},"end":{"line":48,"column":null}}},"7":{"name":"(anonymous_9)","decl":{"start":{"line":47,"column":23},"end":{"line":47,"column":24}},"loc":{"start":{"line":47,"column":36},"end":{"line":47,"column":null}}},"8":{"name":"(anonymous_10)","decl":{"start":{"line":57,"column":12},"end":{"line":57,"column":20}},"loc":{"start":{"line":57,"column":20},"end":{"line":57,"column":null}}},"9":{"name":"(anonymous_11)","decl":{"start":{"line":58,"column":9},"end":{"line":58,"column":null}},"loc":{"start":{"line":58,"column":9},"end":{"line":63,"column":null}}},"10":{"name":"(anonymous_12)","decl":{"start":{"line":64,"column":25},"end":{"line":64,"column":26}},"loc":{"start":{"line":64,"column":26},"end":{"line":90,"column":null}}},"11":{"name":"(anonymous_13)","decl":{"start":{"line":67,"column":11},"end":{"line":67,"column":12}},"loc":{"start":{"line":67,"column":12},"end":{"line":88,"column":null}}},"12":{"name":"(anonymous_14)","decl":{"start":{"line":132,"column":41},"end":{"line":132,"column":42}},"loc":{"start":{"line":133,"column":22},"end":{"line":134,"column":null}}},"13":{"name":"(anonymous_15)","decl":{"start":{"line":218,"column":38},"end":{"line":218,"column":39}},"loc":{"start":{"line":219,"column":22},"end":{"line":220,"column":null}}}},"branchMap":{"0":{"loc":{"start":{"line":21,"column":4},"end":{"line":21,"column":null}},"type":"if","locations":[{"start":{"line":21,"column":4},"end":{"line":21,"column":null}}]},"1":{"loc":{"start":{"line":24,"column":4},"end":{"line":26,"column":null}},"type":"if","locations":[{"start":{"line":24,"column":4},"end":{"line":26,"column":null}}]},"2":{"loc":{"start":{"line":35,"column":10},"end":{"line":37,"column":null}},"type":"if","locations":[{"start":{"line":35,"column":10},"end":{"line":37,"column":null}}]},"3":{"loc":{"start":{"line":51,"column":2},"end":{"line":53,"column":null}},"type":"if","locations":[{"start":{"line":51,"column":2},"end":{"line":53,"column":null}}]},"4":{"loc":{"start":{"line":57,"column":20},"end":{"line":57,"column":null}},"type":"binary-expr","locations":[{"start":{"line":57,"column":20},"end":{"line":57,"column":46}},{"start":{"line":57,"column":46},"end":{"line":57,"column":null}}]},"5":{"loc":{"start":{"line":59,"column":20},"end":{"line":59,"column":null}},"type":"cond-expr","locations":[{"start":{"line":59,"column":45},"end":{"line":59,"column":49}},{"start":{"line":59,"column":49},"end":{"line":59,"column":null}}]},"6":{"loc":{"start":{"line":68,"column":8},"end":{"line":72,"column":null}},"type":"if","locations":[{"start":{"line":68,"column":8},"end":{"line":72,"column":null}}]},"7":{"loc":{"start":{"line":73,"column":8},"end":{"line":77,"column":null}},"type":"if","locations":[{"start":{"line":73,"column":8},"end":{"line":77,"column":null}}]},"8":{"loc":{"start":{"line":78,"column":8},"end":{"line":80,"column":null}},"type":"if","locations":[{"start":{"line":78,"column":8},"end":{"line":80,"column":null}}]},"9":{"loc":{"start":{"line":81,"column":8},"end":{"line":83,"column":null}},"type":"if","locations":[{"start":{"line":81,"column":8},"end":{"line":83,"column":null}}]},"10":{"loc":{"start":{"line":81,"column":12},"end":{"line":81,"column":58}},"type":"binary-expr","locations":[{"start":{"line":81,"column":12},"end":{"line":81,"column":37}},{"start":{"line":81,"column":37},"end":{"line":81,"column":58}}]},"11":{"loc":{"start":{"line":84,"column":8},"end":{"line":86,"column":null}},"type":"if","locations":[{"start":{"line":84,"column":8},"end":{"line":86,"column":null}}]},"12":{"loc":{"start":{"line":137,"column":26},"end":{"line":139,"column":null}},"type":"cond-expr","locations":[{"start":{"line":138,"column":30},"end":{"line":138,"column":null}},{"start":{"line":139,"column":30},"end":{"line":139,"column":null}}]},"13":{"loc":{"start":{"line":140,"column":28},"end":{"line":140,"column":60}},"type":"cond-expr","locations":[{"start":{"line":140,"column":47},"end":{"line":140,"column":56}},{"start":{"line":140,"column":56},"end":{"line":140,"column":60}}]},"14":{"loc":{"start":{"line":209,"column":15},"end":{"line":209,"column":null}},"type":"binary-expr","locations":[{"start":{"line":209,"column":15},"end":{"line":209,"column":null}}]}},"s":{"0":0,"1":0,"2":0,"3":0,"4":0,"5":0,"6":0,"7":0,"8":0,"9":0,"10":0,"11":0,"12":0,"13":0,"14":0,"15":0,"16":0,"17":0,"18":0,"19":0,"20":0,"21":0,"22":0,"23":0,"24":0,"25":0,"26":0,"27":0,"28":0,"29":0,"30":0,"31":0,"32":0,"33":0,"34":0,"35":0,"36":0,"37":0,"38":0,"39":0,"40":0,"41":0,"42":0,"43":0,"44":0,"45":0,"46":0,"47":0,"48":0,"49":0,"50":0,"51":0,"52":0,"53":0,"54":0,"55":0,"56":0,"57":0},"f":{"0":0,"1":0,"2":0,"3":0,"4":0,"5":0,"6":0,"7":0,"8":0,"9":0,"10":0,"11":0,"12":0,"13":0},"b":{"0":[0],"1":[0],"2":[0],"3":[0],"4":[0,0],"5":[0,0],"6":[0],"7":[0],"8":[0],"9":[0],"10":[0,0],"11":[0],"12":[0,0],"13":[0,0],"14":[0]}}
[...]
ons":[{"start":{"line":346,"column":11},"end":{"line":350,"column":null}},{"start":{"line":348,"column":11},"end":{"line":350,"column":null}}]},"8":{"loc":{"start":{"line":346,"column":15},"end":{"line":346,"column":96}},"type":"binary-expr","locations":[{"start":{"line":346,"column":15},"end":{"line":346,"column":42}},{"start":{"line":346,"column":42},"end":{"line":346,"column":70}},{"start":{"line":346,"column":70},"end":{"line":346,"column":92}}]},"9":{"loc":{"start":{"line":348,"column":11},"end":{"line":350,"column":null}},"type":"if","locations":[{"start":{"line":348,"column":11},"end":{"line":350,"column":null}}]},"10":{"loc":{"start":{"line":348,"column":15},"end":{"line":348,"column":103}},"type":"binary-expr","locations":[{"start":{"line":348,"column":15},"end":{"line":348,"column":45}},{"start":{"line":348,"column":45},"end":{"line":348,"column":72}},{"start":{"line":348,"column":72},"end":{"line":348,"column":99}}]},"11":{"loc":{"start":{"line":404,"column":26},"end":{"line":404,"column":71}},"type":"binary-expr","locations":[{"start":{"line":404,"column":26},"end":{"line":404,"column":70}},{"start":{"line":404,"column":70},"end":{"line":404,"column":71}}]},"12":{"loc":{"start":{"line":408,"column":24},"end":{"line":408,"column":67}},"type":"binary-expr","locations":[{"start":{"line":408,"column":24},"end":{"line":408,"column":66}},{"start":{"line":408,"column":66},"end":{"line":408,"column":67}}]},"13":{"loc":{"start":{"line":409,"column":2},"end":{"line":409,"column":null}},"type":"if","locations":[{"start":{"line":409,"column":2},"end":{"line":409,"column":null}}]},"14":{"loc":{"start":{"line":412,"column":22},"end":{"line":412,"column":58}},"type":"binary-expr","locations":[{"start":{"line":412,"column":22},"end":{"line":412,"column":57}},{"start":{"line":412,"column":57},"end":{"line":412,"column":58}}]},"15":{"loc":{"start":{"line":413,"column":2},"end":{"line":413,"column":null}},"type":"if","locations":[{"start":{"line":413,"column":2},"end":{"line":413,"column":null}}]},"16":{"loc":{"start":{"line":420,"column":24},"end":{"line":420,"column":61}},"type":"binary-expr","locations":[{"start":{"line":420,"column":24},"end":{"line":420,"column":60}},{"start":{"line":420,"column":60},"end":{"line":420,"column":61}}]},"17":{"loc":{"start":{"line":427,"column":2},"end":{"line":429,"column":null}},"type":"if","locations":[{"start":{"line":427,"column":2},"end":{"line":429,"column":null}},{"start":{"line":428,"column":7},"end":{"line":429,"column":null}}]},"18":{"loc":{"start":{"line":428,"column":7},"end":{"line":429,"column":null}},"type":"if","locations":[{"start":{"line":428,"column":7},"end":{"line":429,"column":null}},{"start":{"line":429,"column":7},"end":{"line":429,"column":null}}]},"19":{"loc":{"start":{"line":429,"column":7},"end":{"line":429,"column":null}},"type":"if","locations":[{"start":{"line":429,"column":7},"end":{"line":429,"column":null}}]},"20":{"loc":{"start":{"line":432,"column":2},"end":{"line":432,"column":null}},"type":"if","locations":[{"start":{"line":432,"column":2},"end":{"line":432,"column":null}}]},"21":{"loc":{"start":{"line":435,"column":19},"end":{"line":435,"column":56}},"type":"binary-expr","locations":[{"start":{"line":435,"column":19},"end":{"line":435,"column":55}},{"start":{"line":435,"column":55},"end":{"line":435,"column":56}}]},"22":{"loc":{"start":{"line":436,"column":2},"end":{"line":436,"column":null}},"type":"if","locations":[{"start":{"line":436,"column":2},"end":{"line":436,"column":null}}]},"23":{"loc":{"start":{"line":472,"column":4},"end":{"line":474,"column":null}},"type":"if","locations":[{"start":{"line":472,"column":4},"end":{"line":474,"column":null}}]},"24":{"loc":{"start":{"line":492,"column":4},"end":{"line":494,"column":null}},"type":"if","locations":[{"start":{"line":492,"column":4},"end":{"line":494,"column":null}}]},"25":{"loc":{"start":{"line":501,"column":2},"end":{"line":501,"column":null}},"type":"if","locations":[{"start":{"line":501,"column":2},"end":{"line":501,"column":null}}]},"26":{"loc":{"start":{"line":511,"column":2},"end":{"line":511,"column":null}},"type":"if","locations":[{"start":{"line":511,"column":2},"end":{"line":511,"column":null}}]},"27":{"loc":{"start":{"line":512,"column":2},"end":{"line":512,"column":null}},"type":"if","locations":[{"start":{"line":512,"column":2},"end":{"line":512,"column":null}}]},"28":{"loc":{"start":{"line":513,"column":2},"end":{"line":513,"column":null}},"type":"if","locations":[{"start":{"line":513,"column":2},"end":{"line":513,"column":null}}]},"29":{"loc":{"start":{"line":514,"column":2},"end":{"line":514,"column":null}},"type":"if","locations":[{"start":{"line":514,"column":2},"end":{"line":514,"column":null}}]},"30":{"loc":{"start":{"line":532,"column":2},"end":{"line":532,"column":null}},"type":"if","locations":[{"start":{"line":532,"column":2},"end":{"line":532,"column":null}}]},"31":{"loc":{"start":{"line":540,"column":4},"end":{"line":540,"column":null}},"type":"if","locations":[{"start":{"line":540,"column":4},"end":{"line":540,"column":null}}]},"32":{"loc":{"start":{"line":543,"column":4},"end":{"line":545,"column":null}},"type":"if","locations":[{"start":{"line":543,"column":4},"end":{"line":545,"column":null}}]},"33":{"loc":{"start":{"line":543,"column":8},"end":{"line":543,"column":66}},"type":"binary-expr","locations":[{"start":{"line":543,"column":8},"end":{"line":543,"column":35}},{"start":{"line":543,"column":35},"end":{"line":543,"column":66}}]},"34":{"loc":{"start":{"line":553,"column":2},"end":{"line":553,"column":null}},"type":"if","locations":[{"start":{"line":553,"column":2},"end":{"line":553,"column":null}}]},"35":{"loc":{"start":{"line":556,"column":24},"end":{"line":556,"column":60}},"type":"binary-expr","locations":[{"start":{"line":556,"column":24},"end":{"line":556,"column":59}},{"start":{"line":556,"column":59},"end":{"line":556,"column":60}}]},"36":{"loc":{"start":{"line":566,"column":2},"end":{"line":568,"column":null}},"type":"if","locations":[{"start":{"line":566,"column":2},"end":{"line":568,"column":null}},{"start":{"line":567,"column":7},"end":{"line":568,"column":null}}]},"37":{"loc":{"start":{"line":567,"column":7},"end":{"line":568,"column":null}},"type":"if","locations":[{"start":{"line":567,"column":7},"end":{"line":568,"column":null}},{"start":{"line":568,"column":7},"end":{"line":568,"column":null}}]},"38":{"loc":{"start":{"line":568,"column":7},"end":{"line":568,"column":null}},"type":"if","locations":[{"start":{"line":568,"column":7},"end":{"line":568,"column":null}}]},"39":{"loc":{"start":{"line":571,"column":2},"end":{"line":572,"column":null}},"type":"if","locations":[{"start":{"line":571,"column":2},"end":{"line":572,"column":null}},{"start":{"line":572,"column":7},"end":{"line":572,"column":null}}]},"40":{"loc":{"start":{"line":572,"column":7},"end":{"line":572,"column":null}},"type":"if","locations":[{"start":{"line":572,"column":7},"end":{"line":572,"column":null}}]},"41":{"loc":{"start":{"line":575,"column":2},"end":{"line":575,"column":null}},"type":"if","locations":[{"start":{"line":575,"column":2},"end":{"line":575,"column":null}}]},"42":{"loc":{"start":{"line":578,"column":2},"end":{"line":579,"column":null}},"type":"if","locations":[{"start":{"line":578,"column":2},"end":{"line":579,"column":null}},{"start":{"line":579,"column":7},"end":{"line":579,"column":null}}]},"43":{"loc":{"start":{"line":579,"column":7},"end":{"line":579,"column":null}},"type":"if","locations":[{"start":{"line":579,"column":7},"end":{"line":579,"column":null}}]},"44":{"loc":{"start":{"line":583,"column":2},"end":{"line":583,"column":null}},"type":"if","locations":[{"start":{"line":583,"column":2},"end":{"line":583,"column":null}}]},"45":{"loc":{"start":{"line":583,"column":6},"end":{"line":583,"column":41}},"type":"binary-expr","locations":[{"start":{"line":583,"column":6},"end":{"line":583,"column":23}},{"start":{"line":583,"column":23},"end":{"line":583,"column":41}}]},"46":{"loc":{"start":{"line":592,"column":2},"end":{"line":594,"column":null}},"type":"if","locations":[{"start":{"line":592,"column":2},"end":{"line":594,"column":null}}]},"47":{"loc":{"start":{"line":597,"column":24},"end":{"line":597,"column":53}},"type":"binary-expr","locations":[{"start":{"line":597,"column":24},"end":{"line":597,"column":52}},{"start":{"line":597,"column":52},"end":{"line":597,"column":53}}]},"48":{"loc":{"start":{"line":602,"column":2},"end":{"line":612,"column":null}},"type":"if","locations":[{"start":{"line":602,"column":2},"end":{"line":612,"column":null}}]},"49":{"loc":{"start":{"line":602,"column":6},"end":{"line":602,"column":66}},"type":"binary-expr","locations":[{"start":{"line":602,"column":6},"end":{"line":602,"column":38}},{"start":{"line":602,"column":38},"end":{"line":602,"column":66}}]},"50":{"loc":{"start":{"line":603,"column":4},"end":{"line":605,"column":null}},"type":"if","locations":[{"start":{"line":603,"column":4},"end":{"line":605,"column":null}}]},"51":{"loc":{"start":{"line":606,"column":4},"end":{"line":608,"column":null}},"type":"if","locations":[{"start":{"line":606,"column":4},"end":{"line":608,"column":null}}]},"52":{"loc":{"start":{"line":609,"column":4},"end":{"line":611,"column":null}},"type":"if","locations":[{"start":{"line":609,"column":4},"end":{"line":611,"column":null}}]},"53":{"loc":{"start":{"line":614,"column":2},"end":{"line":618,"column":null}},"type":"if","locations":[{"start":{"line":614,"column":2},"end":{"line":618,"column":null}}]},"54":{"loc":{"start":{"line":615,"column":4},"end":{"line":617,"column":null}},"type":"if","locations":[{"start":{"line":615,"column":4},"end":{"line":617,"column":null}}]},"55":{"loc":{"start":{"line":638,"column":2},"end":{"line":640,"column":null}},"type":"if","locations":[{"start":{"line":638,"column":2},"end":{"line":640,"column":null}}]},"56":{"loc":{"start":{"line":641,"column":2},"end":{"line":643,"column":null}},"type":"if","locations":[{"start":{"line":641,"column":2},"end":{"line":643,"column":null}}]},"57":{"loc":{"start":{"line":644,"column":2},"end":{"line":646,"column":null}},"type":"if","locations":[{"start":{"line":644,"column":2},"end":{"line":646,"column":null}}]},"58":{"loc":{"start":{"line":647,"column":2},"end":{"line":649,"column":null}},"type":"if","locations":[{"start":{"line":647,"column":2},"end":{"line":649,"column":null}}]},"59":{"loc":{"start":{"line":650,"column":2},"end":{"line":657,"column":null}},"type":"if","locations":[{"start":{"line":650,"column":2},"end":{"line":657,"column":null}}]},"60":{"loc":{"start":{"line":654,"column":4},"end":{"line":656,"column":null}},"type":"if","locations":[{"start":{"line":654,"column":4},"end":{"line":656,"column":null}}]},"61":{"loc":{"start":{"line":658,"column":2},"end":{"line":660,"column":null}},"type":"if","locations":[{"start":{"line":658,"column":2},"end":{"line":660,"column":null}}]},"62":{"loc":{"start":{"line":661,"column":2},"end":{"line":663,"column":null}},"type":"if","locations":[{"start":{"line":661,"column":2},"end":{"line":663,"column":null}}]},"63":{"loc":{"start":{"line":661,"column":6},"end":{"line":661,"column":49}},"type":"binary-expr","locations":[{"start":{"line":661,"column":6},"end":{"line":661,"column":29}},{"start":{"line":661,"column":29},"end":{"line":661,"column":49}}]},"64":{"loc":{"start":{"line":664,"column":2},"end":{"line":666,"column":null}},"type":"if","locations":[{"start":{"line":664,"column":2},"end":{"line":666,"column":null}}]},"65":{"loc":{"start":{"line":667,"column":2},"end":{"line":669,"column":null}},"type":"if","locations":[{"start":{"line":667,"column":2},"end":{"line":669,"column":null}}]},"66":{"loc":{"start":{"line":670,"column":2},"end":{"line":672,"column":null}},"type":"if","locations":[{"start":{"line":670,"column":2},"end":{"line":672,"column":null}}]}},"s":{"0":0,"1":0,"2":0,"3":0,"4":0,"5":0,"6":0,"7":0,"8":0,"9":0,"10":0,"11":0,"12":0,"13":0,"14":0,"15":0,"16":0,"17":0,"18":0,"19":0,"20":0,"21":0,"22":0,"23":0,"24":0,"25":0,"26":0,"27":0,"28":0,"29":0,"30":0,"31":0,"32":0,"33":0,"34":0,"35":0,"36":0,"37":0,"38":0,"39":0,"40":0,"41":0,"42":0,"43":0,"44":0,"45":0,"46":0,"47":0,"48":0,"49":0,"50":0,"51":0,"52":0,"53":0,"54":0,"55":0,"56":0,"57":0,"58":0,"59":0,"60":0,"61":0,"62":0,"63":0,"64":0,"65":0,"66":0,"67":0,"68":0,"69":0,"70":0,"71":0,"72":0,"73":0,"74":0,"75":0,"76":0,"77":0,"78":0,"79":0,"80":0,"81":0,"82":0,"83":0,"84":0,"85":0,"86":0,"87":0,"88":0,"89":0,"90":0,"91":0,"92":0,"93":0,"94":0,"95":0,"96":0,"97":0,"98":0,"99":0,"100":0,"101":0,"102":0,"103":0,"104":0,"105":0,"106":0,"107":0,"108":0,"109":0,"110":0,"111":0,"112":0,"113":0,"114":0,"115":0,"116":0,"117":0,"118":0,"119":0,"120":0,"121":0,"122":0,"123":0,"124":0,"125":0,"126":0,"127":0,"128":0,"129":0,"130":0,"131":0,"132":0,"133":0,"134":0,"135":0,"136":0,"137":0,"138":0,"139":0,"140":0,"141":0,"142":0,"143":0,"144":0,"145":0,"146":0,"147":0,"148":0,"149":0,"150":0,"151":0,"152":0,"153":0,"154":0,"155":0,"156":0,"157":0,"158":0,"159":0,"160":0,"161":0,"162":0,"163":0,"164":0,"165":0,"166":0,"167":0,"168":0,"169":0,"170":0,"171":0,"172":0,"173":0,"174":0,"175":0,"176":0,"177":0,"178":0,"179":0,"180":0,"181":0,"182":0,"183":0,"184":0,"185":0,"186":0,"187":0,"188":0,"189":0,"190":0,"191":0,"192":0,"193":0,"194":0,"195":0,"196":0,"197":0,"198":0,"199":0,"200":0,"201":0,"202":0,"203":0,"204":0,"205":0,"206":0,"207":0},"f":{"0":0,"1":0,"2":0,"3":0,"4":0,"5":0,"6":0,"7":0,"8":0,"9":0,"10":0,"11":0,"12":0,"13":0,"14":0,"15":0,"16":0,"17":0,"18":0,"19":0,"20":0,"21":0},"b":{"0":[0],"1":[0],"2":[0,0],"3":[0,0],"4":[0,0],"5":[0,0],"6":[0,0,0],"7":[0,0],"8":[0,0,0],"9":[0],"10":[0,0,0],"11":[0,0],"12":[0,0],"13":[0],"14":[0,0],"15":[0],"16":[0,0],"17":[0,0],"18":[0,0],"19":[0],"20":[0],"21":[0,0],"22":[0],"23":[0],"24":[0],"25":[0],"26":[0],"27":[0],"28":[0],"29":[0],"30":[0],"31":[0],"32":[0],"33":[0,0],"34":[0],"35":[0,0],"36":[0,0],"37":[0,0],"38":[0],"39":[0,0],"40":[0],"41":[0],"42":[0,0],"43":[0],"44":[0],"45":[0,0],"46":[0],"47":[0,0],"48":[0],"49":[0,0],"50":[0],"51":[0],"52":[0],"53":[0],"54":[0],"55":[0],"56":[0],"57":[0],"58":[0],"59":[0],"60":[0],"61":[0],"62":[0],"63":[0,0],"64":[0],"65":[0],"66":[0]}}
,"B:\\project\\resume-ats\\lib\\security.ts": {"path":"B:\\project\\resume-ats\\lib\\security.ts","statementMap":{"0":{"start":{"line":90,"column":16},"end":{"line":90,"column":29}},"1":{"start":{"line":5,"column":13},"end":{"line":5,"column":20}},"2":{"start":{"line":99,"column":13},"end":{"line":99,"column":28}},"3":{"start":{"line":116,"column":16},"end":{"line":116,"column":30}},"4":{"start":{"line":50,"column":16},"end":{"line":50,"column":34}},"5":{"start":{"line":125,"column":16},"end":{"line":125,"column":30}},"6":{"start":{"line":1,"column":18},"end":{"line":1,"column":null}},"7":{"start":{"line":2,"column":20},"end":{"line":2,"column":null}},"8":{"start":{"line":5,"column":23},"end":{"line":47,"column":null}},"9":{"start":{"line":10,"column":16},"end":{"line":10,"column":null}},"10":{"start":{"line":13,"column":16},"end":{"line":13,"column":null}},"11":{"start":{"line":16,"column":98},"end":{"line":16,"column":null}},"12":{"start":{"line":52,"column":2},"end":{"line":54,"column":null}},"13":{"start":{"line":53,"column":4},"end":{"line":53,"column":null}},"14":{"start":{"line":57,"column":23},"end":{"line":60,"column":null}},"15":{"start":{"line":62,"column":2},"end":{"line":64,"column":null}},"16":{"start":{"line":63,"column":4},"end":{"line":63,"column":null}},"17":{"start":{"line":67,"column":19},"end":{"line":67,"column":null}},"18":{"start":{"line":68,"column":29},"end":{"line":79,"column":null}},"19":{"start":{"line":81,"column":2},"end":{"line":84,"column":null}},"20":{"start":{"line":81,"column":41},"end":{"line":81,"column":66}},"21":{"start":{"line":82,"column":4},"end":{"line":82,"column":null}},"22":{"start":{"line":83,"column":4},"end":{"line":83,"column":null}},"23":{"start":{"line":86,"column":2},"end":{"line":86,"column":null}},"24":{"start":{"line":91,"column":2},"end":{"line":95,"column":null}},"25":{"start":{"line":99,"column":31},"end":{"line":113,"column":null}},"26":{"start":{"line":117,"column":2},"end":{"line":117,"column":null}},"27":{"start":{"line":117,"column":15},"end":{"line":117,"column":null}},"28":{"start":{"line":121,"column":2},"end":{"line":121,"column":null}},"29":{"start":{"line":126,"column":2},"end":{"line":126,"column":null}},"30":{"start":{"line":126,"column":15},"end":{"line":126,"column":null}},"31":{"start":{"line":127,"column":2},"end":{"line":127,"column":null}}},"fnMap":{"0":{"name":"(anonymous_7)","decl":{"start":{"line":10,"column":6},"end":{"line":10,"column":7}},"loc":{"start":{"line":10,"column":16},"end":{"line":10,"column":null}}},"1":{"name":"(anonymous_8)","decl":{"start":{"line":13,"column":6},"end":{"line":13,"column":7}},"loc":{"start":{"line":13,"column":16},"end":{"line":13,"column":null}}},"2":{"name":"(anonymous_9)","decl":{"start":{"line":16,"column":91},"end":{"line":16,"column":98}},"loc":{"start":{"line":16,"column":98},"end":{"line":16,"column":null}}},"3":{"name":"validateFileUpload","decl":{"start":{"line":50,"column":16},"end":{"line":50,"column":34}},"loc":{"start":{"line":50,"column":45},"end":{"line":87,"column":null}}},"4":{"name":"(anonymous_11)","decl":{"start":{"line":81,"column":30},"end":{"line":81,"column":41}},"loc":{"start":{"line":81,"column":41},"end":{"line":81,"column":66}}},"5":{"name":"sanitizeInput","decl":{"start":{"line":90,"column":16},"end":{"line":90,"column":29}},"loc":{"start":{"line":90,"column":43},"end":{"line":96,"column":null}}},"6":{"name":"validateApiKey","decl":{"start":{"line":116,"column":16},"end":{"line":116,"column":30}},"loc":{"start":{"line":116,"column":52},"end":{"line":122,"column":null}}},"7":{"name":"validateOrigin","decl":{"start":{"line":125,"column":16},"end":{"line":125,"column":30}},"loc":{"start":{"line":125,"column":78},"end":{"line":128,"column":null}}}},"branchMap":{"0":{"loc":{"start":{"line":16,"column":98},"end":{"line":16,"column":null}},"type":"binary-expr","locations":[{"start":{"line":16,"column":98},"end":{"line":16,"column":105}},{"start":{"line":16,"column":105},"end":{"line":16,"column":null}}]},"1":{"loc":{"start":{"line":52,"column":2},"end":{"line":54,"column":null}},"type":"if","locations":[{"start":{"line":52,"column":2},"end":{"line":54,"column":null}}]},"2":{"loc":{"start":{"line":62,"column":2},"end":{"line":64,"column":null}},"type":"if","locations":[{"start":{"line":62,"column":2},"end":{"line":64,"column":null}}]},"3":{"loc":{"start":{"line":81,"column":2},"end":{"line":84,"column":null}},"type":"if","locations":[{"start":{"line":81,"column":2},"end":{"line":84,"column":null}}]},"4":{"loc":{"start":{"line":117,"column":2},"end":{"line":117,"column":null}},"type":"if","locations":[{"start":{"line":117,"column":2},"end":{"line":117,"column":null}}]},"5":{"loc":{"start":{"line":126,"column":2},"end":{"line":126,"column":null}},"type":"if","locations":[{"start":{"line":126,"column":2},"end":{"line":126,"column":null}}]}},"s":{"0":0,"1":0,"2":0,"3":0,"4":0,"5":0,"6":0,"7":0,"8":0,"9":0,"10":0,"11":0,"12":0,"13":0,"14":0,"15":0,"16":0,"17":0,"18":0,"19":0,"20":0,"21":0,"22":0,"23":0,"24":0,"25":0,"26":0,"27":0,"28":0,"29":0,"30":0,"31":0},"f":{"0":0,"1":0,"2":0,"3":0,"4":0,"5":0,"6":0,"7":0},"b":{"0":[0,0],"1":[0],"2":[0],"3":[0],"4":[0],"5":[0]}}
,"B:\\project\\resume-ats\\lib\\utils.ts": {"path":"B:\\project\\resume-ats\\lib\\utils.ts","statementMap":{"0":{"start":{"line":4,"column":16},"end":{"line":4,"column":19}},"1":{"start":{"line":1,"column":38},"end":{"line":1,"column":null}},"2":{"start":{"line":2,"column":24},"end":{"line":2,"column":null}},"3":{"start":{"line":5,"column":2},"end":{"line":5,"column":null}}},"fnMap":{"0":{"name":"cn","decl":{"start":{"line":4,"column":16},"end":{"line":4,"column":19}},"loc":{"start":{"line":4,"column":42},"end":{"line":6,"column":null}}}},"branchMap":{},"s":{"0":0,"1":1,"2":1,"3":0},"f":{"0":0},"b":{}}
}
