TN:
SF:app\error.tsx
FN:9,Error
FN:16,(anonymous_3)
FNF:2
FNH:0
FNDA:0,Error
FNDA:0,(anonymous_3)
DA:3,0
DA:4,0
DA:5,0
DA:6,0
DA:7,0
DA:9,0
DA:16,0
DA:18,0
LF:8
LH:0
BRDA:33,0,0,0
BRDA:33,0,1,0
BRF:2
BRH:0
end_of_record
TN:
SF:app\layout.tsx
FN:77,RootLayout
FNF:1
FNH:0
FNDA:0,RootLayout
DA:3,0
DA:4,0
DA:5,0
DA:6,0
DA:7,0
DA:9,0
DA:11,0
DA:77,0
LF:8
LH:0
BRF:0
BRH:0
end_of_record
TN:
SF:app\loading.tsx
FN:1,Loading
FNF:1
FNH:0
FNDA:0,Loading
DA:1,0
DA:2,0
LF:2
LH:0
BRF:0
BRH:0
end_of_record
TN:
SF:app\not-found.tsx
FN:5,NotFound
FNF:1
FNH:0
FNDA:0,NotFound
DA:1,0
DA:2,0
DA:3,0
DA:5,0
LF:4
LH:0
BRF:0
BRH:0
end_of_record
TN:
SF:app\page.tsx
FN:19,Home
FNF:1
FNH:0
FNDA:0,Home
DA:1,0
DA:3,0
DA:4,0
DA:5,0
DA:6,0
DA:7,0
DA:8,0
DA:10,0
DA:19,0
LF:9
LH:0
BRF:0
BRH:0
end_of_record
TN:
SF:app\about\about-content.tsx
FN:79,AboutPageContent
FN:82,(anonymous_3)
FN:83,(anonymous_4)
FN:88,(anonymous_5)
FN:160,(anonymous_6)
FN:195,(anonymous_7)
FN:235,(anonymous_8)
FNF:7
FNH:0
FNDA:0,AboutPageContent
FNDA:0,(anonymous_3)
FNDA:0,(anonymous_4)
FNDA:0,(anonymous_5)
FNDA:0,(anonymous_6)
FNDA:0,(anonymous_7)
FNDA:0,(anonymous_8)
DA:3,0
DA:4,0
DA:5,0
DA:6,0
DA:22,0
DA:24,0
DA:31,0
DA:58,0
DA:79,0
DA:80,0
DA:82,0
DA:83,0
DA:84,0
DA:87,0
DA:88,0
DA:161,0
DA:196,0
DA:236,0
LF:18
LH:0
BRDA:238,0,0,0
BRDA:238,0,1,0
BRF:2
BRH:0
end_of_record
TN:
SF:app\about\page.tsx
FN:15,AboutPage
FNF:1
FNH:0
FNDA:0,AboutPage
DA:1,0
DA:2,0
DA:4,0
DA:6,0
DA:15,0
LF:5
LH:0
BRF:0
BRH:0
end_of_record
TN:
SF:app\api\ai-analysis\route.ts
FN:5,POST
FNF:1
FNH:0
FNDA:0,POST
DA:1,0
DA:2,0
DA:3,0
DA:5,0
DA:6,0
DA:7,0
DA:8,0
DA:9,0
DA:13,0
DA:14,0
DA:15,0
DA:19,0
DA:20,0
DA:22,0
LF:14
LH:0
BRDA:8,0,0,0
BRDA:13,1,0,0
BRDA:13,2,0,0
BRDA:13,2,1,0
BRDA:22,3,0,0
BRDA:22,3,1,0
BRF:6
BRH:0
end_of_record
TN:
SF:app\api\analytics\route.ts
FN:7,GET
FN:124,(anonymous_2)
FN:149,(anonymous_3)
FN:151,(anonymous_4)
FN:159,(anonymous_5)
FN:177,(anonymous_6)
FN:187,(anonymous_7)
FN:194,(anonymous_8)
FN:201,(anonymous_9)
FNF:9
FNH:0
FNDA:0,GET
FNDA:0,(anonymous_2)
FNDA:0,(anonymous_3)
FNDA:0,(anonymous_4)
FNDA:0,(anonymous_5)
FNDA:0,(anonymous_6)
FNDA:0,(anonymous_7)
FNDA:0,(anonymous_8)
FNDA:0,(anonymous_9)
DA:1,0
DA:2,0
DA:3,0
DA:4,0
DA:5,0
DA:7,0
DA:8,0
DA:9,0
DA:11,0
DA:12,0
DA:15,0
DA:16,0
DA:17,0
DA:20,0
DA:21,0
DA:23,0
DA:25,0
DA:26,0
DA:28,0
DA:29,0
DA:31,0
DA:32,0
DA:34,0
DA:35,0
DA:37,0
DA:49,0
DA:124,0
DA:125,0
DA:126,0
DA:128,0
DA:129,0
DA:131,0
DA:141,0
DA:149,0
DA:150,0
DA:151,0
DA:152,0
DA:153,0
DA:158,0
DA:159,0
DA:160,0
DA:161,0
DA:162,0
DA:163,0
DA:165,0
DA:169,0
DA:177,0
DA:187,0
DA:195,0
DA:196,0
DA:197,0
DA:201,0
DA:206,0
DA:214,0
DA:215,0
DA:216,0
DA:221,0
LF:57
LH:0
BRDA:11,0,0,0
BRDA:17,1,0,0
BRDA:17,1,1,0
BRDA:23,2,0,0
BRDA:23,2,1,0
BRDA:23,2,2,0
BRDA:23,2,3,0
BRDA:23,2,4,0
BRDA:126,3,0,0
BRDA:134,4,0,0
BRDA:134,4,1,0
BRDA:134,5,0,0
BRDA:134,5,1,0
BRDA:135,6,0,0
BRDA:135,6,1,0
BRDA:135,7,0,0
BRDA:135,7,1,0
BRDA:150,8,0,0
BRDA:150,8,1,0
BRDA:151,9,0,0
BRDA:151,9,1,0
BRDA:152,10,0,0
BRDA:161,11,0,0
BRDA:161,11,1,0
BRDA:162,12,0,0
BRDA:162,12,1,0
BRDA:163,13,0,0
BRDA:163,13,1,0
BRDA:165,14,0,0
BRDA:165,14,1,0
BRDA:173,15,0,0
BRDA:173,15,1,0
BRDA:174,16,0,0
BRDA:174,16,1,0
BRDA:182,17,0,0
BRDA:182,17,1,0
BRDA:183,18,0,0
BRDA:183,18,1,0
BRDA:193,19,0,0
BRDA:193,19,1,0
BRDA:195,20,0,0
BRDA:195,20,1,0
BRDA:196,21,0,0
BRDA:196,21,1,0
BRDA:197,22,0,0
BRDA:197,22,1,0
BRDA:200,23,0,0
BRDA:200,23,1,0
BRDA:201,24,0,0
BRDA:201,24,1,0
BRDA:217,25,0,0
BRDA:217,25,1,0
BRDA:218,26,0,0
BRDA:218,26,1,0
BRF:54
BRH:0
end_of_record
TN:
SF:app\api\auth\[...nextauth]\route.ts
FNF:0
FNH:0
DA:1,0
DA:2,0
DA:4,0
DA:6,0
LF:4
LH:0
BRF:0
BRH:0
end_of_record
TN:
SF:app\api\health\route.ts
FN:38,GET
FN:147,(anonymous_3)
FN:148,(anonymous_4)
FNF:3
FNH:0
FNDA:0,GET
FNDA:0,(anonymous_3)
FNDA:0,(anonymous_4)
DA:1,0
DA:2,0
DA:3,0
DA:4,0
DA:5,0
DA:6,0
DA:38,0
DA:39,0
DA:41,0
DA:42,0
DA:57,0
DA:58,0
DA:59,0
DA:65,0
DA:72,0
DA:73,0
DA:74,0
DA:75,0
DA:77,0
DA:82,0
DA:89,0
DA:90,0
DA:91,0
DA:92,0
DA:93,0
DA:95,0
DA:96,0
DA:97,0
DA:99,0
DA:106,0
DA:112,0
DA:116,0
DA:117,0
DA:118,0
DA:120,0
DA:121,0
DA:122,0
DA:123,0
DA:124,0
DA:125,0
DA:129,0
DA:130,0
DA:134,0
DA:139,0
DA:142,0
DA:146,0
DA:147,0
DA:148,0
DA:150,0
DA:151,0
DA:152,0
DA:153,0
DA:157,0
DA:165,0
DA:168,0
DA:171,0
DA:173,0
DA:178,0
LF:58
LH:0
BRDA:45,0,0,0
BRDA:45,0,1,0
BRDA:46,1,0,0
BRDA:46,1,1,0
BRDA:60,2,0,0
BRDA:60,2,1,0
BRDA:67,3,0,0
BRDA:67,3,1,0
BRDA:84,4,0,0
BRDA:84,4,1,0
BRDA:96,5,0,0
BRDA:96,5,1,0
BRDA:97,6,0,0
BRDA:112,7,0,0
BRDA:112,7,1,0
BRDA:120,8,0,0
BRDA:142,9,0,0
BRDA:142,9,1,0
BRDA:150,10,0,0
BRDA:150,10,1,0
BRDA:152,11,0,0
BRDA:165,12,0,0
BRDA:165,12,1,0
BRDA:166,13,0,0
BRDA:166,13,1,0
BRDA:171,14,0,0
BRDA:171,14,1,0
BRDA:182,15,0,0
BRDA:182,15,1,0
BRF:29
BRH:0
end_of_record
TN:
SF:app\api\monitoring\route.ts
FN:7,GET
FN:141,checkDatabaseHealth
FN:146,(anonymous_3)
FN:164,getMemoryUsage
FN:175,generateAlerts
FN:201,(anonymous_6)
FN:217,(anonymous_7)
FNF:7
FNH:0
FNDA:0,GET
FNDA:0,checkDatabaseHealth
FNDA:0,(anonymous_3)
FNDA:0,getMemoryUsage
FNDA:0,generateAlerts
FNDA:0,(anonymous_6)
FNDA:0,(anonymous_7)
DA:1,0
DA:2,0
DA:4,0
DA:5,0
DA:7,0
DA:8,0
DA:9,0
DA:10,0
DA:13,0
DA:14,0
DA:17,0
DA:18,0
DA:21,0
DA:22,0
DA:24,0
DA:26,0
DA:27,0
DA:29,0
DA:30,0
DA:32,0
DA:33,0
DA:35,0
DA:36,0
DA:38,0
DA:42,0
DA:51,0
DA:75,0
DA:100,0
DA:113,0
DA:121,0
DA:127,0
DA:129,0
DA:134,0
DA:142,0
DA:144,0
DA:146,0
DA:147,0
DA:149,0
DA:156,0
DA:165,0
DA:166,0
DA:176,0
DA:179,0
DA:180,0
DA:190,0
DA:191,0
DA:202,0
DA:206,0
DA:207,0
DA:217,0
DA:218,0
DA:219,0
DA:228,0
LF:53
LH:0
BRDA:13,0,0,0
BRDA:18,1,0,0
BRDA:18,1,1,0
BRDA:24,2,0,0
BRDA:24,2,1,0
BRDA:24,2,2,0
BRDA:24,2,3,0
BRDA:24,2,4,0
BRDA:47,3,0,0
BRDA:47,3,1,0
BRDA:130,4,0,0
BRDA:130,4,1,0
BRDA:131,5,0,0
BRDA:131,5,1,0
BRDA:158,6,0,0
BRDA:158,6,1,0
BRDA:179,7,0,0
BRDA:190,8,0,0
BRDA:202,9,0,0
BRDA:202,9,1,0
BRDA:206,10,0,0
BRDA:218,11,0,0
BRF:22
BRH:0
end_of_record
TN:
SF:app\api\register\route.ts
FN:6,POST
FNF:1
FNH:0
FNDA:0,POST
DA:1,0
DA:2,0
DA:3,0
DA:4,0
DA:6,0
DA:7,0
DA:8,0
DA:9,0
DA:11,0
DA:12,0
DA:16,0
DA:22,0
DA:23,0
DA:27,0
DA:30,0
DA:38,0
DA:47,0
LF:17
LH:0
BRDA:11,0,0,0
BRDA:11,1,0,0
BRDA:11,1,1,0
BRDA:11,1,2,0
BRDA:22,2,0,0
BRF:5
BRH:0
end_of_record
TN:
SF:app\api\resumes\[id]\route.ts
FN:6,GET
FN:60,DELETE
FNF:2
FNH:0
FNDA:0,GET
FNDA:0,DELETE
DA:1,0
DA:2,0
DA:3,0
DA:4,0
DA:6,0
DA:7,0
DA:8,0
DA:10,0
DA:11,0
DA:14,0
DA:15,0
DA:16,0
DA:19,0
DA:20,0
DA:24,0
DA:48,0
DA:49,0
DA:50,0
DA:53,0
DA:60,0
DA:61,0
DA:62,0
DA:64,0
DA:65,0
DA:68,0
DA:69,0
DA:70,0
DA:73,0
DA:74,0
DA:78,0
DA:85,0
DA:86,0
DA:90,0
DA:96,0
DA:98,0
DA:99,0
LF:36
LH:0
BRDA:10,0,0,0
BRDA:19,1,0,0
BRDA:48,2,0,0
BRDA:64,3,0,0
BRDA:73,4,0,0
BRDA:85,5,0,0
BRF:6
BRH:0
end_of_record
TN:
SF:app\api\resumes\[id]\delete\route.ts
FN:6,POST
FNF:1
FNH:0
FNDA:0,POST
DA:1,0
DA:2,0
DA:3,0
DA:4,0
DA:6,0
DA:7,0
DA:8,0
DA:10,0
DA:11,0
DA:14,0
DA:15,0
DA:16,0
DA:19,0
DA:26,0
DA:27,0
DA:31,0
DA:37,0
DA:39,0
DA:40,0
LF:19
LH:0
BRDA:10,0,0,0
BRDA:26,1,0,0
BRF:2
BRH:0
end_of_record
TN:
SF:app\api\resumes\upload\route.ts
FN:12,POST
FN:193,(anonymous_2)
FN:211,(anonymous_3)
FN:224,(anonymous_4)
FNF:4
FNH:0
FNDA:0,POST
FNDA:0,(anonymous_2)
FNDA:0,(anonymous_3)
FNDA:0,(anonymous_4)
DA:1,0
DA:2,0
DA:3,0
DA:4,0
DA:5,0
DA:6,0
DA:7,0
DA:8,0
DA:9,0
DA:12,0
DA:13,0
DA:16,0
DA:18,0
DA:20,0
DA:21,0
DA:22,0
DA:23,0
DA:27,0
DA:30,0
DA:32,0
DA:33,0
DA:36,0
DA:39,0
DA:40,0
DA:42,0
DA:43,0
DA:44,0
DA:47,0
DA:53,0
DA:54,0
DA:59,0
DA:65,0
DA:66,0
DA:70,0
DA:74,0
DA:75,0
DA:76,0
DA:83,0
DA:86,0
DA:96,0
DA:97,0
DA:98,0
DA:105,0
DA:127,0
DA:135,0
DA:136,0
DA:143,0
DA:147,0
DA:148,0
DA:149,0
DA:151,0
DA:159,0
DA:191,0
DA:192,0
DA:193,0
DA:209,0
DA:210,0
DA:211,0
DA:222,0
DA:223,0
DA:224,0
DA:235,0
DA:237,0
DA:247,0
DA:252,0
DA:261,0
DA:262,0
DA:264,0
DA:272,0
DA:296,0
LF:70
LH:0
BRDA:20,0,0,0
BRDA:20,0,1,0
BRDA:20,0,2,0
BRDA:22,1,0,0
BRDA:32,2,0,0
BRDA:50,3,0,0
BRDA:50,3,1,0
BRDA:53,4,0,0
BRDA:65,5,0,0
BRDA:75,6,0,0
BRDA:135,7,0,0
BRDA:191,8,0,0
BRDA:191,9,0,0
BRDA:191,9,1,0
BRDA:200,10,0,0
BRDA:200,10,1,0
BRDA:201,11,0,0
BRDA:201,11,1,0
BRDA:202,12,0,0
BRDA:202,12,1,0
BRDA:209,13,0,0
BRDA:209,14,0,0
BRDA:209,14,1,0
BRDA:222,15,0,0
BRDA:222,16,0,0
BRDA:222,16,1,0
BRDA:262,17,0,0
BRDA:262,17,1,0
BRDA:266,18,0,0
BRDA:266,18,1,0
BRDA:268,19,0,0
BRDA:268,19,1,0
BRDA:272,20,0,0
BRDA:299,21,0,0
BRDA:299,21,1,0
BRF:35
BRH:0
end_of_record
TN:
SF:app\api\sitemap\route.ts
FN:3,GET
FN:34,(anonymous_2)
FNF:2
FNH:0
FNDA:0,GET
FNDA:0,(anonymous_2)
DA:1,0
DA:3,0
DA:4,0
DA:14,0
DA:28,0
DA:30,0
DA:31,0
DA:34,0
DA:35,0
DA:36,0
DA:37,0
DA:38,0
DA:39,0
DA:40,0
DA:53,0
DA:55,0
DA:61,0
DA:62,0
LF:18
LH:0
BRF:0
BRH:0
end_of_record
TN:
SF:app\blog\layout.tsx
FN:12,BlogLayout
FNF:1
FNH:0
FNDA:0,BlogLayout
DA:3,0
DA:12,0
DA:17,0
LF:3
LH:0
BRF:0
BRH:0
end_of_record
TN:
SF:app\blog\page.tsx
FN:12,BlogPage
FN:16,BlogContent
FN:161,(anonymous_4)
FNF:3
FNH:0
FNDA:0,BlogPage
FNDA:0,BlogContent
FNDA:0,(anonymous_4)
DA:3,0
DA:4,0
DA:5,0
DA:6,0
DA:7,0
DA:8,0
DA:9,0
DA:12,0
DA:13,0
DA:17,0
DA:18,0
DA:20,0
DA:162,0
LF:13
LH:0
BRDA:82,0,0,0
BRF:1
BRH:0
end_of_record
TN:
SF:app\blog\[slug]\layout.tsx
FN:11,generateMetadata
FN:42,generateStaticParams
FN:44,(anonymous_6)
FN:49,BlogPostLayout
FNF:4
FNH:0
FNDA:0,generateMetadata
FNDA:0,generateStaticParams
FNDA:0,(anonymous_6)
FNDA:0,BlogPostLayout
DA:2,0
DA:11,0
DA:12,0
DA:13,0
DA:15,0
DA:16,0
DA:21,0
DA:42,0
DA:43,0
DA:44,0
DA:49,0
DA:54,0
LF:12
LH:0
BRDA:15,0,0,0
BRF:1
BRH:0
end_of_record
TN:
SF:app\blog\[slug]\page.tsx
FN:13,BlogPostPage
FN:20,(anonymous_3)
FN:31,(anonymous_4)
FN:33,(anonymous_5)
FN:34,(anonymous_6)
FN:44,(anonymous_7)
FN:46,(anonymous_8)
FN:47,(anonymous_9)
FN:57,(anonymous_10)
FN:58,(anonymous_11)
FN:64,(anonymous_12)
FN:67,(anonymous_13)
FN:132,(anonymous_14)
FN:218,(anonymous_15)
FNF:14
FNH:0
FNDA:0,BlogPostPage
FNDA:0,(anonymous_3)
FNDA:0,(anonymous_4)
FNDA:0,(anonymous_5)
FNDA:0,(anonymous_6)
FNDA:0,(anonymous_7)
FNDA:0,(anonymous_8)
FNDA:0,(anonymous_9)
FNDA:0,(anonymous_10)
FNDA:0,(anonymous_11)
FNDA:0,(anonymous_12)
FNDA:0,(anonymous_13)
FNDA:0,(anonymous_14)
FNDA:0,(anonymous_15)
DA:3,0
DA:4,0
DA:5,0
DA:6,0
DA:7,0
DA:8,0
DA:10,0
DA:13,0
DA:14,0
DA:15,0
DA:16,0
DA:17,0
DA:18,0
DA:20,0
DA:21,0
DA:23,0
DA:24,0
DA:25,0
DA:27,0
DA:28,0
DA:31,0
DA:32,0
DA:34,0
DA:35,0
DA:36,0
DA:43,0
DA:44,0
DA:46,0
DA:47,0
DA:51,0
DA:55,0
DA:57,0
DA:59,0
DA:60,0
DA:61,0
DA:62,0
DA:64,0
DA:65,0
DA:68,0
DA:69,0
DA:70,0
DA:71,0
DA:73,0
DA:74,0
DA:75,0
DA:76,0
DA:78,0
DA:79,0
DA:81,0
DA:82,0
DA:84,0
DA:85,0
DA:87,0
DA:133,0
DA:219,0
LF:55
LH:0
BRDA:21,0,0,0
BRDA:24,1,0,0
BRDA:35,2,0,0
BRDA:51,3,0,0
BRDA:57,4,0,0
BRDA:57,4,1,0
BRDA:59,5,0,0
BRDA:59,5,1,0
BRDA:68,6,0,0
BRDA:73,7,0,0
BRDA:78,8,0,0
BRDA:81,9,0,0
BRDA:81,10,0,0
BRDA:81,10,1,0
BRDA:84,11,0,0
BRDA:137,12,0,0
BRDA:137,12,1,0
BRDA:140,13,0,0
BRDA:140,13,1,0
BRDA:209,14,0,0
BRF:20
BRH:0
end_of_record
TN:
SF:app\dashboard\layout.tsx
FN:8,DashboardLayout
FNF:1
FNH:0
FNDA:0,DashboardLayout
DA:2,0
DA:3,0
DA:4,0
DA:5,0
DA:6,0
DA:8,0
DA:13,0
DA:15,0
DA:16,0
LF:9
LH:0
BRDA:15,0,0,0
BRF:1
BRH:0
end_of_record
TN:
SF:app\dashboard\page.tsx
FN:6,DashboardPage
FN:56,(anonymous_2)
FN:57,(anonymous_3)
FN:60,(anonymous_4)
FN:74,(anonymous_5)
FNF:5
FNH:0
FNDA:0,DashboardPage
FNDA:0,(anonymous_2)
FNDA:0,(anonymous_3)
FNDA:0,(anonymous_4)
FNDA:0,(anonymous_5)
DA:1,0
DA:2,0
DA:3,0
DA:4,0
DA:6,0
DA:7,0
DA:9,0
DA:10,0
DA:13,0
DA:16,0
DA:23,0
DA:32,0
DA:55,0
DA:56,0
DA:57,0
DA:59,0
DA:60,0
DA:63,0
DA:74,0
LF:19
LH:0
BRDA:9,0,0,0
BRDA:56,1,0,0
BRDA:56,1,1,0
BRDA:59,2,0,0
BRDA:59,2,1,0
BRDA:65,3,0,0
BRDA:65,3,1,0
BRDA:66,4,0,0
BRDA:66,4,1,0
BRDA:72,5,0,0
BRDA:72,5,1,0
BRDA:78,6,0,0
BRDA:78,6,1,0
BRF:13
BRH:0
end_of_record
TN:
SF:app\dashboard\resumes\client.tsx
FN:33,ResumesPageClient
FN:37,(anonymous_2)
FN:60,(anonymous_3)
FN:66,(anonymous_4)
FN:77,(anonymous_5)
FN:88,(anonymous_6)
FN:101,(anonymous_7)
FN:107,(anonymous_8)
FN:177,(anonymous_9)
FN:185,(anonymous_10)
FN:195,(anonymous_11)
FNF:11
FNH:0
FNDA:0,ResumesPageClient
FNDA:0,(anonymous_2)
FNDA:0,(anonymous_3)
FNDA:0,(anonymous_4)
FNDA:0,(anonymous_5)
FNDA:0,(anonymous_6)
FNDA:0,(anonymous_7)
FNDA:0,(anonymous_8)
FNDA:0,(anonymous_9)
FNDA:0,(anonymous_10)
FNDA:0,(anonymous_11)
DA:3,0
DA:4,0
DA:5,0
DA:6,0
DA:7,0
DA:8,0
DA:33,0
DA:34,0
DA:35,0
DA:37,0
DA:38,0
DA:40,0
DA:41,0
DA:42,0
DA:46,0
DA:47,0
DA:49,0
DA:50,0
DA:53,0
DA:54,0
DA:56,0
DA:60,0
DA:61,0
DA:62,0
DA:63,0
DA:66,0
DA:67,0
DA:68,0
DA:69,0
DA:72,0
DA:77,0
DA:88,0
DA:101,0
DA:108,0
DA:109,0
DA:111,0
DA:177,0
DA:185,0
DA:195,0
LF:39
LH:0
BRDA:38,0,0,0
BRDA:46,1,0,0
BRDA:46,1,1,0
BRDA:50,2,0,0
BRDA:50,2,1,0
BRDA:54,3,0,0
BRDA:54,3,1,0
BRDA:61,4,0,0
BRDA:62,5,0,0
BRDA:67,6,0,0
BRDA:68,7,0,0
BRDA:72,8,0,0
BRDA:109,9,0,0
BRDA:109,9,1,0
BRDA:122,10,0,0
BRDA:132,11,0,0
BRDA:136,12,0,0
BRDA:139,13,0,0
BRDA:139,13,1,0
BRDA:144,14,0,0
BRDA:147,15,0,0
BRDA:147,15,1,0
BRDA:152,16,0,0
BRDA:155,17,0,0
BRDA:155,17,1,0
BRDA:160,18,0,0
BRDA:163,19,0,0
BRDA:163,19,1,0
BRF:28
BRH:0
end_of_record
TN:
SF:app\dashboard\resumes\page.tsx
FN:7,ResumesPage
FN:27,(anonymous_3)
FN:44,(anonymous_4)
FNF:3
FNH:0
FNDA:0,ResumesPage
FNDA:0,(anonymous_3)
FNDA:0,(anonymous_4)
DA:1,0
DA:2,0
DA:3,0
DA:4,0
DA:5,0
DA:7,0
DA:8,0
DA:10,0
DA:11,0
DA:14,0
DA:16,0
DA:26,0
DA:28,0
DA:38,0
DA:44,0
LF:15
LH:0
BRDA:10,0,0,0
BRDA:45,1,0,0
BRDA:45,1,1,0
BRF:3
BRH:0
end_of_record
TN:
SF:app\dashboard\resumes\[id]\metadata.tsx
FN:4,generateMetadata
FNF:1
FNH:0
FNDA:0,generateMetadata
DA:2,0
DA:4,0
DA:7,0
DA:8,0
DA:9,0
DA:14,0
DA:23,0
LF:7
LH:0
BRDA:15,0,0,0
BRDA:15,0,1,0
BRF:2
BRH:0
end_of_record
TN:
SF:app\dashboard\resumes\[id]\page.tsx
FN:59,ResumeDetailPage
FN:69,(anonymous_3)
FN:74,(anonymous_4)
FN:77,(anonymous_5)
FN:196,(anonymous_6)
FN:197,(anonymous_7)
FN:198,(anonymous_8)
FN:201,(anonymous_9)
FN:202,(anonymous_10)
FN:203,(anonymous_11)
FN:206,(anonymous_12)
FN:324,(anonymous_13)
FN:348,(anonymous_14)
FN:372,(anonymous_15)
FN:396,(anonymous_16)
FN:451,(anonymous_17)
FN:478,(anonymous_18)
FN:505,(anonymous_19)
FNF:18
FNH:0
FNDA:0,ResumeDetailPage
FNDA:0,(anonymous_3)
FNDA:0,(anonymous_4)
FNDA:0,(anonymous_5)
FNDA:0,(anonymous_6)
FNDA:0,(anonymous_7)
FNDA:0,(anonymous_8)
FNDA:0,(anonymous_9)
FNDA:0,(anonymous_10)
FNDA:0,(anonymous_11)
FNDA:0,(anonymous_12)
FNDA:0,(anonymous_13)
FNDA:0,(anonymous_14)
FNDA:0,(anonymous_15)
FNDA:0,(anonymous_16)
FNDA:0,(anonymous_17)
FNDA:0,(anonymous_18)
FNDA:0,(anonymous_19)
DA:3,0
DA:4,0
DA:5,0
DA:6,0
DA:7,0
DA:8,0
DA:9,0
DA:10,0
DA:11,0
DA:12,0
DA:13,0
DA:59,0
DA:64,0
DA:65,0
DA:66,0
DA:67,0
DA:69,0
DA:71,0
DA:74,0
DA:75,0
DA:77,0
DA:78,0
DA:79,0
DA:80,0
DA:81,0
DA:83,0
DA:84,0
DA:86,0
DA:88,0
DA:92,0
DA:95,0
DA:110,0
DA:129,0
DA:131,0
DA:172,0
DA:180,0
DA:181,0
DA:182,0
DA:183,0
DA:196,0
DA:197,0
DA:198,0
DA:201,0
DA:202,0
DA:203,0
DA:206,0
DA:325,0
DA:349,0
DA:373,0
DA:397,0
DA:452,0
DA:479,0
DA:506,0
LF:53
LH:0
BRDA:75,0,0,0
BRDA:80,1,0,0
BRDA:86,2,0,0
BRDA:86,2,1,0
BRDA:95,3,0,0
BRDA:110,4,0,0
BRDA:110,5,0,0
BRDA:110,5,1,0
BRDA:120,6,0,0
BRDA:120,6,1,0
BRDA:131,7,0,0
BRDA:181,8,0,0
BRDA:181,9,0,0
BRDA:181,9,1,0
BRDA:184,10,0,0
BRDA:184,10,1,0
BRDA:185,11,0,0
BRDA:185,11,1,0
BRDA:186,12,0,0
BRDA:186,12,1,0
BRDA:187,13,0,0
BRDA:187,13,1,0
BRDA:188,14,0,0
BRDA:188,14,1,0
BRDA:197,15,0,0
BRDA:197,15,1,0
BRDA:198,16,0,0
BRDA:198,16,1,0
BRDA:208,17,0,0
BRDA:208,17,1,0
BRDA:210,18,0,0
BRDA:210,18,1,0
BRDA:210,19,0,0
BRDA:210,19,1,0
BRDA:210,19,2,0
BRDA:212,20,0,0
BRDA:212,20,1,0
BRDA:212,21,0,0
BRDA:212,21,1,0
BRDA:212,21,2,0
BRDA:214,22,0,0
BRDA:214,22,1,0
BRDA:214,23,0,0
BRDA:214,23,1,0
BRDA:214,23,2,0
BRDA:271,24,0,0
BRDA:271,24,1,0
BRDA:289,25,0,0
BRDA:289,25,1,0
BRDA:290,26,0,0
BRDA:290,26,1,0
BRDA:291,27,0,0
BRDA:291,27,1,0
BRDA:292,28,0,0
BRDA:292,28,1,0
BRDA:293,29,0,0
BRDA:293,29,1,0
BRDA:294,30,0,0
BRDA:294,30,1,0
BRDA:295,31,0,0
BRDA:295,31,1,0
BRDA:296,32,0,0
BRDA:296,32,1,0
BRDA:297,33,0,0
BRDA:297,33,1,0
BRDA:298,34,0,0
BRDA:298,34,1,0
BRDA:324,35,0,0
BRDA:348,36,0,0
BRDA:372,37,0,0
BRDA:396,38,0,0
BRDA:405,39,0,0
BRDA:405,39,1,0
BRDA:405,40,0,0
BRDA:405,40,1,0
BRDA:407,41,0,0
BRDA:407,41,1,0
BRDA:407,42,0,0
BRDA:407,42,1,0
BRDA:412,43,0,0
BRDA:412,43,1,0
BRDA:415,44,0,0
BRDA:415,44,1,0
BRDA:416,45,0,0
BRDA:444,46,0,0
BRDA:457,47,0,0
BRDA:471,48,0,0
BRDA:484,49,0,0
BRDA:498,50,0,0
BRDA:511,51,0,0
BRDA:525,52,0,0
BRDA:551,53,0,0
BRF:92
BRH:0
end_of_record
TN:
SF:app\dashboard\settings\page.tsx
FN:11,SettingsPage
FNF:1
FNH:0
FNDA:0,SettingsPage
DA:1,0
DA:2,0
DA:3,0
DA:4,0
DA:5,0
DA:6,0
DA:7,0
DA:8,0
DA:9,0
DA:11,0
DA:12,0
DA:15,0
DA:16,0
DA:21,0
DA:22,0
LF:15
LH:0
BRDA:15,0,0,0
BRDA:47,1,0,0
BRDA:47,1,1,0
BRDA:56,2,0,0
BRDA:56,2,1,0
BRF:5
BRH:0
end_of_record
TN:
SF:app\dashboard\upload\page.tsx
FN:41,UploadPage
FN:58,(anonymous_2)
FN:63,(anonymous_3)
FN:68,(anonymous_4)
FN:93,(anonymous_5)
FN:107,(anonymous_6)
FN:115,onSubmit
FN:129,(anonymous_8)
FN:130,(anonymous_9)
FN:171,(anonymous_10)
FN:215,(anonymous_11)
FN:418,(anonymous_14)
FN:465,(anonymous_15)
FNF:13
FNH:0
FNDA:0,UploadPage
FNDA:0,(anonymous_2)
FNDA:0,(anonymous_3)
FNDA:0,(anonymous_4)
FNDA:0,(anonymous_5)
FNDA:0,(anonymous_6)
FNDA:0,onSubmit
FNDA:0,(anonymous_8)
FNDA:0,(anonymous_9)
FNDA:0,(anonymous_10)
FNDA:0,(anonymous_11)
FNDA:0,(anonymous_14)
FNDA:0,(anonymous_15)
DA:3,0
DA:4,0
DA:5,0
DA:6,0
DA:7,0
DA:8,0
DA:9,0
DA:10,0
DA:11,0
DA:12,0
DA:13,0
DA:14,0
DA:15,0
DA:29,0
DA:31,0
DA:41,0
DA:42,0
DA:43,0
DA:44,0
DA:45,0
DA:46,0
DA:47,0
DA:48,0
DA:50,0
DA:58,0
DA:59,0
DA:60,0
DA:63,0
DA:64,0
DA:65,0
DA:68,0
DA:69,0
DA:70,0
DA:72,0
DA:73,0
DA:75,0
DA:76,0
DA:77,0
DA:80,0
DA:81,0
DA:82,0
DA:85,0
DA:93,0
DA:94,0
DA:95,0
DA:96,0
DA:97,0
DA:100,0
DA:101,0
DA:102,0
DA:107,0
DA:108,0
DA:109,0
DA:110,0
DA:111,0
DA:116,0
DA:117,0
DA:119,0
DA:120,0
DA:121,0
DA:122,0
DA:124,0
DA:125,0
DA:129,0
DA:130,0
DA:131,0
DA:132,0
DA:133,0
DA:135,0
DA:139,0
DA:144,0
DA:146,0
DA:147,0
DA:148,0
DA:151,0
DA:153,0
DA:158,0
DA:160,0
DA:166,0
DA:167,0
DA:171,0
DA:172,0
DA:173,0
DA:174,0
DA:175,0
DA:176,0
DA:215,0
DA:419,0
DA:466,0
LF:89
LH:0
BRDA:75,0,0,0
BRDA:75,0,1,0
BRDA:75,1,0,0
BRDA:75,1,1,0
BRDA:75,1,2,0
BRDA:75,1,3,0
BRDA:81,2,0,0
BRDA:95,3,0,0
BRDA:101,4,0,0
BRDA:110,5,0,0
BRDA:124,6,0,0
BRDA:131,7,0,0
BRDA:146,8,0,0
BRDA:148,9,0,0
BRDA:148,9,1,0
BRDA:162,10,0,0
BRDA:162,10,1,0
BRDA:172,11,0,0
BRDA:211,12,0,0
BRDA:217,13,0,0
BRDA:217,13,1,0
BRDA:228,14,0,0
BRDA:228,14,1,0
BRDA:229,15,0,0
BRDA:229,15,1,0
BRDA:238,16,0,0
BRDA:238,16,1,0
BRDA:337,17,0,0
BRDA:357,18,0,0
BRDA:357,18,1,0
BRDA:363,19,0,0
BRF:31
BRH:0
end_of_record
TN:
SF:app\login\metadata.ts
FNF:0
FNH:0
DA:3,0
LF:1
LH:0
BRF:0
BRH:0
end_of_record
TN:
SF:app\login\page.tsx
FN:37,LoginPage
FN:51,onSubmit
FN:174,(anonymous_6)
FNF:3
FNH:0
FNDA:0,LoginPage
FNDA:0,onSubmit
FNDA:0,(anonymous_6)
DA:3,0
DA:4,0
DA:5,0
DA:6,0
DA:7,0
DA:8,0
DA:9,0
DA:10,0
DA:11,0
DA:12,0
DA:13,0
DA:14,0
DA:15,0
DA:26,0
DA:28,0
DA:37,0
DA:38,0
DA:39,0
DA:40,0
DA:41,0
DA:43,0
DA:52,0
DA:54,0
DA:55,0
DA:61,0
DA:62,0
DA:65,0
DA:70,0
DA:72,0
DA:78,0
DA:174,0
LF:31
LH:0
BRDA:61,0,0,0
BRDA:62,1,0,0
BRDA:62,1,1,0
BRDA:74,2,0,0
BRDA:74,2,1,0
BRDA:167,3,0,0
BRDA:167,3,1,0
BRDA:177,4,0,0
BRDA:201,5,0,0
BRF:9
BRH:0
end_of_record
TN:
SF:app\privacy\page.tsx
FN:14,PrivacyPage
FNF:1
FNH:0
FNDA:0,PrivacyPage
DA:1,0
DA:2,0
DA:5,0
DA:14,0
LF:4
LH:0
BRF:0
BRH:0
end_of_record
TN:
SF:app\register\metadata.ts
FNF:0
FNH:0
DA:3,0
LF:1
LH:0
BRF:0
BRH:0
end_of_record
TN:
SF:app\register\page.tsx
FN:41,(anonymous_2)
FN:46,RegisterPage
FN:63,onSubmit
FN:101,(anonymous_5)
FN:233,(anonymous_9)
FN:282,(anonymous_11)
FN:338,(anonymous_12)
FN:368,(anonymous_13)
FNF:8
FNH:0
FNDA:0,(anonymous_2)
FNDA:0,RegisterPage
FNDA:0,onSubmit
FNDA:0,(anonymous_5)
FNDA:0,(anonymous_9)
FNDA:0,(anonymous_11)
FNDA:0,(anonymous_12)
FNDA:0,(anonymous_13)
DA:3,0
DA:4,0
DA:5,0
DA:6,0
DA:7,0
DA:8,0
DA:9,0
DA:10,0
DA:11,0
DA:12,0
DA:13,0
DA:14,0
DA:26,0
DA:28,0
DA:41,0
DA:46,0
DA:47,0
DA:48,0
DA:49,0
DA:50,0
DA:51,0
DA:53,0
DA:64,0
DA:66,0
DA:67,0
DA:79,0
DA:80,0
DA:81,0
DA:84,0
DA:89,0
DA:91,0
DA:97,0
DA:101,0
DA:102,0
DA:104,0
DA:105,0
DA:106,0
DA:107,0
DA:108,0
DA:109,0
DA:111,0
DA:112,0
DA:113,0
DA:114,0
DA:117,0
DA:233,0
DA:282,0
DA:339,0
DA:369,0
LF:49
LH:0
BRDA:79,0,0,0
BRDA:81,1,0,0
BRDA:81,1,1,0
BRDA:93,2,0,0
BRDA:93,2,1,0
BRDA:102,3,0,0
BRDA:105,4,0,0
BRDA:106,5,0,0
BRDA:107,6,0,0
BRDA:108,7,0,0
BRDA:109,8,0,0
BRDA:111,9,0,0
BRDA:112,10,0,0
BRDA:113,11,0,0
BRDA:117,12,0,0
BRDA:117,12,1,0
BRDA:226,13,0,0
BRDA:226,13,1,0
BRDA:236,14,0,0
BRDA:240,15,0,0
BRDA:251,16,0,0
BRDA:251,16,1,0
BRDA:252,17,0,0
BRDA:252,17,1,0
BRDA:253,18,0,0
BRDA:253,18,1,0
BRDA:275,19,0,0
BRDA:275,19,1,0
BRDA:285,20,0,0
BRDA:300,21,0,0
BRF:30
BRH:0
end_of_record
TN:
SF:app\terms\page.tsx
FN:13,TermsPage
FNF:1
FNH:0
FNDA:0,TermsPage
DA:1,0
DA:2,0
DA:5,0
DA:13,0
LF:4
LH:0
BRF:0
BRH:0
end_of_record
TN:
SF:components\ai-suggestions.tsx
FN:53,AISuggestions
FN:61,(anonymous_2)
FN:65,(anonymous_3)
FN:74,(anonymous_4)
FN:93,(anonymous_5)
FN:255,(anonymous_6)
FN:298,(anonymous_7)
FN:299,(anonymous_8)
FN:313,(anonymous_9)
FN:320,(anonymous_10)
FN:328,(anonymous_11)
FN:338,(anonymous_12)
FN:348,(anonymous_13)
FN:370,(anonymous_14)
FN:440,(anonymous_15)
FN:462,(anonymous_16)
FN:464,(anonymous_17)
FN:503,(anonymous_18)
FN:517,(anonymous_19)
FN:539,(anonymous_20)
FN:570,(anonymous_21)
FN:583,(anonymous_22)
FN:620,(anonymous_23)
FN:620,(anonymous_24)
FN:642,(anonymous_25)
FN:643,(anonymous_26)
FN:649,(anonymous_27)
FN:659,(anonymous_28)
FN:660,(anonymous_29)
FN:678,(anonymous_30)
FN:680,(anonymous_31)
FNF:31
FNH:0
FNDA:0,AISuggestions
FNDA:0,(anonymous_2)
FNDA:0,(anonymous_3)
FNDA:0,(anonymous_4)
FNDA:0,(anonymous_5)
FNDA:0,(anonymous_6)
FNDA:0,(anonymous_7)
FNDA:0,(anonymous_8)
FNDA:0,(anonymous_9)
FNDA:0,(anonymous_10)
FNDA:0,(anonymous_11)
FNDA:0,(anonymous_12)
FNDA:0,(anonymous_13)
FNDA:0,(anonymous_14)
FNDA:0,(anonymous_15)
FNDA:0,(anonymous_16)
FNDA:0,(anonymous_17)
FNDA:0,(anonymous_18)
FNDA:0,(anonymous_19)
FNDA:0,(anonymous_20)
FNDA:0,(anonymous_21)
FNDA:0,(anonymous_22)
FNDA:0,(anonymous_23)
FNDA:0,(anonymous_24)
FNDA:0,(anonymous_25)
FNDA:0,(anonymous_26)
FNDA:0,(anonymous_27)
FNDA:0,(anonymous_28)
FNDA:0,(anonymous_29)
FNDA:0,(anonymous_30)
FNDA:0,(anonymous_31)
DA:3,0
DA:4,0
DA:5,0
DA:6,0
DA:7,0
DA:8,0
DA:9,0
DA:20,0
DA:21,0
DA:22,0
DA:53,0
DA:57,0
DA:58,0
DA:59,0
DA:60,0
DA:62,0
DA:63,0
DA:65,0
DA:66,0
DA:74,0
DA:75,0
DA:82,0
DA:88,0
DA:93,0
DA:94,0
DA:95,0
DA:96,0
DA:113,0
DA:114,0
DA:129,0
DA:130,0
DA:147,0
DA:148,0
DA:165,0
DA:166,0
DA:183,0
DA:184,0
DA:199,0
DA:200,0
DA:217,0
DA:218,0
DA:235,0
DA:236,0
DA:252,0
DA:255,0
DA:256,0
DA:258,0
DA:259,0
DA:262,0
DA:263,0
DA:266,0
DA:267,0
DA:270,0
DA:271,0
DA:274,0
DA:275,0
DA:278,0
DA:279,0
DA:282,0
DA:283,0
DA:287,0
DA:288,0
DA:289,0
DA:292,0
DA:294,0
DA:297,0
DA:298,0
DA:299,0
DA:308,0
DA:313,0
DA:314,0
DA:317,0
DA:318,0
DA:320,0
DA:321,0
DA:322,0
DA:323,0
DA:324,0
DA:328,0
DA:330,0
DA:338,0
DA:339,0
DA:340,0
DA:341,0
DA:342,0
DA:343,0
DA:344,0
DA:348,0
DA:349,0
DA:350,0
DA:351,0
DA:352,0
DA:353,0
DA:354,0
DA:358,0
DA:371,0
DA:372,0
DA:440,0
DA:462,0
DA:465,0
DA:466,0
DA:503,0
DA:517,0
DA:540,0
DA:541,0
DA:571,0
DA:583,0
DA:620,0
DA:642,0
DA:644,0
DA:649,0
DA:659,0
DA:661,0
DA:678,0
DA:681,0
LF:115
LH:0
BRDA:55,0,0,0
BRDA:60,1,0,0
BRDA:60,1,1,0
BRDA:65,2,0,0
BRDA:65,2,1,0
BRDA:66,3,0,0
BRDA:66,3,1,0
BRDA:66,3,2,0
BRDA:66,3,3,0
BRDA:66,3,4,0
BRDA:66,3,5,0
BRDA:74,4,0,0
BRDA:74,4,1,0
BRDA:75,5,0,0
BRDA:75,5,1,0
BRDA:75,5,2,0
BRDA:75,5,3,0
BRDA:75,5,4,0
BRDA:75,5,5,0
BRDA:95,6,0,0
BRDA:95,7,0,0
BRDA:95,7,1,0
BRDA:99,8,0,0
BRDA:99,8,1,0
BRDA:99,9,0,0
BRDA:99,9,1,0
BRDA:103,10,0,0
BRDA:103,10,1,0
BRDA:113,11,0,0
BRDA:113,12,0,0
BRDA:113,12,1,0
BRDA:117,13,0,0
BRDA:117,13,1,0
BRDA:129,14,0,0
BRDA:129,15,0,0
BRDA:129,15,1,0
BRDA:133,16,0,0
BRDA:133,16,1,0
BRDA:147,17,0,0
BRDA:147,18,0,0
BRDA:147,18,1,0
BRDA:151,19,0,0
BRDA:151,19,1,0
BRDA:165,20,0,0
BRDA:165,21,0,0
BRDA:165,21,1,0
BRDA:169,22,0,0
BRDA:169,22,1,0
BRDA:183,23,0,0
BRDA:183,24,0,0
BRDA:183,24,1,0
BRDA:187,25,0,0
BRDA:187,25,1,0
BRDA:199,26,0,0
BRDA:199,27,0,0
BRDA:199,27,1,0
BRDA:203,28,0,0
BRDA:203,28,1,0
BRDA:217,29,0,0
BRDA:217,30,0,0
BRDA:217,30,1,0
BRDA:221,31,0,0
BRDA:221,31,1,0
BRDA:235,32,0,0
BRDA:258,33,0,0
BRDA:258,34,0,0
BRDA:258,34,1,0
BRDA:262,35,0,0
BRDA:262,36,0,0
BRDA:262,36,1,0
BRDA:266,37,0,0
BRDA:266,38,0,0
BRDA:266,38,1,0
BRDA:270,39,0,0
BRDA:270,40,0,0
BRDA:270,40,1,0
BRDA:274,41,0,0
BRDA:274,42,0,0
BRDA:274,42,1,0
BRDA:278,43,0,0
BRDA:278,44,0,0
BRDA:278,44,1,0
BRDA:282,45,0,0
BRDA:282,46,0,0
BRDA:282,46,1,0
BRDA:287,47,0,0
BRDA:297,48,0,0
BRDA:297,48,1,0
BRDA:313,49,0,0
BRDA:313,49,1,0
BRDA:314,50,0,0
BRDA:314,50,1,0
BRDA:318,51,0,0
BRDA:318,51,1,0
BRDA:339,52,0,0
BRDA:339,52,1,0
BRDA:339,52,2,0
BRDA:339,52,3,0
BRDA:339,52,4,0
BRDA:349,53,0,0
BRDA:349,53,1,0
BRDA:349,53,2,0
BRDA:349,53,3,0
BRDA:349,53,4,0
BRDA:358,54,0,0
BRDA:385,55,0,0
BRDA:462,56,0,0
BRDA:462,56,1,0
BRDA:485,57,0,0
BRDA:502,58,0,0
BRDA:521,59,0,0
BRDA:530,60,0,0
BRDA:561,61,0,0
BRDA:566,62,0,0
BRDA:566,62,1,0
BRDA:587,63,0,0
BRDA:620,64,0,0
BRDA:620,64,1,0
BRDA:624,65,0,0
BRDA:624,65,1,0
BRDA:624,66,0,0
BRDA:624,66,1,0
BRDA:625,67,0,0
BRDA:625,67,1,0
BRDA:625,68,0,0
BRDA:625,68,1,0
BRDA:630,69,0,0
BRDA:630,69,1,0
BRDA:649,70,0,0
BRDA:665,71,0,0
BRF:130
BRH:0
end_of_record
TN:
SF:components\ats-compatibility-details.tsx
FN:25,ATSCompatibilityDetails
FN:27,(anonymous_2)
FN:58,(anonymous_3)
FN:88,(anonymous_4)
FNF:4
FNH:0
FNDA:0,ATSCompatibilityDetails
FNDA:0,(anonymous_2)
FNDA:0,(anonymous_3)
FNDA:0,(anonymous_4)
DA:3,0
DA:4,0
DA:5,0
DA:6,0
DA:25,0
DA:27,0
DA:59,0
DA:89,0
LF:8
LH:0
BRDA:40,0,0,0
BRDA:40,0,1,0
BRDA:44,1,0,0
BRDA:44,1,1,0
BRDA:46,2,0,0
BRDA:46,2,1,0
BRDA:48,3,0,0
BRDA:48,3,1,0
BRDA:54,4,0,0
BRDA:62,5,0,0
BRDA:64,6,0,0
BRDA:84,7,0,0
BRF:12
BRH:0
end_of_record
TN:
SF:components\auth-provider.tsx
FN:7,AuthProvider
FNF:1
FNH:0
FNDA:0,AuthProvider
DA:5,0
DA:7,0
LF:2
LH:0
BRF:0
BRH:0
end_of_record
TN:
SF:components\features-section.tsx
FN:100,FeaturesSection
FN:105,(anonymous_2)
FN:108,(anonymous_3)
FN:109,(anonymous_4)
FN:112,(anonymous_5)
FN:163,(anonymous_6)
FN:177,(anonymous_7)
FN:210,(anonymous_8)
FNF:8
FNH:0
FNDA:0,FeaturesSection
FNDA:0,(anonymous_2)
FNDA:0,(anonymous_3)
FNDA:0,(anonymous_4)
FNDA:0,(anonymous_5)
FNDA:0,(anonymous_6)
FNDA:0,(anonymous_7)
FNDA:0,(anonymous_8)
DA:3,0
DA:4,0
DA:5,0
DA:16,0
DA:17,0
DA:18,0
DA:33,0
DA:100,0
DA:101,0
DA:102,0
DA:103,0
DA:105,0
DA:106,0
DA:108,0
DA:109,0
DA:112,0
DA:164,0
DA:178,0
DA:211,0
LF:19
LH:0
BRDA:106,0,0,0
BRDA:129,1,0,0
BRDA:129,1,1,0
BRDA:261,2,0,0
BRDA:261,2,1,0
BRF:5
BRH:0
end_of_record
TN:
SF:components\hero-section.tsx
FN:21,HeroSection
FN:39,(anonymous_3)
FN:40,(anonymous_4)
FN:41,(anonymous_5)
FN:43,(anonymous_6)
FN:46,(anonymous_7)
FN:47,(anonymous_8)
FN:51,(anonymous_9)
FN:110,(anonymous_10)
FN:157,(anonymous_11)
FN:182,(anonymous_12)
FNF:11
FNH:0
FNDA:0,HeroSection
FNDA:0,(anonymous_3)
FNDA:0,(anonymous_4)
FNDA:0,(anonymous_5)
FNDA:0,(anonymous_6)
FNDA:0,(anonymous_7)
FNDA:0,(anonymous_8)
FNDA:0,(anonymous_9)
FNDA:0,(anonymous_10)
FNDA:0,(anonymous_11)
FNDA:0,(anonymous_12)
DA:3,0
DA:4,0
DA:5,0
DA:6,0
DA:19,0
DA:21,0
DA:22,0
DA:23,0
DA:25,0
DA:32,0
DA:39,0
DA:40,0
DA:41,0
DA:43,0
DA:46,0
DA:47,0
DA:48,0
DA:50,0
DA:51,0
DA:111,0
DA:112,0
DA:158,0
DA:159,0
DA:183,0
LF:24
LH:0
BRDA:116,0,0,0
BRDA:116,0,1,0
BRDA:122,1,0,0
BRF:3
BRH:0
end_of_record
TN:
SF:components\how-it-works-section.tsx
FN:87,HowItWorksSection
FN:93,(anonymous_2)
FN:99,(anonymous_3)
FN:102,(anonymous_4)
FN:103,(anonymous_5)
FN:106,(anonymous_6)
FN:160,(anonymous_7)
FN:171,(anonymous_8)
FN:219,(anonymous_9)
FNF:9
FNH:0
FNDA:0,HowItWorksSection
FNDA:0,(anonymous_2)
FNDA:0,(anonymous_3)
FNDA:0,(anonymous_4)
FNDA:0,(anonymous_5)
FNDA:0,(anonymous_6)
FNDA:0,(anonymous_7)
FNDA:0,(anonymous_8)
FNDA:0,(anonymous_9)
DA:3,0
DA:4,0
DA:15,0
DA:16,0
DA:28,0
DA:87,0
DA:88,0
DA:89,0
DA:90,0
DA:91,0
DA:93,0
DA:94,0
DA:95,0
DA:99,0
DA:100,0
DA:102,0
DA:103,0
DA:106,0
DA:161,0
DA:162,0
DA:164,0
DA:171,0
DA:220,0
LF:23
LH:0
BRDA:94,0,0,0
BRDA:100,1,0,0
BRDA:132,2,0,0
BRDA:132,2,1,0
BRDA:168,3,0,0
BRDA:168,3,1,0
BRDA:174,4,0,0
BRDA:174,4,1,0
BRDA:181,5,0,0
BRDA:181,5,1,0
BRDA:186,6,0,0
BRDA:194,7,0,0
BRDA:194,7,1,0
BRDA:200,8,0,0
BRDA:206,9,0,0
BRDA:206,9,1,0
BRDA:217,10,0,0
BRDA:217,10,1,0
BRDA:236,11,0,0
BRDA:247,12,0,0
BRDA:247,12,1,0
BRDA:264,13,0,0
BRDA:274,14,0,0
BRDA:288,15,0,0
BRDA:314,16,0,0
BRDA:339,17,0,0
BRDA:339,17,1,0
BRF:27
BRH:0
end_of_record
TN:
SF:components\modern-dashboard-nav.tsx
FN:53,ModernDashboardNav
FN:74,(anonymous_3)
FN:99,(anonymous_4)
FN:112,(anonymous_5)
FN:113,(anonymous_6)
FNF:5
FNH:0
FNDA:0,ModernDashboardNav
FNDA:0,(anonymous_3)
FNDA:0,(anonymous_4)
FNDA:0,(anonymous_5)
FNDA:0,(anonymous_6)
DA:3,0
DA:4,0
DA:5,0
DA:6,0
DA:16,0
DA:17,0
DA:18,0
DA:20,0
DA:47,0
DA:53,0
DA:54,0
DA:55,0
DA:75,0
DA:100,0
DA:101,0
DA:103,0
DA:112,0
DA:113,0
LF:18
LH:0
BRDA:115,0,0,0
BRDA:115,0,1,0
BRDA:121,1,0,0
BRDA:133,2,0,0
BRDA:133,2,1,0
BRDA:143,3,0,0
BRDA:150,4,0,0
BRDA:150,4,1,0
BRDA:158,5,0,0
BRDA:158,5,1,0
BRF:10
BRH:0
end_of_record
TN:
SF:components\modern-dashboard-overview.tsx
FN:46,ModernDashboardOverview
FN:50,(anonymous_3)
FN:56,(anonymous_4)
FN:150,(anonymous_5)
FN:190,(anonymous_6)
FN:268,(anonymous_7)
FNF:6
FNH:0
FNDA:0,ModernDashboardOverview
FNDA:0,(anonymous_3)
FNDA:0,(anonymous_4)
FNDA:0,(anonymous_5)
FNDA:0,(anonymous_6)
FNDA:0,(anonymous_7)
DA:3,0
DA:4,0
DA:18,0
DA:19,0
DA:20,0
DA:21,0
DA:46,0
DA:47,0
DA:50,0
DA:51,0
DA:52,0
DA:53,0
DA:56,0
DA:57,0
DA:58,0
DA:59,0
DA:62,0
DA:97,0
DA:151,0
DA:191,0
DA:269,0
LF:21
LH:0
BRDA:51,0,0,0
BRDA:52,1,0,0
BRDA:57,2,0,0
BRDA:58,3,0,0
BRDA:81,4,0,0
BRDA:81,4,1,0
BRDA:84,5,0,0
BRDA:84,5,1,0
BRDA:85,6,0,0
BRDA:85,6,1,0
BRDA:89,7,0,0
BRDA:89,7,1,0
BRDA:189,8,0,0
BRDA:213,9,0,0
BRF:14
BRH:0
end_of_record
TN:
SF:components\modern-footer.tsx
FN:67,ModernFooter
FN:71,(anonymous_2)
FN:76,(anonymous_3)
FN:126,(anonymous_4)
FN:173,(anonymous_5)
FN:224,(anonymous_6)
FN:245,(anonymous_7)
FN:261,(anonymous_8)
FN:277,(anonymous_9)
FN:309,(anonymous_10)
FNF:10
FNH:0
FNDA:0,ModernFooter
FNDA:0,(anonymous_2)
FNDA:0,(anonymous_3)
FNDA:0,(anonymous_4)
FNDA:0,(anonymous_5)
FNDA:0,(anonymous_6)
FNDA:0,(anonymous_7)
FNDA:0,(anonymous_8)
FNDA:0,(anonymous_9)
FNDA:0,(anonymous_10)
DA:3,0
DA:19,0
DA:20,0
DA:21,0
DA:22,0
DA:24,0
DA:55,0
DA:60,0
DA:67,0
DA:68,0
DA:69,0
DA:71,0
DA:72,0
DA:73,0
DA:74,0
DA:75,0
DA:76,0
DA:126,0
DA:174,0
DA:175,0
DA:225,0
DA:226,0
DA:246,0
DA:262,0
DA:278,0
DA:310,0
LF:26
LH:0
BRDA:73,0,0,0
BRDA:139,1,0,0
BRDA:156,2,0,0
BRF:3
BRH:0
end_of_record
TN:
SF:components\modern-header.tsx
FN:39,ModernHeader
FN:45,(anonymous_3)
FN:49,(anonymous_4)
FN:50,(anonymous_5)
FN:54,(anonymous_6)
FN:100,(anonymous_7)
FN:168,(anonymous_8)
FN:196,(anonymous_9)
FN:210,(anonymous_10)
FN:217,(anonymous_11)
FN:226,(anonymous_12)
FN:231,(anonymous_13)
FNF:12
FNH:0
FNDA:0,ModernHeader
FNDA:0,(anonymous_3)
FNDA:0,(anonymous_4)
FNDA:0,(anonymous_5)
FNDA:0,(anonymous_6)
FNDA:0,(anonymous_7)
FNDA:0,(anonymous_8)
FNDA:0,(anonymous_9)
FNDA:0,(anonymous_10)
FNDA:0,(anonymous_11)
FNDA:0,(anonymous_12)
FNDA:0,(anonymous_13)
DA:3,0
DA:4,0
DA:5,0
DA:6,0
DA:13,0
DA:14,0
DA:15,0
DA:26,0
DA:39,0
DA:40,0
DA:41,0
DA:42,0
DA:43,0
DA:45,0
DA:46,0
DA:49,0
DA:50,0
DA:51,0
DA:53,0
DA:54,0
DA:56,0
DA:101,0
DA:102,0
DA:168,0
DA:196,0
DA:211,0
DA:212,0
DA:217,0
DA:226,0
DA:231,0
LF:30
LH:0
BRDA:39,0,0,0
BRDA:56,1,0,0
BRDA:56,1,1,0
BRDA:70,2,0,0
BRDA:70,2,1,0
BRDA:109,3,0,0
BRDA:122,4,0,0
BRDA:120,5,0,0
BRDA:120,5,1,0
BRDA:127,6,0,0
BRDA:131,7,0,0
BRDA:131,7,1,0
BRDA:133,8,0,0
BRDA:133,8,1,0
BRDA:142,9,0,0
BRDA:145,10,0,0
BRDA:199,11,0,0
BRDA:207,12,0,0
BRDA:219,13,0,0
BRDA:224,14,0,0
BRDA:224,14,1,0
BRDA:224,14,2,0
BRF:22
BRH:0
end_of_record
TN:
SF:components\modern-resume-charts.tsx
FN:74,ModernResumeCharts
FN:77,(anonymous_2)
FN:83,(anonymous_3)
FN:125,(anonymous_4)
FN:126,(anonymous_5)
FN:144,(anonymous_6)
FN:196,(anonymous_7)
FN:268,(anonymous_8)
FN:370,(anonymous_9)
FN:374,(anonymous_10)
FN:378,(anonymous_11)
FNF:11
FNH:0
FNDA:0,ModernResumeCharts
FNDA:0,(anonymous_2)
FNDA:0,(anonymous_3)
FNDA:0,(anonymous_4)
FNDA:0,(anonymous_5)
FNDA:0,(anonymous_6)
FNDA:0,(anonymous_7)
FNDA:0,(anonymous_8)
FNDA:0,(anonymous_9)
FNDA:0,(anonymous_10)
FNDA:0,(anonymous_11)
DA:3,0
DA:4,0
DA:5,0
DA:6,0
DA:7,0
DA:8,0
DA:22,0
DA:23,0
DA:24,0
DA:26,0
DA:59,0
DA:69,0
DA:74,0
DA:75,0
DA:77,0
DA:83,0
DA:84,0
DA:85,0
DA:86,0
DA:90,0
DA:104,0
DA:119,0
DA:125,0
DA:126,0
DA:135,0
DA:144,0
DA:154,0
DA:180,0
DA:196,0
DA:202,0
DA:227,0
DA:251,0
DA:268,0
DA:370,0
DA:374,0
DA:378,0
LF:36
LH:0
BRDA:84,0,0,0
BRDA:85,1,0,0
BRDA:101,2,0,0
BRDA:101,2,1,0
BRDA:101,3,0,0
BRDA:101,3,1,0
BRDA:107,4,0,0
BRDA:107,4,1,0
BRDA:108,5,0,0
BRDA:108,5,1,0
BRDA:109,6,0,0
BRDA:109,6,1,0
BRDA:110,7,0,0
BRDA:110,7,1,0
BRDA:111,8,0,0
BRDA:111,8,1,0
BRDA:112,9,0,0
BRDA:112,9,1,0
BRDA:113,10,0,0
BRDA:113,10,1,0
BRDA:114,11,0,0
BRDA:114,11,1,0
BRDA:115,12,0,0
BRDA:115,12,1,0
BRDA:196,13,0,0
BRDA:196,13,1,0
BRDA:374,14,0,0
BRDA:374,14,1,0
BRF:28
BRH:0
end_of_record
TN:
SF:components\modern-resume-heatmap.tsx
FN:44,ModernResumeHeatmap
FN:45,(anonymous_2)
FN:66,(anonymous_3)
FN:73,(anonymous_4)
FN:77,(anonymous_5)
FN:81,(anonymous_6)
FN:126,(anonymous_7)
FN:166,(anonymous_8)
FNF:8
FNH:0
FNDA:0,ModernResumeHeatmap
FNDA:0,(anonymous_2)
FNDA:0,(anonymous_3)
FNDA:0,(anonymous_4)
FNDA:0,(anonymous_5)
FNDA:0,(anonymous_6)
FNDA:0,(anonymous_7)
FNDA:0,(anonymous_8)
DA:3,0
DA:4,0
DA:5,0
DA:16,0
DA:29,0
DA:39,0
DA:44,0
DA:45,0
DA:46,0
DA:52,0
DA:58,0
DA:66,0
DA:67,0
DA:68,0
DA:69,0
DA:72,0
DA:73,0
DA:76,0
DA:77,0
DA:80,0
DA:81,0
DA:127,0
DA:167,0
DA:168,0
DA:170,0
LF:25
LH:0
BRDA:46,0,0,0
BRDA:52,1,0,0
BRDA:67,2,0,0
BRDA:68,3,0,0
BRDA:72,4,0,0
BRDA:72,4,1,0
BRDA:76,5,0,0
BRDA:76,5,1,0
BRDA:77,6,0,0
BRDA:77,6,1,0
BRDA:80,7,0,0
BRDA:80,7,1,0
BRDA:81,8,0,0
BRDA:81,8,1,0
BRDA:207,9,0,0
BRDA:214,10,0,0
BRDA:214,10,1,0
BRDA:215,11,0,0
BRDA:215,11,1,0
BRDA:216,12,0,0
BRDA:216,12,1,0
BRDA:217,13,0,0
BRDA:217,13,1,0
BRDA:218,14,0,0
BRDA:218,14,1,0
BRDA:219,15,0,0
BRDA:219,15,1,0
BRDA:230,16,0,0
BRF:28
BRH:0
end_of_record
TN:
SF:components\personalized-suggestions.tsx
FN:138,PersonalizedSuggestions
FN:170,(anonymous_3)
FN:179,(anonymous_4)
FN:180,(anonymous_5)
FN:181,(anonymous_6)
FN:182,(anonymous_7)
FN:208,(anonymous_8)
FN:213,(anonymous_9)
FN:228,(anonymous_10)
FN:229,(anonymous_11)
FN:230,(anonymous_12)
FN:231,(anonymous_13)
FN:236,(anonymous_14)
FN:251,(anonymous_15)
FN:252,(anonymous_16)
FN:253,(anonymous_17)
FN:254,(anonymous_18)
FN:259,(anonymous_19)
FN:279,(anonymous_20)
FN:285,(anonymous_21)
FN:291,(anonymous_22)
FN:327,(anonymous_23)
FN:367,(anonymous_24)
FN:410,generatePersonalizedSuggestions
FN:427,(anonymous_26)
FN:459,(anonymous_27)
FN:465,(anonymous_28)
FN:482,(anonymous_29)
FN:488,(anonymous_30)
FN:502,(anonymous_31)
FN:509,(anonymous_32)
FN:521,(anonymous_33)
FN:532,(anonymous_34)
FN:544,(anonymous_35)
FN:551,(anonymous_36)
FN:563,(anonymous_37)
FN:572,(anonymous_38)
FN:584,(anonymous_39)
FN:594,(anonymous_40)
FN:605,mapAnalysisCategoryToSuggestionCategory
FN:629,getActionTypeForCategory
FN:641,getActionHandlerForCategory
FN:648,(anonymous_44)
FN:650,(anonymous_45)
FN:652,(anonymous_46)
FN:655,(anonymous_47)
FN:660,generateBasicSuggestions
FN:680,(anonymous_49)
FN:697,(anonymous_50)
FN:714,(anonymous_51)
FNF:50
FNH:0
FNDA:0,PersonalizedSuggestions
FNDA:0,(anonymous_3)
FNDA:0,(anonymous_4)
FNDA:0,(anonymous_5)
FNDA:0,(anonymous_6)
FNDA:0,(anonymous_7)
FNDA:0,(anonymous_8)
FNDA:0,(anonymous_9)
FNDA:0,(anonymous_10)
FNDA:0,(anonymous_11)
FNDA:0,(anonymous_12)
FNDA:0,(anonymous_13)
FNDA:0,(anonymous_14)
FNDA:0,(anonymous_15)
FNDA:0,(anonymous_16)
FNDA:0,(anonymous_17)
FNDA:0,(anonymous_18)
FNDA:0,(anonymous_19)
FNDA:0,(anonymous_20)
FNDA:0,(anonymous_21)
FNDA:0,(anonymous_22)
FNDA:0,(anonymous_23)
FNDA:0,(anonymous_24)
FNDA:0,generatePersonalizedSuggestions
FNDA:0,(anonymous_26)
FNDA:0,(anonymous_27)
FNDA:0,(anonymous_28)
FNDA:0,(anonymous_29)
FNDA:0,(anonymous_30)
FNDA:0,(anonymous_31)
FNDA:0,(anonymous_32)
FNDA:0,(anonymous_33)
FNDA:0,(anonymous_34)
FNDA:0,(anonymous_35)
FNDA:0,(anonymous_36)
FNDA:0,(anonymous_37)
FNDA:0,(anonymous_38)
FNDA:0,(anonymous_39)
FNDA:0,(anonymous_40)
FNDA:0,mapAnalysisCategoryToSuggestionCategory
FNDA:0,getActionTypeForCategory
FNDA:0,getActionHandlerForCategory
FNDA:0,(anonymous_44)
FNDA:0,(anonymous_45)
FNDA:0,(anonymous_46)
FNDA:0,(anonymous_47)
FNDA:0,generateBasicSuggestions
FNDA:0,(anonymous_49)
FNDA:0,(anonymous_50)
FNDA:0,(anonymous_51)
DA:3,1
DA:4,1
DA:5,1
DA:6,1
DA:7,1
DA:8,1
DA:9,1
DA:10,1
DA:11,1
DA:102,1
DA:120,1
DA:138,1
DA:139,0
DA:140,0
DA:141,0
DA:142,0
DA:144,0
DA:146,0
DA:168,0
DA:170,0
DA:171,0
DA:172,0
DA:173,0
DA:174,0
DA:177,0
DA:179,0
DA:180,0
DA:181,0
DA:182,0
DA:209,0
DA:213,0
DA:228,0
DA:229,0
DA:230,0
DA:232,0
DA:236,0
DA:251,0
DA:252,0
DA:253,0
DA:255,0
DA:259,0
DA:279,0
DA:285,0
DA:291,0
DA:328,0
DA:368,0
DA:369,0
DA:370,0
DA:371,0
DA:372,0
DA:373,0
DA:415,0
DA:417,0
DA:418,0
DA:419,0
DA:420,0
DA:426,0
DA:427,0
DA:429,0
DA:433,0
DA:436,0
DA:440,0
DA:445,0
DA:448,0
DA:459,0
DA:464,0
DA:465,0
DA:466,0
DA:467,0
DA:468,0
DA:471,0
DA:482,0
DA:487,0
DA:488,0
DA:489,0
DA:491,0
DA:502,0
DA:508,0
DA:509,0
DA:510,0
DA:521,0
DA:527,0
DA:528,0
DA:531,0
DA:532,0
DA:533,0
DA:544,0
DA:550,0
DA:551,0
DA:552,0
DA:563,0
DA:570,0
DA:571,0
DA:572,0
DA:573,0
DA:584,0
DA:590,0
DA:591,0
DA:596,0
DA:597,0
DA:598,0
DA:600,0
DA:606,0
DA:625,0
DA:630,0
DA:637,0
DA:646,0
DA:648,0
DA:650,0
DA:652,0
DA:655,0
DA:665,0
DA:668,0
DA:669,0
DA:680,0
DA:685,0
DA:686,0
DA:697,0
DA:702,0
DA:703,0
DA:714,0
DA:718,0
LF:122
LH:12
BRDA:146,0,0,0
BRDA:171,1,0,0
BRDA:171,1,1,0
BRDA:172,2,0,0
BRDA:172,2,1,0
BRDA:173,3,0,0
BRDA:173,3,1,0
BRDA:174,4,0,0
BRDA:174,4,1,0
BRDA:174,4,2,0
BRDA:211,5,0,0
BRDA:211,5,1,0
BRDA:234,6,0,0
BRDA:234,6,1,0
BRDA:257,7,0,0
BRDA:257,7,1,0
BRDA:270,8,0,0
BRDA:303,9,0,0
BRDA:303,9,1,0
BRDA:304,10,0,0
BRDA:304,10,1,0
BRDA:308,11,0,0
BRDA:308,11,1,0
BRDA:309,12,0,0
BRDA:309,12,1,0
BRDA:313,13,0,0
BRDA:313,13,1,0
BRDA:314,14,0,0
BRDA:314,14,1,0
BRDA:318,15,0,0
BRDA:318,15,1,0
BRDA:319,16,0,0
BRDA:319,16,1,0
BRDA:327,17,0,0
BRDA:362,18,0,0
BRDA:362,18,1,0
BRDA:368,19,0,0
BRDA:368,19,1,0
BRDA:369,20,0,0
BRDA:369,20,1,0
BRDA:371,21,0,0
BRDA:418,22,0,0
BRDA:426,23,0,0
BRDA:429,24,0,0
BRDA:429,24,1,0
BRDA:429,25,0,0
BRDA:429,25,1,0
BRDA:430,26,0,0
BRDA:430,26,1,0
BRDA:436,27,0,0
BRDA:436,27,1,0
BRDA:437,28,0,0
BRDA:437,28,1,0
BRDA:440,29,0,0
BRDA:440,29,1,0
BRDA:441,30,0,0
BRDA:441,30,1,0
BRDA:442,31,0,0
BRDA:442,31,1,0
BRDA:445,32,0,0
BRDA:445,32,1,0
BRDA:446,33,0,0
BRDA:446,33,1,0
BRDA:464,34,0,0
BRDA:466,35,0,0
BRDA:466,35,1,0
BRDA:466,36,0,0
BRDA:466,36,1,0
BRDA:467,37,0,0
BRDA:467,37,1,0
BRDA:468,38,0,0
BRDA:468,38,1,0
BRDA:469,39,0,0
BRDA:469,39,1,0
BRDA:478,40,0,0
BRDA:478,40,1,0
BRDA:487,41,0,0
BRDA:508,42,0,0
BRDA:508,43,0,0
BRDA:508,43,1,0
BRDA:514,44,0,0
BRDA:514,44,1,0
BRDA:527,45,0,0
BRDA:531,46,0,0
BRDA:531,47,0,0
BRDA:531,47,1,0
BRDA:550,48,0,0
BRDA:550,49,0,0
BRDA:550,49,1,0
BRDA:570,50,0,0
BRDA:570,51,0,0
BRDA:570,51,1,0
BRDA:590,52,0,0
BRDA:597,53,0,0
BRDA:625,54,0,0
BRDA:625,54,1,0
BRDA:637,55,0,0
BRDA:637,55,1,0
BRDA:646,56,0,0
BRDA:646,56,1,0
BRDA:646,56,2,0
BRDA:646,56,3,0
BRDA:646,56,4,0
BRDA:668,57,0,0
BRDA:668,58,0,0
BRDA:668,58,1,0
BRDA:685,59,0,0
BRDA:685,60,0,0
BRDA:685,60,1,0
BRDA:702,61,0,0
BRDA:702,62,0,0
BRDA:702,62,1,0
BRF:112
BRH:0
end_of_record
TN:
SF:components\pricing-section.tsx
FN:123,PricingSection
FN:130,(anonymous_2)
FN:205,(anonymous_3)
FN:217,(anonymous_4)
FN:218,(anonymous_5)
FN:280,(anonymous_6)
FN:359,(anonymous_7)
FNF:7
FNH:0
FNDA:0,PricingSection
FNDA:0,(anonymous_2)
FNDA:0,(anonymous_3)
FNDA:0,(anonymous_4)
FNDA:0,(anonymous_5)
FNDA:0,(anonymous_6)
FNDA:0,(anonymous_7)
DA:3,0
DA:4,0
DA:18,0
DA:19,0
DA:20,0
DA:21,0
DA:45,0
DA:123,0
DA:124,0
DA:125,0
DA:126,0
DA:127,0
DA:128,0
DA:130,0
DA:131,0
DA:132,0
DA:206,0
DA:207,0
DA:208,0
DA:210,0
DA:217,0
DA:218,0
DA:281,0
DA:360,0
DA:361,0
LF:25
LH:0
BRDA:131,0,0,0
BRDA:159,1,0,0
BRDA:159,1,1,0
BRDA:184,2,0,0
BRDA:184,2,1,0
BRDA:193,3,0,0
BRDA:193,3,1,0
BRDA:208,4,0,0
BRDA:208,4,1,0
BRDA:214,5,0,0
BRDA:214,5,1,0
BRDA:221,6,0,0
BRDA:231,7,0,0
BRDA:231,7,1,0
BRDA:248,8,0,0
BRDA:248,8,1,0
BRDA:265,9,0,0
BRDA:265,9,1,0
BRDA:268,10,0,0
BRDA:268,10,1,0
BRDA:284,11,0,0
BRDA:284,11,1,0
BRDA:289,12,0,0
BRDA:290,13,0,0
BRDA:290,13,1,0
BRDA:302,14,0,0
BRDA:302,14,1,0
BRDA:303,15,0,0
BRDA:303,15,1,0
BRDA:305,16,0,0
BRDA:316,17,0,0
BRDA:316,17,1,0
BRDA:328,18,0,0
BRDA:328,18,1,0
BRDA:338,19,0,0
BRDA:338,19,1,0
BRDA:378,20,0,0
BRDA:378,20,1,0
BRF:38
BRH:0
end_of_record
TN:
SF:components\real-time-ai-suggestions.tsx
FN:60,RealTimeAISuggestions
FN:74,(anonymous_2)
FN:114,(anonymous_3)
FN:137,(anonymous_4)
FN:161,(anonymous_5)
FN:184,(anonymous_6)
FN:189,(anonymous_7)
FN:311,(anonymous_8)
FN:333,(anonymous_9)
FN:358,(anonymous_10)
FN:384,(anonymous_11)
FN:420,(anonymous_12)
FN:476,(anonymous_13)
FN:489,(anonymous_14)
FN:539,(anonymous_15)
FN:574,(anonymous_16)
FN:585,(anonymous_17)
FN:617,(anonymous_18)
FN:639,(anonymous_19)
FN:674,(anonymous_20)
FNF:20
FNH:0
FNDA:0,RealTimeAISuggestions
FNDA:0,(anonymous_2)
FNDA:0,(anonymous_3)
FNDA:0,(anonymous_4)
FNDA:0,(anonymous_5)
FNDA:0,(anonymous_6)
FNDA:0,(anonymous_7)
FNDA:0,(anonymous_8)
FNDA:0,(anonymous_9)
FNDA:0,(anonymous_10)
FNDA:0,(anonymous_11)
FNDA:0,(anonymous_12)
FNDA:0,(anonymous_13)
FNDA:0,(anonymous_14)
FNDA:0,(anonymous_15)
FNDA:0,(anonymous_16)
FNDA:0,(anonymous_17)
FNDA:0,(anonymous_18)
FNDA:0,(anonymous_19)
FNDA:0,(anonymous_20)
DA:3,0
DA:4,0
DA:5,0
DA:6,0
DA:7,0
DA:8,0
DA:12,0
DA:13,0
DA:14,0
DA:60,0
DA:65,0
DA:66,0
DA:67,0
DA:68,0
DA:69,0
DA:70,0
DA:71,0
DA:74,0
DA:75,0
DA:77,0
DA:78,0
DA:79,0
DA:91,0
DA:92,0
DA:95,0
DA:96,0
DA:98,0
DA:103,0
DA:109,0
DA:114,0
DA:115,0
DA:116,0
DA:127,0
DA:129,0
DA:130,0
DA:137,0
DA:138,0
DA:139,0
DA:151,0
DA:153,0
DA:154,0
DA:161,0
DA:162,0
DA:163,0
DA:174,0
DA:176,0
DA:177,0
DA:184,0
DA:185,0
DA:189,0
DA:190,0
DA:192,0
DA:193,0
DA:195,0
DA:197,0
DA:198,0
DA:200,0
DA:202,0
DA:203,0
DA:205,0
DA:209,0
DA:217,0
DA:218,0
DA:312,0
DA:334,0
DA:361,0
DA:366,0
DA:385,0
DA:421,0
DA:477,0
DA:490,0
DA:540,0
DA:574,0
DA:586,0
DA:618,0
DA:640,0
DA:675,0
LF:77
LH:0
BRDA:63,0,0,0
BRDA:75,1,0,0
BRDA:91,2,0,0
BRDA:127,3,0,0
BRDA:130,4,0,0
BRDA:130,4,1,0
BRDA:151,5,0,0
BRDA:174,6,0,0
BRDA:190,7,0,0
BRDA:190,7,1,0
BRDA:190,7,2,0
BRDA:192,8,0,0
BRDA:192,9,0,0
BRDA:192,9,1,0
BRDA:197,10,0,0
BRDA:202,11,0,0
BRDA:247,12,0,0
BRDA:251,13,0,0
BRDA:251,13,1,0
BRDA:256,14,0,0
BRDA:286,15,0,0
BRDA:298,16,0,0
BRDA:301,17,0,0
BRDA:301,17,1,0
BRDA:323,18,0,0
BRDA:323,18,1,0
BRDA:361,19,0,0
BRDA:361,19,1,0
BRDA:361,20,0,0
BRDA:361,20,1,0
BRDA:361,20,2,0
BRDA:363,21,0,0
BRDA:363,21,1,0
BRDA:363,22,0,0
BRDA:363,22,1,0
BRDA:366,23,0,0
BRDA:366,23,1,0
BRDA:369,24,0,0
BRDA:376,25,0,0
BRDA:395,26,0,0
BRDA:394,27,0,0
BRDA:394,27,1,0
BRDA:406,28,0,0
BRDA:434,29,0,0
BRDA:434,29,1,0
BRDA:434,30,0,0
BRDA:434,30,1,0
BRDA:435,31,0,0
BRDA:438,32,0,0
BRDA:462,33,0,0
BRDA:472,34,0,0
BRDA:472,34,1,0
BRDA:485,35,0,0
BRDA:485,35,1,0
BRDA:510,36,0,0
BRDA:529,37,0,0
BRDA:529,37,1,0
BRDA:530,38,0,0
BRDA:530,38,1,0
BRDA:535,39,0,0
BRDA:535,39,1,0
BRDA:604,40,0,0
BRDA:604,40,1,0
BRDA:607,41,0,0
BRDA:607,41,1,0
BRDA:629,42,0,0
BRDA:629,42,1,0
BRDA:659,43,0,0
BRDA:659,43,1,0
BRDA:666,44,0,0
BRF:70
BRH:0
end_of_record
TN:
SF:components\seo.tsx
FN:14,SEO
FNF:1
FNH:0
FNDA:0,SEO
DA:3,0
DA:4,0
DA:14,0
DA:21,0
DA:22,0
DA:23,0
DA:24,0
LF:7
LH:0
BRDA:15,0,0,0
BRDA:16,1,0,0
BRDA:18,2,0,0
BRDA:19,3,0,0
BRDA:23,4,0,0
BRDA:23,4,1,0
BRDA:32,5,0,0
BRF:7
BRH:0
end_of_record
TN:
SF:components\testimonials-section.tsx
FN:133,TestimonialsSection
FN:140,(anonymous_2)
FN:146,(anonymous_3)
FN:149,(anonymous_4)
FN:150,(anonymous_5)
FN:153,(anonymous_6)
FN:156,(anonymous_7)
FN:157,(anonymous_8)
FN:161,(anonymous_9)
FN:162,(anonymous_10)
FN:257,(anonymous_11)
FN:313,(anonymous_12)
FN:331,(anonymous_13)
FN:359,(anonymous_14)
FN:362,(anonymous_15)
FN:384,(anonymous_16)
FNF:16
FNH:0
FNDA:0,TestimonialsSection
FNDA:0,(anonymous_2)
FNDA:0,(anonymous_3)
FNDA:0,(anonymous_4)
FNDA:0,(anonymous_5)
FNDA:0,(anonymous_6)
FNDA:0,(anonymous_7)
FNDA:0,(anonymous_8)
FNDA:0,(anonymous_9)
FNDA:0,(anonymous_10)
FNDA:0,(anonymous_11)
FNDA:0,(anonymous_12)
FNDA:0,(anonymous_13)
FNDA:0,(anonymous_14)
FNDA:0,(anonymous_15)
FNDA:0,(anonymous_16)
DA:3,0
DA:4,0
DA:16,0
DA:17,0
DA:18,0
DA:38,0
DA:126,0
DA:133,0
DA:134,0
DA:135,0
DA:136,0
DA:137,0
DA:138,0
DA:140,0
DA:141,0
DA:142,0
DA:146,0
DA:147,0
DA:149,0
DA:150,0
DA:153,0
DA:156,0
DA:157,0
DA:158,0
DA:161,0
DA:162,0
DA:163,0
DA:166,0
DA:258,0
DA:314,0
DA:332,0
DA:360,0
DA:363,0
DA:364,0
DA:385,0
LF:35
LH:0
BRDA:141,0,0,0
BRDA:147,1,0,0
BRDA:147,2,0,0
BRDA:147,2,1,0
BRDA:190,3,0,0
BRDA:190,3,1,0
BRDA:216,4,0,0
BRDA:216,4,1,0
BRDA:261,5,0,0
BRDA:261,5,1,0
BRDA:285,6,0,0
BRDA:357,7,0,0
BRDA:357,7,1,0
BRDA:367,8,0,0
BRDA:367,8,1,0
BRDA:377,9,0,0
BRDA:377,9,1,0
BRF:17
BRH:0
end_of_record
TN:
SF:components\theme-provider.tsx
FN:9,ThemeProvider
FNF:1
FNH:0
FNDA:0,ThemeProvider
DA:3,0
DA:7,0
DA:9,0
LF:3
LH:0
BRF:0
BRH:0
end_of_record
TN:
SF:components\user-nav.tsx
FN:24,UserNav
FN:34,(anonymous_2)
FN:64,(anonymous_3)
FNF:3
FNH:0
FNDA:0,UserNav
FNDA:0,(anonymous_2)
FNDA:0,(anonymous_3)
DA:3,0
DA:4,0
DA:5,0
DA:13,0
DA:14,0
DA:24,0
DA:34,0
DA:65,0
DA:66,0
LF:9
LH:0
BRDA:31,0,0,0
BRDA:31,0,1,0
BRF:2
BRH:0
end_of_record
TN:
SF:components\ui\accordion.tsx
FNF:0
FNH:0
DA:3,0
DA:4,0
DA:5,0
DA:7,0
DA:9,0
DA:21,0
DA:41,0
DA:56,0
DA:58,0
LF:9
LH:0
BRF:0
BRH:0
end_of_record
TN:
SF:components\ui\alert-dialog.tsx
FNF:0
FNH:0
DA:3,0
DA:4,0
DA:6,0
DA:7,0
DA:9,0
DA:11,0
DA:13,0
DA:28,0
DA:46,0
DA:60,0
DA:74,0
DA:86,0
DA:98,0
DA:111,0
DA:127,0
DA:130,0
DA:131,0
DA:132,0
DA:133,0
DA:134,0
DA:135,0
DA:136,0
DA:137,0
DA:138,0
DA:139,0
DA:140,0
LF:26
LH:0
BRF:0
BRH:0
end_of_record
TN:
SF:components\ui\alert.tsx
FNF:0
FNH:0
DA:1,0
DA:2,0
DA:4,0
DA:6,0
DA:33,0
DA:45,0
DA:57,0
DA:59,0
LF:8
LH:0
BRF:0
BRH:0
end_of_record
TN:
SF:components\ui\aspect-ratio.tsx
FNF:0
FNH:0
DA:3,0
DA:5,0
DA:7,0
LF:3
LH:0
BRF:0
BRH:0
end_of_record
TN:
SF:components\ui\avatar.tsx
FNF:0
FNH:0
DA:3,0
DA:4,0
DA:6,0
DA:21,0
DA:33,0
DA:48,0
DA:50,0
LF:7
LH:0
BRF:0
BRH:0
end_of_record
TN:
SF:components\ui\badge.tsx
FN:30,Badge
FNF:1
FNH:0
FNDA:0,Badge
DA:1,1
DA:2,1
DA:4,1
DA:6,1
DA:36,0
LF:5
LH:4
BRF:0
BRH:0
end_of_record
TN:
SF:components\ui\breadcrumb.tsx
FN:47,(anonymous_14)
FNF:1
FNH:0
FNDA:0,(anonymous_14)
DA:1,0
DA:2,0
DA:3,0
DA:5,0
DA:13,0
DA:28,0
DA:40,0
DA:42,0
DA:48,0
DA:58,0
DA:73,0
DA:89,0
DA:105,0
DA:108,0
DA:109,0
DA:110,0
DA:111,0
DA:112,0
DA:113,0
DA:114,0
LF:20
LH:0
BRDA:48,0,0,0
BRDA:48,0,1,0
BRDA:86,1,0,0
BRDA:86,1,1,0
BRF:4
BRH:0
end_of_record
TN:
SF:components\ui\button.tsx
FN:43,(anonymous_6)
FNF:1
FNH:0
FNDA:0,(anonymous_6)
DA:1,1
DA:2,1
DA:3,1
DA:5,1
DA:7,1
DA:42,1
DA:44,0
DA:54,1
DA:56,0
LF:9
LH:7
BRDA:43,0,0,0
BRDA:44,1,0,0
BRDA:44,1,1,0
BRF:3
BRH:0
end_of_record
TN:
SF:components\ui\calendar.tsx
FN:12,Calendar
FNF:1
FNH:0
FNDA:0,Calendar
DA:3,0
DA:4,0
DA:5,0
DA:7,0
DA:8,0
DA:64,0
DA:66,0
LF:7
LH:0
BRDA:15,0,0,0
BRF:1
BRH:0
end_of_record
TN:
SF:components\ui\card.tsx
FNF:0
FNH:0
DA:1,1
DA:3,1
DA:18,1
DA:30,1
DA:45,1
DA:57,1
DA:65,1
DA:77,1
DA:79,0
LF:9
LH:8
BRF:0
BRH:0
end_of_record
TN:
SF:components\ui\carousel.tsx
FN:35,useCarousel
FN:49,(anonymous_11)
FN:71,(anonymous_12)
FN:80,(anonymous_13)
FN:84,(anonymous_14)
FN:89,(anonymous_15)
FN:101,(anonymous_16)
FN:109,(anonymous_17)
FN:118,(anonymous_18)
FN:156,(anonymous_19)
FN:178,(anonymous_20)
FN:200,(anonymous_21)
FN:229,(anonymous_22)
FNF:13
FNH:0
FNDA:0,useCarousel
FNDA:0,(anonymous_11)
FNDA:0,(anonymous_12)
FNDA:0,(anonymous_13)
FNDA:0,(anonymous_14)
FNDA:0,(anonymous_15)
FNDA:0,(anonymous_16)
FNDA:0,(anonymous_17)
FNDA:0,(anonymous_18)
FNDA:0,(anonymous_19)
FNDA:0,(anonymous_20)
FNDA:0,(anonymous_21)
FNDA:0,(anonymous_22)
DA:3,0
DA:6,0
DA:7,0
DA:9,0
DA:10,0
DA:33,0
DA:36,0
DA:38,0
DA:39,0
DA:42,0
DA:45,0
DA:61,0
DA:68,0
DA:69,0
DA:71,0
DA:72,0
DA:73,0
DA:76,0
DA:77,0
DA:80,0
DA:81,0
DA:84,0
DA:85,0
DA:88,0
DA:90,0
DA:91,0
DA:92,0
DA:93,0
DA:94,0
DA:95,0
DA:101,0
DA:102,0
DA:103,0
DA:106,0
DA:109,0
DA:110,0
DA:111,0
DA:114,0
DA:115,0
DA:116,0
DA:118,0
DA:119,0
DA:151,0
DA:153,0
DA:157,0
DA:173,0
DA:175,0
DA:179,0
DA:195,0
DA:197,0
DA:201,0
DA:224,0
DA:226,0
DA:230,0
DA:253,0
DA:257,0
DA:258,0
DA:259,0
DA:260,0
DA:261,0
LF:60
LH:0
BRDA:38,0,0,0
BRDA:51,1,0,0
BRDA:64,2,0,0
BRDA:64,2,1,0
BRDA:72,3,0,0
BRDA:90,4,0,0
BRDA:90,4,1,0
BRDA:93,5,0,0
BRDA:102,6,0,0
BRDA:102,7,0,0
BRDA:102,7,1,0
BRDA:110,8,0,0
BRDA:130,9,0,0
BRDA:130,9,1,0
BRDA:130,10,0,0
BRDA:130,10,1,0
BRDA:165,11,0,0
BRDA:165,11,1,0
BRDA:188,12,0,0
BRDA:188,12,1,0
BRDA:200,13,0,0
BRDA:200,14,0,0
BRDA:210,15,0,0
BRDA:210,15,1,0
BRDA:229,16,0,0
BRDA:229,17,0,0
BRDA:239,18,0,0
BRDA:239,18,1,0
BRF:28
BRH:0
end_of_record
TN:
SF:components\ui\chart.tsx
FN:27,useChart
FN:45,(anonymous_11)
FN:70,(anonymous_12)
FN:72,(anonymous_13)
FN:84,(anonymous_14)
FN:87,(anonymous_15)
FN:116,(anonymous_16)
FN:136,(anonymous_17)
FN:188,(anonymous_18)
FN:269,(anonymous_19)
FN:288,(anonymous_20)
FN:320,getPayloadConfigFromPayload
FNF:12
FNH:0
FNDA:0,useChart
FNDA:0,(anonymous_11)
FNDA:0,(anonymous_12)
FNDA:0,(anonymous_13)
FNDA:0,(anonymous_14)
FNDA:0,(anonymous_15)
FNDA:0,(anonymous_16)
FNDA:0,(anonymous_17)
FNDA:0,(anonymous_18)
FNDA:0,(anonymous_19)
FNDA:0,(anonymous_20)
FNDA:0,getPayloadConfigFromPayload
DA:3,0
DA:4,0
DA:6,0
DA:9,0
DA:25,0
DA:28,0
DA:30,0
DA:31,0
DA:34,0
DA:37,0
DA:46,0
DA:47,0
DA:68,0
DA:70,0
DA:71,0
DA:72,0
DA:75,0
DA:76,0
DA:84,0
DA:89,0
DA:91,0
DA:103,0
DA:105,0
DA:134,0
DA:136,0
DA:137,0
DA:138,0
DA:141,0
DA:142,0
DA:143,0
DA:145,0
DA:149,0
DA:157,0
DA:158,0
DA:172,0
DA:173,0
DA:176,0
DA:189,0
DA:190,0
DA:191,0
DA:193,0
DA:257,0
DA:259,0
DA:261,0
DA:273,0
DA:275,0
DA:276,0
DA:289,0
DA:290,0
DA:292,0
DA:317,0
DA:325,0
DA:326,0
DA:330,0
DA:336,0
DA:338,0
DA:342,0
DA:343,0
DA:348,0
DA:353,0
DA:359,0
DA:360,0
DA:361,0
DA:362,0
DA:363,0
DA:364,0
LF:66
LH:0
BRDA:30,0,0,0
BRDA:47,1,0,0
BRDA:47,1,1,0
BRDA:72,2,0,0
BRDA:72,2,1,0
BRDA:75,3,0,0
BRDA:89,4,0,0
BRDA:89,4,1,0
BRDA:91,5,0,0
BRDA:91,5,1,0
BRDA:121,6,0,0
BRDA:122,7,0,0
BRDA:123,8,0,0
BRDA:137,9,0,0
BRDA:137,10,0,0
BRDA:137,10,1,0
BRDA:142,11,0,0
BRDA:142,11,1,0
BRDA:142,11,2,0
BRDA:142,11,3,0
BRDA:145,12,0,0
BRDA:145,12,1,0
BRDA:145,13,0,0
BRDA:145,13,1,0
BRDA:146,14,0,0
BRDA:146,14,1,0
BRDA:149,15,0,0
BRDA:157,16,0,0
BRDA:172,17,0,0
BRDA:172,18,0,0
BRDA:172,18,1,0
BRDA:176,19,0,0
BRDA:176,19,1,0
BRDA:186,20,0,0
BRDA:186,20,1,0
BRDA:189,21,0,0
BRDA:189,21,1,0
BRDA:189,21,2,0
BRDA:189,21,3,0
BRDA:191,22,0,0
BRDA:191,22,1,0
BRDA:191,22,2,0
BRDA:198,23,0,0
BRDA:198,23,1,0
BRDA:202,24,0,0
BRDA:201,25,0,0
BRDA:201,25,1,0
BRDA:201,25,2,0
BRDA:206,26,0,0
BRDA:208,27,0,0
BRDA:217,28,0,0
BRDA:217,28,1,0
BRDA:232,29,0,0
BRDA:232,29,1,0
BRDA:236,30,0,0
BRDA:236,30,1,0
BRDA:238,31,0,0
BRDA:238,31,1,0
BRDA:241,32,0,0
BRDA:270,33,0,0
BRDA:270,34,0,0
BRDA:275,35,0,0
BRDA:284,36,0,0
BRDA:284,36,1,0
BRDA:289,37,0,0
BRDA:289,37,1,0
BRDA:289,37,2,0
BRDA:300,38,0,0
BRDA:299,39,0,0
BRDA:299,39,1,0
BRDA:325,40,0,0
BRDA:325,41,0,0
BRDA:325,41,1,0
BRDA:330,42,0,0
BRDA:330,42,1,0
BRDA:330,43,0,0
BRDA:330,43,1,0
BRDA:330,43,2,0
BRDA:338,44,0,0
BRDA:338,44,1,0
BRDA:339,45,0,0
BRDA:339,45,1,0
BRDA:343,46,0,0
BRDA:344,47,0,0
BRDA:344,47,1,0
BRDA:344,47,2,0
BRDA:353,48,0,0
BRDA:353,48,1,0
BRF:88
BRH:0
end_of_record
TN:
SF:components\ui\checkbox.tsx
FNF:0
FNH:0
DA:3,0
DA:4,0
DA:5,0
DA:7,0
DA:28,0
DA:30,0
LF:6
LH:0
BRF:0
BRH:0
end_of_record
TN:
SF:components\ui\collapsible.tsx
FNF:0
FNH:0
DA:3,0
DA:5,0
DA:7,0
DA:9,0
DA:11,0
LF:5
LH:0
BRF:0
BRH:0
end_of_record
TN:
SF:components\ui\command.tsx
FN:26,(anonymous_14)
FN:127,(anonymous_21)
FNF:2
FNH:0
FNDA:0,(anonymous_14)
FNDA:0,(anonymous_21)
DA:3,0
DA:5,0
DA:6,0
DA:8,0
DA:9,0
DA:24,0
DA:26,0
DA:55,0
DA:68,0
DA:81,0
DA:97,0
DA:109,0
DA:125,0
DA:127,0
DA:141,0
DA:144,0
DA:145,0
DA:146,0
DA:147,0
DA:148,0
DA:149,0
DA:150,0
DA:151,0
DA:152,0
LF:24
LH:0
BRF:0
BRH:0
end_of_record
TN:
SF:components\ui\context-menu.tsx
FN:168,(anonymous_27)
FNF:1
FNH:0
FNDA:0,(anonymous_27)
DA:3,0
DA:4,0
DA:5,0
DA:7,0
DA:9,0
DA:11,0
DA:13,0
DA:15,0
DA:17,0
DA:19,0
DA:40,0
DA:55,0
DA:72,0
DA:90,0
DA:113,0
DA:136,0
DA:154,0
DA:166,0
DA:168,0
DA:182,0
DA:185,0
DA:186,0
DA:187,0
DA:188,0
DA:189,0
DA:190,0
DA:191,0
DA:192,0
DA:193,0
DA:194,0
DA:195,0
DA:196,0
DA:197,0
DA:198,0
DA:199,0
LF:35
LH:0
BRDA:31,0,0,0
BRDA:31,0,1,0
BRDA:84,1,0,0
BRDA:84,1,1,0
BRDA:148,2,0,0
BRDA:148,2,1,0
BRF:6
BRH:0
end_of_record
TN:
SF:components\ui\dialog.tsx
FNF:0
FNH:0
DA:3,0
DA:4,0
DA:5,0
DA:7,0
DA:9,0
DA:11,0
DA:13,0
DA:15,0
DA:30,0
DA:54,0
DA:68,0
DA:82,0
DA:97,0
DA:109,0
DA:112,0
DA:113,0
DA:114,0
DA:115,0
DA:116,0
DA:117,0
DA:118,0
DA:119,0
DA:120,0
DA:121,0
LF:24
LH:0
BRF:0
BRH:0
end_of_record
TN:
SF:components\ui\drawer.tsx
FNF:0
FNH:0
DA:3,0
DA:4,0
DA:6,0
DA:17,0
DA:19,0
DA:21,0
DA:23,0
DA:35,0
DA:56,0
DA:67,0
DA:78,0
DA:93,0
DA:105,0
DA:108,0
DA:109,0
DA:110,0
DA:111,0
DA:112,0
DA:113,0
DA:114,0
DA:115,0
DA:116,0
DA:117,0
LF:23
LH:0
BRDA:9,0,0,0
BRF:1
BRH:0
end_of_record
TN:
SF:components\ui\dropdown-menu.tsx
FN:171,(anonymous_27)
FNF:1
FNH:0
FNDA:0,(anonymous_27)
DA:3,0
DA:4,0
DA:5,0
DA:7,0
DA:9,0
DA:11,0
DA:13,0
DA:15,0
DA:17,0
DA:19,0
DA:40,0
DA:56,0
DA:75,0
DA:93,0
DA:116,0
DA:139,0
DA:157,0
DA:169,0
DA:171,0
DA:182,0
DA:185,0
DA:186,0
DA:187,0
DA:188,0
DA:189,0
DA:190,0
DA:191,0
DA:192,0
DA:193,0
DA:194,0
DA:195,0
DA:196,0
DA:197,0
DA:198,0
DA:199,0
LF:35
LH:0
BRDA:31,0,0,0
BRDA:31,0,1,0
BRDA:62,1,0,0
BRDA:87,2,0,0
BRDA:87,2,1,0
BRDA:151,3,0,0
BRDA:151,3,1,0
BRF:7
BRH:0
end_of_record
TN:
SF:components\ui\form.tsx
FN:31,(anonymous_12)
FN:44,(anonymous_13)
FN:78,(anonymous_14)
FN:92,(anonymous_15)
FN:109,(anonymous_16)
FN:131,(anonymous_17)
FN:148,(anonymous_18)
FNF:7
FNH:0
FNDA:0,(anonymous_12)
FNDA:0,(anonymous_13)
FNDA:0,(anonymous_14)
FNDA:0,(anonymous_15)
FNDA:0,(anonymous_16)
FNDA:0,(anonymous_17)
FNDA:0,(anonymous_18)
DA:3,0
DA:5,0
DA:13,0
DA:15,0
DA:16,0
DA:18,0
DA:27,0
DA:31,0
DA:44,0
DA:45,0
DA:46,0
DA:47,0
DA:49,0
DA:51,0
DA:52,0
DA:55,0
DA:57,0
DA:71,0
DA:75,0
DA:79,0
DA:87,0
DA:89,0
DA:93,0
DA:104,0
DA:106,0
DA:110,0
DA:126,0
DA:128,0
DA:132,0
DA:143,0
DA:145,0
DA:149,0
DA:150,0
DA:152,0
DA:153,0
DA:167,0
DA:170,0
DA:171,0
DA:172,0
DA:173,0
DA:174,0
DA:175,0
DA:176,0
DA:177,0
LF:44
LH:0
BRDA:51,0,0,0
BRDA:98,1,0,0
BRDA:98,1,1,0
BRDA:117,2,0,0
BRDA:117,2,1,0
BRDA:150,3,0,0
BRDA:150,3,1,0
BRDA:152,4,0,0
BRF:8
BRH:0
end_of_record
TN:
SF:components\ui\hover-card.tsx
FNF:0
FNH:0
DA:3,0
DA:4,0
DA:6,0
DA:8,0
DA:10,0
DA:27,0
DA:29,0
LF:7
LH:0
BRDA:15,0,0,0
BRDA:15,1,0,0
BRF:2
BRH:0
end_of_record
TN:
SF:components\ui\input-otp.tsx
FN:36,(anonymous_10)
FNF:1
FNH:0
FNDA:0,(anonymous_10)
DA:3,0
DA:4,0
DA:5,0
DA:7,0
DA:23,0
DA:31,0
DA:33,0
DA:37,0
DA:38,0
DA:59,0
DA:69,0
DA:71,0
LF:12
LH:0
BRDA:45,0,0,0
BRDA:45,0,1,0
BRDA:51,1,0,0
BRF:3
BRH:0
end_of_record
TN:
SF:components\ui\input.tsx
FN:6,(anonymous_4)
FNF:1
FNH:0
FNDA:0,(anonymous_4)
DA:1,0
DA:3,0
DA:5,0
DA:20,0
DA:22,0
LF:5
LH:0
BRF:0
BRH:0
end_of_record
TN:
SF:components\ui\label.tsx
FNF:0
FNH:0
DA:3,0
DA:4,0
DA:5,0
DA:7,0
DA:9,0
DA:24,0
DA:26,0
LF:7
LH:0
BRF:0
BRH:0
end_of_record
TN:
SF:components\ui\menubar.tsx
FN:203,(anonymous_30)
FNF:1
FNH:0
FNDA:0,(anonymous_30)
DA:3,0
DA:4,0
DA:5,0
DA:7,0
DA:9,0
DA:11,0
DA:13,0
DA:15,0
DA:17,0
DA:32,0
DA:47,0
DA:68,0
DA:83,0
DA:108,0
DA:126,0
DA:149,0
DA:171,0
DA:189,0
DA:201,0
DA:203,0
DA:217,0
DA:220,0
DA:221,0
DA:222,0
DA:223,0
DA:224,0
DA:225,0
DA:226,0
DA:227,0
DA:228,0
DA:229,0
DA:230,0
DA:231,0
DA:232,0
DA:233,0
DA:234,0
DA:235,0
LF:37
LH:0
BRDA:59,0,0,0
BRDA:59,0,1,0
BRDA:90,1,0,0
BRDA:90,2,0,0
BRDA:90,3,0,0
BRDA:120,4,0,0
BRDA:120,4,1,0
BRDA:183,5,0,0
BRDA:183,5,1,0
BRF:9
BRH:0
end_of_record
TN:
SF:components\ui\navigation-menu.tsx
FNF:0
FNH:0
DA:1,0
DA:2,0
DA:3,0
DA:4,0
DA:6,0
DA:24,0
DA:39,0
DA:41,0
DA:43,0
DA:63,0
DA:78,0
DA:80,0
DA:97,0
DA:115,0
DA:119,0
DA:120,0
DA:121,0
DA:122,0
DA:123,0
DA:124,0
DA:125,0
DA:126,0
DA:127,0
LF:23
LH:0
BRF:0
BRH:0
end_of_record
TN:
SF:components\ui\pagination.tsx
FNF:0
FNH:0
DA:1,0
DA:2,0
DA:4,0
DA:5,0
DA:15,0
DA:27,0
DA:35,0
DA:60,0
DA:76,0
DA:92,0
DA:107,0
DA:110,0
DA:111,0
DA:112,0
DA:113,0
DA:114,0
DA:115,0
DA:116,0
LF:18
LH:0
BRDA:45,0,0,0
BRDA:49,1,0,0
BRDA:49,1,1,0
BRDA:52,2,0,0
BRDA:52,2,1,0
BRF:5
BRH:0
end_of_record
TN:
SF:components\ui\popover.tsx
FNF:0
FNH:0
DA:3,0
DA:4,0
DA:6,0
DA:8,0
DA:10,0
DA:29,0
DA:31,0
LF:7
LH:0
BRDA:15,0,0,0
BRDA:15,1,0,0
BRF:2
BRH:0
end_of_record
TN:
SF:components\ui\progress.tsx
FNF:0
FNH:0
DA:3,1
DA:4,1
DA:6,1
DA:26,1
DA:28,0
LF:5
LH:4
BRDA:22,0,0,0
BRDA:22,0,1,0
BRF:2
BRH:0
end_of_record
TN:
SF:components\ui\radio-group.tsx
FN:12,(anonymous_6)
FN:26,(anonymous_7)
FNF:2
FNH:0
FNDA:0,(anonymous_6)
FNDA:0,(anonymous_7)
DA:3,0
DA:4,0
DA:5,0
DA:7,0
DA:9,0
DA:21,0
DA:23,0
DA:42,0
DA:44,0
LF:9
LH:0
BRF:0
BRH:0
end_of_record
TN:
SF:components\ui\resizable.tsx
FNF:0
FNH:0
DA:3,0
DA:4,0
DA:6,0
DA:21,0
DA:45,0
LF:5
LH:0
BRDA:37,0,0,0
BRF:1
BRH:0
end_of_record
TN:
SF:components\ui\scroll-area.tsx
FNF:0
FNH:0
DA:3,0
DA:4,0
DA:6,0
DA:24,0
DA:46,0
DA:48,0
LF:6
LH:0
BRDA:29,0,0,0
BRDA:35,1,0,0
BRDA:35,1,1,0
BRDA:37,2,0,0
BRDA:37,2,1,0
BRF:5
BRH:0
end_of_record
TN:
SF:components\ui\select.tsx
FNF:0
FNH:0
DA:3,0
DA:4,0
DA:5,0
DA:7,0
DA:9,0
DA:11,0
DA:13,0
DA:33,0
DA:50,0
DA:67,0
DA:100,0
DA:112,0
DA:135,0
DA:147,0
DA:150,0
DA:151,0
DA:152,0
DA:153,0
DA:154,0
DA:155,0
DA:156,0
DA:157,0
DA:158,0
DA:159,0
LF:24
LH:0
BRDA:73,0,0,0
BRDA:79,1,0,0
BRDA:79,1,1,0
BRDA:90,2,0,0
BRDA:90,2,1,0
BRF:5
BRH:0
end_of_record
TN:
SF:components\ui\separator.tsx
FNF:0
FNH:0
DA:3,0
DA:4,0
DA:6,0
DA:29,0
DA:31,0
LF:5
LH:0
BRDA:13,0,0,0
BRDA:13,1,0,0
BRDA:22,2,0,0
BRDA:22,2,1,0
BRF:4
BRH:0
end_of_record
TN:
SF:components\ui\sheet.tsx
FNF:0
FNH:0
DA:3,0
DA:4,0
DA:5,0
DA:6,0
DA:8,0
DA:10,0
DA:12,0
DA:14,0
DA:16,0
DA:31,0
DA:33,0
DA:75,0
DA:89,0
DA:103,0
DA:115,0
DA:127,0
DA:130,0
DA:131,0
DA:132,0
DA:133,0
DA:134,0
DA:135,0
DA:136,0
DA:137,0
DA:138,0
DA:139,0
LF:26
LH:0
BRDA:59,0,0,0
BRF:1
BRH:0
end_of_record
TN:
SF:components\ui\sidebar.tsx
FN:41,useSidebar
FN:58,(anonymous_29)
FN:78,(anonymous_30)
FN:93,(anonymous_31)
FN:95,(anonymous_32)
FN:96,(anonymous_33)
FN:100,(anonymous_34)
FN:101,(anonymous_35)
FN:112,(anonymous_36)
FN:120,(anonymous_37)
FN:167,(anonymous_38)
FN:265,(anonymous_39)
FN:275,(anonymous_40)
FN:291,(anonymous_41)
FN:320,(anonymous_42)
FN:338,(anonymous_43)
FN:356,(anonymous_44)
FN:371,(anonymous_45)
FN:386,(anonymous_46)
FN:401,(anonymous_47)
FN:419,(anonymous_48)
FN:434,(anonymous_49)
FN:455,(anonymous_50)
FN:544,(anonymous_54)
FN:601,(anonymous_55)
FN:652,(anonymous_57)
FN:654,(anonymous_58)
FN:715,(anonymous_61)
FNF:28
FNH:0
FNDA:0,useSidebar
FNDA:0,(anonymous_29)
FNDA:0,(anonymous_30)
FNDA:0,(anonymous_31)
FNDA:0,(anonymous_32)
FNDA:0,(anonymous_33)
FNDA:0,(anonymous_34)
FNDA:0,(anonymous_35)
FNDA:0,(anonymous_36)
FNDA:0,(anonymous_37)
FNDA:0,(anonymous_38)
FNDA:0,(anonymous_39)
FNDA:0,(anonymous_40)
FNDA:0,(anonymous_41)
FNDA:0,(anonymous_42)
FNDA:0,(anonymous_43)
FNDA:0,(anonymous_44)
FNDA:0,(anonymous_45)
FNDA:0,(anonymous_46)
FNDA:0,(anonymous_47)
FNDA:0,(anonymous_48)
FNDA:0,(anonymous_49)
FNDA:0,(anonymous_50)
FNDA:0,(anonymous_54)
FNDA:0,(anonymous_55)
FNDA:0,(anonymous_57)
FNDA:0,(anonymous_58)
FNDA:0,(anonymous_61)
DA:3,0
DA:4,0
DA:5,0
DA:6,0
DA:8,0
DA:9,0
DA:10,0
DA:11,0
DA:12,0
DA:13,0
DA:14,0
DA:20,0
DA:22,0
DA:23,0
DA:24,0
DA:25,0
DA:26,0
DA:27,0
DA:39,0
DA:42,0
DA:43,0
DA:44,0
DA:47,0
DA:50,0
DA:70,0
DA:71,0
DA:75,0
DA:76,0
DA:77,0
DA:79,0
DA:80,0
DA:81,0
DA:83,0
DA:87,0
DA:93,0
DA:94,0
DA:95,0
DA:96,0
DA:100,0
DA:101,0
DA:102,0
DA:106,0
DA:107,0
DA:111,0
DA:112,0
DA:117,0
DA:119,0
DA:120,0
DA:157,0
DA:159,0
DA:178,0
DA:180,0
DA:195,0
DA:260,0
DA:262,0
DA:266,0
DA:276,0
DA:277,0
DA:286,0
DA:288,0
DA:292,0
DA:315,0
DA:317,0
DA:333,0
DA:335,0
DA:351,0
DA:353,0
DA:366,0
DA:368,0
DA:381,0
DA:383,0
DA:396,0
DA:398,0
DA:414,0
DA:416,0
DA:429,0
DA:431,0
DA:435,0
DA:450,0
DA:452,0
DA:456,0
DA:473,0
DA:486,0
DA:499,0
DA:512,0
DA:514,0
DA:536,0
DA:556,0
DA:557,0
DA:570,0
DA:571,0
DA:574,0
DA:575,0
DA:593,0
DA:595,0
DA:602,0
DA:624,0
DA:645,0
DA:647,0
DA:654,0
DA:655,0
DA:683,0
DA:700,0
DA:706,0
DA:708,0
DA:716,0
DA:736,0
DA:739,0
DA:740,0
DA:741,0
DA:742,0
DA:743,0
DA:744,0
DA:745,0
DA:746,0
DA:747,0
DA:748,0
DA:749,0
DA:750,0
DA:751,0
DA:752,0
DA:753,0
DA:754,0
DA:755,0
DA:756,0
DA:757,0
DA:758,0
DA:759,0
DA:760,0
DA:761,0
DA:762,0
LF:131
LH:0
BRDA:43,0,0,0
BRDA:60,1,0,0
BRDA:76,2,0,0
BRDA:76,2,1,0
BRDA:79,3,0,0
BRDA:79,3,1,0
BRDA:80,4,0,0
BRDA:80,4,1,0
BRDA:94,5,0,0
BRDA:94,5,1,0
BRDA:102,6,0,0
BRDA:103,7,0,0
BRDA:103,7,1,0
BRDA:103,7,2,0
BRDA:117,8,0,0
BRDA:117,8,1,0
BRDA:169,9,0,0
BRDA:170,10,0,0
BRDA:171,11,0,0
BRDA:180,12,0,0
BRDA:195,13,0,0
BRDA:220,14,0,0
BRDA:220,14,1,0
BRDA:230,15,0,0
BRDA:230,15,1,0
BRDA:230,16,0,0
BRDA:230,16,1,0
BRDA:238,17,0,0
BRDA:238,17,1,0
BRDA:242,18,0,0
BRDA:242,18,1,0
BRDA:242,19,0,0
BRDA:242,19,1,0
BRDA:434,20,0,0
BRDA:435,21,0,0
BRDA:435,21,1,0
BRDA:455,22,0,0
BRDA:456,23,0,0
BRDA:456,23,1,0
BRDA:546,24,0,0
BRDA:547,25,0,0
BRDA:548,26,0,0
BRDA:549,27,0,0
BRDA:556,28,0,0
BRDA:556,28,1,0
BRDA:570,29,0,0
BRDA:574,30,0,0
BRDA:586,31,0,0
BRDA:586,31,1,0
BRDA:601,32,0,0
BRDA:601,33,0,0
BRDA:602,34,0,0
BRDA:602,34,1,0
BRDA:616,35,0,0
BRDA:616,35,1,0
BRDA:652,36,0,0
BRDA:665,37,0,0
BRDA:715,38,0,0
BRDA:715,39,0,0
BRDA:716,40,0,0
BRDA:716,40,1,0
BRDA:727,41,0,0
BRDA:727,41,1,0
BRDA:728,42,0,0
BRDA:728,42,1,0
BRF:65
BRH:0
end_of_record
TN:
SF:components\ui\skeleton.tsx
FN:3,Skeleton
FNF:1
FNH:0
FNDA:0,Skeleton
DA:1,0
DA:15,0
LF:2
LH:0
BRF:0
BRH:0
end_of_record
TN:
SF:components\ui\slider.tsx
FNF:0
FNH:0
DA:3,0
DA:4,0
DA:6,0
DA:26,0
DA:28,0
LF:5
LH:0
BRF:0
BRH:0
end_of_record
TN:
SF:components\ui\sonner.tsx
FN:8,(anonymous_1)
FNF:1
FNH:0
FNDA:0,(anonymous_1)
DA:3,0
DA:4,0
DA:8,0
DA:9,0
DA:31,0
LF:5
LH:0
BRDA:9,0,0,0
BRF:1
BRH:0
end_of_record
TN:
SF:components\ui\switch.tsx
FNF:0
FNH:0
DA:3,0
DA:4,0
DA:6,0
DA:27,0
DA:29,0
LF:5
LH:0
BRF:0
BRH:0
end_of_record
TN:
SF:components\ui\table.tsx
FNF:0
FNH:0
DA:1,0
DA:3,0
DA:17,0
DA:25,0
DA:37,0
DA:52,0
DA:67,0
DA:82,0
DA:94,0
DA:106,0
DA:109,0
DA:110,0
DA:111,0
DA:112,0
DA:113,0
DA:114,0
DA:115,0
DA:116,0
LF:18
LH:0
BRF:0
BRH:0
end_of_record
TN:
SF:components\ui\tabs.tsx
FNF:0
FNH:0
DA:3,0
DA:4,0
DA:6,0
DA:8,0
DA:23,0
DA:38,0
DA:53,0
DA:55,0
LF:8
LH:0
BRF:0
BRH:0
end_of_record
TN:
SF:components\ui\textarea.tsx
FN:8,(anonymous_4)
FNF:1
FNH:0
FNDA:0,(anonymous_4)
DA:1,0
DA:3,0
DA:5,0
DA:20,0
DA:22,0
LF:5
LH:0
BRF:0
BRH:0
end_of_record
TN:
SF:components\ui\toast.tsx
FN:47,(anonymous_12)
FNF:1
FNH:0
FNDA:0,(anonymous_12)
DA:3,0
DA:4,0
DA:5,0
DA:6,0
DA:8,0
DA:10,0
DA:25,0
DA:27,0
DA:43,0
DA:56,0
DA:71,0
DA:89,0
DA:101,0
DA:113,0
DA:122,0
DA:123,0
DA:124,0
DA:125,0
DA:126,0
DA:127,0
DA:128,0
LF:21
LH:0
BRF:0
BRH:0
end_of_record
TN:
SF:components\ui\toaster.tsx
FN:13,Toaster
FN:18,(anonymous_2)
FNF:2
FNH:0
FNDA:0,Toaster
FNDA:0,(anonymous_2)
DA:3,0
DA:11,0
DA:13,0
DA:14,0
DA:19,0
LF:5
LH:0
BRDA:22,0,0,0
BRDA:23,1,0,0
BRF:2
BRH:0
end_of_record
TN:
SF:components\ui\toggle-group.tsx
FN:39,(anonymous_7)
FNF:1
FNH:0
FNDA:0,(anonymous_7)
DA:3,0
DA:4,0
DA:7,0
DA:8,0
DA:10,0
DA:33,0
DA:35,0
DA:40,0
DA:59,0
DA:61,0
LF:10
LH:0
BRDA:47,0,0,0
BRDA:47,0,1,0
BRDA:48,1,0,0
BRDA:48,1,1,0
BRF:4
BRH:0
end_of_record
TN:
SF:components\ui\toggle.tsx
FNF:0
FNH:0
DA:3,0
DA:4,0
DA:5,0
DA:7,0
DA:9,0
DA:43,0
DA:45,0
LF:7
LH:0
BRF:0
BRH:0
end_of_record
TN:
SF:components\ui\tooltip.tsx
FNF:0
FNH:0
DA:3,0
DA:4,0
DA:6,0
DA:8,0
DA:10,0
DA:12,0
DA:28,0
DA:30,0
LF:8
LH:0
BRDA:17,0,0,0
BRF:1
BRH:0
end_of_record
TN:
SF:components\ui\use-mobile.tsx
FN:5,useIsMobile
FN:8,(anonymous_5)
FN:10,(anonymous_6)
FN:15,(anonymous_7)
FNF:4
FNH:0
FNDA:0,useIsMobile
FNDA:0,(anonymous_5)
FNDA:0,(anonymous_6)
FNDA:0,(anonymous_7)
DA:1,0
DA:3,0
DA:5,0
DA:6,0
DA:8,0
DA:9,0
DA:10,0
DA:11,0
DA:13,0
DA:14,0
DA:15,0
DA:18,0
LF:12
LH:0
BRF:0
BRH:0
end_of_record
TN:
SF:components\ui\use-toast.tsx
FN:4,Toaster
FN:9,(anonymous_5)
FNF:2
FNH:0
FNDA:0,Toaster
FNDA:0,(anonymous_5)
DA:1,0
DA:2,0
DA:4,0
DA:5,0
DA:10,0
DA:25,0
LF:6
LH:0
BRDA:12,0,0,0
BRDA:13,1,0,0
BRF:2
BRH:0
end_of_record
TN:
SF:lib\ats-checker.ts
FN:23,checkATSCompatibility
FN:161,(anonymous_2)
FN:175,checkFileTypeCompatibility
FN:186,checkFileNameCompatibility
FN:191,hasComplexTables
FN:194,(anonymous_6)
FN:197,hasColumns
FN:209,(anonymous_8)
FN:212,hasImages
FN:215,(anonymous_10)
FN:218,hasHeadersFooters
FN:226,(anonymous_12)
FN:230,hasFancyFonts
FN:244,(anonymous_14)
FN:247,hasSpecialCharacters
FN:256,hasTextBoxes
FN:259,(anonymous_17)
FN:262,hasStandardSectionHeadings
FN:281,(anonymous_19)
FN:290,hasContactInfoAtTop
FNF:20
FNH:0
FNDA:0,checkATSCompatibility
FNDA:0,(anonymous_2)
FNDA:0,checkFileTypeCompatibility
FNDA:0,checkFileNameCompatibility
FNDA:0,hasComplexTables
FNDA:0,(anonymous_6)
FNDA:0,hasColumns
FNDA:0,(anonymous_8)
FNDA:0,hasImages
FNDA:0,(anonymous_10)
FNDA:0,hasHeadersFooters
FNDA:0,(anonymous_12)
FNDA:0,hasFancyFonts
FNDA:0,(anonymous_14)
FNDA:0,hasSpecialCharacters
FNDA:0,hasTextBoxes
FNDA:0,(anonymous_17)
FNDA:0,hasStandardSectionHeadings
FNDA:0,(anonymous_19)
FNDA:0,hasContactInfoAtTop
DA:23,0
DA:24,0
DA:25,0
DA:26,0
DA:29,0
DA:30,0
DA:37,0
DA:41,0
DA:42,0
DA:49,0
DA:53,0
DA:54,0
DA:61,0
DA:65,0
DA:66,0
DA:73,0
DA:77,0
DA:78,0
DA:85,0
DA:89,0
DA:90,0
DA:97,0
DA:101,0
DA:102,0
DA:109,0
DA:113,0
DA:114,0
DA:121,0
DA:125,0
DA:126,0
DA:133,0
DA:137,0
DA:138,0
DA:145,0
DA:149,0
DA:150,0
DA:157,0
DA:161,0
DA:164,0
DA:166,0
DA:176,0
DA:183,0
DA:188,0
DA:193,0
DA:194,0
DA:199,0
DA:202,0
DA:203,0
DA:206,0
DA:207,0
DA:209,0
DA:214,0
DA:215,0
DA:220,0
DA:223,0
DA:225,0
DA:226,0
DA:232,0
DA:244,0
DA:249,0
DA:250,0
DA:253,0
DA:258,0
DA:259,0
DA:264,0
DA:281,0
DA:282,0
DA:283,0
DA:287,0
DA:292,0
DA:295,0
DA:296,0
DA:297,0
DA:299,0
LF:74
LH:0
BRDA:29,0,0,0
BRDA:29,0,1,0
BRDA:41,1,0,0
BRDA:41,1,1,0
BRDA:53,2,0,0
BRDA:53,2,1,0
BRDA:65,3,0,0
BRDA:65,3,1,0
BRDA:77,4,0,0
BRDA:77,4,1,0
BRDA:89,5,0,0
BRDA:89,5,1,0
BRDA:101,6,0,0
BRDA:101,6,1,0
BRDA:113,7,0,0
BRDA:113,7,1,0
BRDA:125,8,0,0
BRDA:125,8,1,0
BRDA:137,9,0,0
BRDA:137,9,1,0
BRDA:149,10,0,0
BRDA:149,10,1,0
BRDA:194,11,0,0
BRDA:194,11,1,0
BRDA:194,12,0,0
BRDA:194,12,1,0
BRDA:203,13,0,0
BRDA:203,13,1,0
BRDA:207,14,0,0
BRDA:207,14,1,0
BRDA:209,15,0,0
BRDA:209,15,1,0
BRDA:209,15,2,0
BRDA:226,16,0,0
BRDA:226,16,1,0
BRDA:253,17,0,0
BRDA:253,17,1,0
BRDA:299,18,0,0
BRDA:299,18,1,0
BRDA:299,18,2,0
BRF:40
BRH:0
end_of_record
TN:
SF:lib\auth.ts
FN:26,(anonymous_2)
FN:56,(anonymous_3)
FN:65,(anonymous_4)
FNF:3
FNH:0
FNDA:0,(anonymous_2)
FNDA:0,(anonymous_3)
FNDA:0,(anonymous_4)
DA:1,0
DA:2,0
DA:4,0
DA:6,0
DA:8,0
DA:27,0
DA:28,0
DA:31,0
DA:37,0
DA:38,0
DA:41,0
DA:43,0
DA:44,0
DA:47,0
DA:57,0
DA:66,0
DA:67,0
DA:72,0
LF:18
LH:0
BRDA:27,0,0,0
BRDA:27,1,0,0
BRDA:27,1,1,0
BRDA:37,2,0,0
BRDA:37,3,0,0
BRDA:37,3,1,0
BRDA:43,4,0,0
BRDA:66,5,0,0
BRDA:77,6,0,0
BRDA:77,6,1,0
BRF:10
BRH:0
end_of_record
TN:
SF:lib\blog-data.ts
FN:953,getBlogPost
FN:954,(anonymous_8)
FN:957,getAllBlogPosts
FN:961,getFeaturedPosts
FN:962,(anonymous_11)
FN:965,getBlogPostsByCategory
FN:966,(anonymous_13)
FN:969,getRelatedPosts
FN:974,(anonymous_15)
FN:980,(anonymous_16)
FNF:10
FNH:0
FNDA:0,getBlogPost
FNDA:0,(anonymous_8)
FNDA:0,getAllBlogPosts
FNDA:0,getFeaturedPosts
FNDA:0,(anonymous_11)
FNDA:0,getBlogPostsByCategory
FNDA:0,(anonymous_13)
FNDA:0,getRelatedPosts
FNDA:0,(anonymous_15)
FNDA:0,(anonymous_16)
DA:13,0
DA:953,0
DA:954,0
DA:957,0
DA:958,0
DA:961,0
DA:962,0
DA:965,0
DA:966,0
DA:969,0
DA:970,0
DA:971,0
DA:974,0
DA:975,0
DA:979,0
DA:980,0
DA:981,0
DA:983,0
DA:986,0
LF:19
LH:0
BRDA:969,0,0,0
BRDA:971,1,0,0
BRDA:975,2,0,0
BRDA:975,2,1,0
BRDA:979,3,0,0
BRDA:981,4,0,0
BRDA:981,4,1,0
BRF:7
BRH:0
end_of_record
TN:
SF:lib\cache.ts
FN:37,(anonymous_5)
FN:42,(anonymous_6)
FN:43,(anonymous_7)
FN:49,(anonymous_8)
FN:56,(anonymous_9)
FN:65,(anonymous_10)
FN:80,(anonymous_11)
FN:101,(anonymous_12)
FN:114,(anonymous_13)
FN:128,(anonymous_14)
FN:136,(anonymous_15)
FN:142,(anonymous_16)
FN:150,(anonymous_17)
FN:156,(anonymous_18)
FN:164,(anonymous_19)
FN:170,(anonymous_20)
FN:178,(anonymous_21)
FN:184,(anonymous_22)
FN:207,(anonymous_23)
FN:222,(anonymous_24)
FN:231,(anonymous_25)
FN:240,(anonymous_26)
FN:243,(anonymous_27)
FN:249,(anonymous_28)
FN:253,(anonymous_29)
FN:257,(anonymous_30)
FN:278,(anonymous_31)
FN:301,(anonymous_32)
FN:328,(anonymous_33)
FN:330,(anonymous_34)
FN:348,(anonymous_35)
FN:352,(anonymous_36)
FN:355,(anonymous_37)
FN:368,(anonymous_38)
FN:385,(anonymous_39)
FN:402,generateContentHash
FN:408,withCache
FN:411,cacheMiddleware
FN:412,cachedHandler
FNF:39
FNH:0
FNDA:0,(anonymous_5)
FNDA:0,(anonymous_6)
FNDA:0,(anonymous_7)
FNDA:0,(anonymous_8)
FNDA:0,(anonymous_9)
FNDA:0,(anonymous_10)
FNDA:0,(anonymous_11)
FNDA:0,(anonymous_12)
FNDA:0,(anonymous_13)
FNDA:0,(anonymous_14)
FNDA:0,(anonymous_15)
FNDA:0,(anonymous_16)
FNDA:0,(anonymous_17)
FNDA:0,(anonymous_18)
FNDA:0,(anonymous_19)
FNDA:0,(anonymous_20)
FNDA:0,(anonymous_21)
FNDA:0,(anonymous_22)
FNDA:0,(anonymous_23)
FNDA:0,(anonymous_24)
FNDA:0,(anonymous_25)
FNDA:0,(anonymous_26)
FNDA:0,(anonymous_27)
FNDA:0,(anonymous_28)
FNDA:0,(anonymous_29)
FNDA:0,(anonymous_30)
FNDA:0,(anonymous_31)
FNDA:0,(anonymous_32)
FNDA:0,(anonymous_33)
FNDA:0,(anonymous_34)
FNDA:0,(anonymous_35)
FNDA:0,(anonymous_36)
FNDA:0,(anonymous_37)
FNDA:0,(anonymous_38)
FNDA:0,(anonymous_39)
FNDA:0,generateContentHash
FNDA:0,withCache
FNDA:0,cacheMiddleware
FNDA:0,cachedHandler
DA:1,0
DA:2,0
DA:5,0
DA:13,0
DA:24,0
DA:34,0
DA:38,0
DA:39,0
DA:43,0
DA:44,0
DA:49,0
DA:50,0
DA:56,0
DA:57,0
DA:66,0
DA:67,0
DA:68,0
DA:70,0
DA:71,0
DA:76,0
DA:81,0
DA:82,0
DA:84,0
DA:85,0
DA:87,0
DA:90,0
DA:91,0
DA:97,0
DA:102,0
DA:103,0
DA:104,0
DA:105,0
DA:110,0
DA:115,0
DA:116,0
DA:117,0
DA:118,0
DA:123,0
DA:132,0
DA:133,0
DA:137,0
DA:138,0
DA:146,0
DA:147,0
DA:151,0
DA:152,0
DA:160,0
DA:161,0
DA:165,0
DA:166,0
DA:174,0
DA:175,0
DA:179,0
DA:180,0
DA:188,0
DA:189,0
DA:190,0
DA:192,0
DA:193,0
DA:195,0
DA:196,0
DA:197,0
DA:203,0
DA:208,0
DA:209,0
DA:210,0
DA:211,0
DA:212,0
DA:217,0
DA:227,0
DA:228,0
DA:235,0
DA:236,0
DA:241,0
DA:242,0
DA:243,0
DA:244,0
DA:249,0
DA:254,0
DA:255,0
DA:257,0
DA:258,0
DA:259,0
DA:260,0
DA:262,0
DA:266,0
DA:267,0
DA:268,0
DA:273,0
DA:279,0
DA:280,0
DA:281,0
DA:283,0
DA:285,0
DA:290,0
DA:291,0
DA:296,0
DA:306,0
DA:307,0
DA:308,0
DA:310,0
DA:319,0
DA:320,0
DA:329,0
DA:330,0
DA:332,0
DA:334,0
DA:335,0
DA:336,0
DA:337,0
DA:339,0
DA:340,0
DA:341,0
DA:345,0
DA:349,0
DA:350,0
DA:352,0
DA:353,0
DA:354,0
DA:355,0
DA:356,0
DA:357,0
DA:358,0
DA:360,0
DA:364,0
DA:369,0
DA:370,0
DA:371,0
DA:373,0
DA:374,0
DA:375,0
DA:377,0
DA:379,0
DA:380,0
DA:386,0
DA:387,0
DA:388,0
DA:393,0
DA:399,0
DA:402,0
DA:403,0
DA:404,0
DA:408,0
DA:411,0
DA:412,0
DA:413,0
DA:416,0
DA:417,0
DA:418,0
DA:419,0
DA:425,0
DA:427,0
DA:428,0
DA:429,0
DA:430,0
DA:433,0
LF:156
LH:0
BRDA:5,0,0,0
BRDA:5,0,1,0
BRDA:68,1,0,0
BRDA:72,2,0,0
BRDA:72,2,1,0
BRDA:84,3,0,0
BRDA:84,3,1,0
BRDA:92,4,0,0
BRDA:92,4,1,0
BRDA:106,5,0,0
BRDA:106,5,1,0
BRDA:119,6,0,0
BRDA:119,6,1,0
BRDA:186,7,0,0
BRDA:196,8,0,0
BRDA:196,8,1,0
BRDA:198,9,0,0
BRDA:198,9,1,0
BRDA:211,10,0,0
BRDA:211,10,1,0
BRDA:213,11,0,0
BRDA:213,11,1,0
BRDA:243,12,0,0
BRDA:243,12,1,0
BRDA:245,13,0,0
BRDA:245,13,1,0
BRDA:259,14,0,0
BRDA:259,14,1,0
BRDA:269,15,0,0
BRDA:269,15,1,0
BRDA:281,16,0,0
BRDA:292,17,0,0
BRDA:292,17,1,0
BRDA:319,18,0,0
BRDA:319,18,1,0
BRDA:332,19,0,0
BRDA:337,20,0,0
BRDA:337,21,0,0
BRDA:337,21,1,0
BRDA:340,22,0,0
BRDA:340,23,0,0
BRDA:340,23,1,0
BRDA:341,24,0,0
BRDA:341,24,1,0
BRDA:353,25,0,0
BRDA:357,26,0,0
BRDA:357,26,1,0
BRDA:379,27,0,0
BRDA:379,27,1,0
BRDA:393,28,0,0
BRDA:393,28,1,0
BRDA:410,29,0,0
BRDA:417,30,0,0
BRDA:427,31,0,0
BRF:54
BRH:0
end_of_record
TN:
SF:lib\comprehensive-analyzer.ts
FN:36,performComprehensiveAnalysis
FN:69,(anonymous_2)
FN:84,(anonymous_3)
FN:91,analyzeComprehensiveIssues
FN:136,analyzeContactInformation
FN:158,(anonymous_6)
FN:203,analyzeProfessionalSummary
FN:209,(anonymous_8)
FN:259,analyzeExperienceSection
FN:298,(anonymous_10)
FN:302,(anonymous_11)
FN:326,(anonymous_12)
FN:352,(anonymous_13)
FN:414,(anonymous_14)
FN:414,(anonymous_15)
FN:439,analyzeSkillsSection
FN:508,(anonymous_17)
FN:509,(anonymous_18)
FN:564,(anonymous_19)
FN:585,(anonymous_20)
FN:626,analyzeEducationSection
FN:646,analyzeFormattingAndATS
FN:695,(anonymous_23)
FN:703,(anonymous_24)
FN:725,(anonymous_25)
FN:769,(anonymous_26)
FN:814,analyzeContentQuality
FN:820,(anonymous_28)
FN:842,(anonymous_29)
FN:860,(anonymous_30)
FN:878,(anonymous_31)
FN:900,(anonymous_32)
FN:901,(anonymous_33)
FN:907,(anonymous_34)
FN:908,(anonymous_35)
FN:929,(anonymous_36)
FN:950,(anonymous_37)
FN:960,(anonymous_38)
FN:984,analyzeKeywordOptimization
FN:991,(anonymous_40)
FN:1002,(anonymous_41)
FN:1007,(anonymous_42)
FN:1008,(anonymous_43)
FN:1026,analyzeIndustrySpecificIssues
FN:1051,(anonymous_45)
FN:1069,analyzeLengthAndStructure
FN:1101,(anonymous_47)
FN:1107,(anonymous_48)
FN:1123,calculateOverallScore
FN:1125,(anonymous_50)
FN:1136,(anonymous_51)
FN:1141,identifyStrengths
FN:1160,(anonymous_53)
FN:1172,(anonymous_54)
FN:1180,(anonymous_55)
FN:1195,createActionPlan
FN:1200,(anonymous_57)
FN:1201,(anonymous_58)
FN:1202,(anonymous_59)
FN:1205,(anonymous_60)
FN:1206,(anonymous_61)
FN:1210,(anonymous_62)
FN:1211,(anonymous_63)
FN:1216,(anonymous_64)
FN:1230,extractSummarySection
FN:1236,(anonymous_66)
FNF:66
FNH:0
FNDA:0,performComprehensiveAnalysis
FNDA:0,(anonymous_2)
FNDA:0,(anonymous_3)
FNDA:0,analyzeComprehensiveIssues
FNDA:0,analyzeContactInformation
FNDA:0,(anonymous_6)
FNDA:0,analyzeProfessionalSummary
FNDA:0,(anonymous_8)
FNDA:0,analyzeExperienceSection
FNDA:0,(anonymous_10)
FNDA:0,(anonymous_11)
FNDA:0,(anonymous_12)
FNDA:0,(anonymous_13)
FNDA:0,(anonymous_14)
FNDA:0,(anonymous_15)
FNDA:0,analyzeSkillsSection
FNDA:0,(anonymous_17)
FNDA:0,(anonymous_18)
FNDA:0,(anonymous_19)
FNDA:0,(anonymous_20)
FNDA:0,analyzeEducationSection
FNDA:0,analyzeFormattingAndATS
FNDA:0,(anonymous_23)
FNDA:0,(anonymous_24)
FNDA:0,(anonymous_25)
FNDA:0,(anonymous_26)
FNDA:0,analyzeContentQuality
FNDA:0,(anonymous_28)
FNDA:0,(anonymous_29)
FNDA:0,(anonymous_30)
FNDA:0,(anonymous_31)
FNDA:0,(anonymous_32)
FNDA:0,(anonymous_33)
FNDA:0,(anonymous_34)
FNDA:0,(anonymous_35)
FNDA:0,(anonymous_36)
FNDA:0,(anonymous_37)
FNDA:0,(anonymous_38)
FNDA:0,analyzeKeywordOptimization
FNDA:0,(anonymous_40)
FNDA:0,(anonymous_41)
FNDA:0,(anonymous_42)
FNDA:0,(anonymous_43)
FNDA:0,analyzeIndustrySpecificIssues
FNDA:0,(anonymous_45)
FNDA:0,analyzeLengthAndStructure
FNDA:0,(anonymous_47)
FNDA:0,(anonymous_48)
FNDA:0,calculateOverallScore
FNDA:0,(anonymous_50)
FNDA:0,(anonymous_51)
FNDA:0,identifyStrengths
FNDA:0,(anonymous_53)
FNDA:0,(anonymous_54)
FNDA:0,(anonymous_55)
FNDA:0,createActionPlan
FNDA:0,(anonymous_57)
FNDA:0,(anonymous_58)
FNDA:0,(anonymous_59)
FNDA:0,(anonymous_60)
FNDA:0,(anonymous_61)
FNDA:0,(anonymous_62)
FNDA:0,(anonymous_63)
FNDA:0,(anonymous_64)
FNDA:0,extractSummarySection
FNDA:0,(anonymous_66)
DA:1,0
DA:36,0
DA:42,0
DA:43,0
DA:44,0
DA:47,0
DA:57,0
DA:60,0
DA:63,0
DA:66,0
DA:69,0
DA:70,0
DA:77,0
DA:78,0
DA:84,0
DA:98,0
DA:99,0
DA:102,0
DA:105,0
DA:108,0
DA:111,0
DA:114,0
DA:117,0
DA:120,0
DA:123,0
DA:124,0
DA:128,0
DA:131,0
DA:133,0
DA:137,0
DA:138,0
DA:141,0
DA:142,0
DA:143,0
DA:156,0
DA:157,0
DA:158,0
DA:159,0
DA:172,0
DA:173,0
DA:174,0
DA:187,0
DA:188,0
DA:200,0
DA:204,0
DA:205,0
DA:208,0
DA:209,0
DA:211,0
DA:212,0
DA:228,0
DA:229,0
DA:230,0
DA:242,0
DA:243,0
DA:256,0
DA:260,0
DA:261,0
DA:264,0
DA:265,0
DA:275,0
DA:279,0
DA:280,0
DA:281,0
DA:298,0
DA:299,0
DA:302,0
DA:304,0
DA:305,0
DA:322,0
DA:323,0
DA:324,0
DA:326,0
DA:327,0
DA:328,0
DA:329,0
DA:333,0
DA:334,0
DA:351,0
DA:352,0
DA:354,0
DA:355,0
DA:372,0
DA:374,0
DA:375,0
DA:392,0
DA:394,0
DA:395,0
DA:412,0
DA:413,0
DA:414,0
DA:415,0
DA:416,0
DA:417,0
DA:418,0
DA:422,0
DA:423,0
DA:436,0
DA:440,0
DA:441,0
DA:443,0
DA:444,0
DA:454,0
DA:458,0
DA:460,0
DA:461,0
DA:479,0
DA:507,0
DA:508,0
DA:509,0
DA:511,0
DA:512,0
DA:524,0
DA:525,0
DA:542,0
DA:544,0
DA:545,0
DA:563,0
DA:564,0
DA:566,0
DA:567,0
DA:584,0
DA:585,0
DA:587,0
DA:588,0
DA:605,0
DA:606,0
DA:623,0
DA:627,0
DA:628,0
DA:630,0
DA:631,0
DA:643,0
DA:647,0
DA:650,0
DA:651,0
DA:652,0
DA:653,0
DA:666,0
DA:667,0
DA:668,0
DA:681,0
DA:682,0
DA:695,0
DA:696,0
DA:703,0
DA:704,0
DA:707,0
DA:708,0
DA:725,0
DA:726,0
DA:728,0
DA:729,0
DA:742,0
DA:743,0
DA:749,0
DA:751,0
DA:752,0
DA:768,0
DA:769,0
DA:770,0
DA:771,0
DA:772,0
DA:773,0
DA:774,0
DA:777,0
DA:778,0
DA:796,0
DA:811,0
DA:815,0
DA:816,0
DA:819,0
DA:820,0
DA:821,0
DA:823,0
DA:824,0
DA:841,0
DA:842,0
DA:843,0
DA:845,0
DA:846,0
DA:859,0
DA:860,0
DA:861,0
DA:863,0
DA:864,0
DA:877,0
DA:878,0
DA:879,0
DA:881,0
DA:882,0
DA:900,0
DA:901,0
DA:902,0
DA:903,0
DA:906,0
DA:907,0
DA:908,0
DA:910,0
DA:911,0
DA:928,0
DA:929,0
DA:930,0
DA:932,0
DA:933,0
DA:950,0
DA:951,0
DA:960,0
DA:961,0
DA:964,0
DA:965,0
DA:981,0
DA:989,0
DA:991,0
DA:992,0
DA:994,0
DA:995,0
DA:1002,0
DA:1007,0
DA:1008,0
DA:1010,0
DA:1011,0
DA:1023,0
DA:1027,0
DA:1028,0
DA:1031,0
DA:1049,0
DA:1050,0
DA:1051,0
DA:1052,0
DA:1053,0
DA:1066,0
DA:1070,0
DA:1071,0
DA:1073,0
DA:1074,0
DA:1086,0
DA:1087,0
DA:1100,0
DA:1101,0
DA:1102,0
DA:1106,0
DA:1107,0
DA:1108,0
DA:1120,0
DA:1124,0
DA:1125,0
DA:1126,0
DA:1132,0
DA:1135,0
DA:1136,0
DA:1138,0
DA:1146,0
DA:1147,0
DA:1150,0
DA:1151,0
DA:1152,0
DA:1156,0
DA:1157,0
DA:1158,0
DA:1160,0
DA:1161,0
DA:1162,0
DA:1163,0
DA:1167,0
DA:1168,0
DA:1172,0
DA:1173,0
DA:1174,0
DA:1179,0
DA:1180,0
DA:1181,0
DA:1182,0
DA:1187,0
DA:1188,0
DA:1189,0
DA:1192,0
DA:1200,0
DA:1201,0
DA:1202,0
DA:1204,0
DA:1205,0
DA:1206,0
DA:1209,0
DA:1210,0
DA:1211,0
DA:1215,0
DA:1216,0
DA:1222,0
DA:1231,0
DA:1232,0
DA:1234,0
DA:1235,0
DA:1236,0
DA:1238,0
DA:1239,0
DA:1240,0
DA:1244,0
DA:1246,0
DA:1248,0
DA:1251,0
LF:301
LH:0
BRDA:47,0,0,0
BRDA:47,0,1,0
BRDA:70,1,0,0
BRDA:70,1,1,0
BRDA:70,1,2,0
BRDA:70,1,3,0
BRDA:123,2,0,0
BRDA:123,3,0,0
BRDA:123,3,1,0
BRDA:142,4,0,0
BRDA:158,5,0,0
BRDA:158,6,0,0
BRDA:158,6,1,0
BRDA:173,7,0,0
BRDA:187,8,0,0
BRDA:187,9,0,0
BRDA:187,9,1,0
BRDA:211,10,0,0
BRDA:211,10,1,0
BRDA:229,11,0,0
BRDA:229,12,0,0
BRDA:229,12,1,0
BRDA:242,13,0,0
BRDA:242,14,0,0
BRDA:242,14,1,0
BRDA:264,15,0,0
BRDA:264,16,0,0
BRDA:264,16,1,0
BRDA:264,16,2,0
BRDA:280,17,0,0
BRDA:299,18,0,0
BRDA:299,18,1,0
BRDA:299,18,2,0
BRDA:299,18,3,0
BRDA:299,18,4,0
BRDA:304,19,0,0
BRDA:304,20,0,0
BRDA:304,20,1,0
BRDA:323,21,0,0
BRDA:323,21,1,0
BRDA:328,22,0,0
BRDA:333,23,0,0
BRDA:333,24,0,0
BRDA:333,24,1,0
BRDA:354,25,0,0
BRDA:354,26,0,0
BRDA:354,26,1,0
BRDA:372,27,0,0
BRDA:372,27,1,0
BRDA:372,27,2,0
BRDA:374,28,0,0
BRDA:392,29,0,0
BRDA:392,29,1,0
BRDA:394,30,0,0
BRDA:394,31,0,0
BRDA:394,31,1,0
BRDA:412,32,0,0
BRDA:412,32,1,0
BRDA:413,33,0,0
BRDA:417,34,0,0
BRDA:422,35,0,0
BRDA:443,36,0,0
BRDA:443,37,0,0
BRDA:443,37,1,0
BRDA:443,37,2,0
BRDA:458,38,0,0
BRDA:458,38,1,0
BRDA:458,38,2,0
BRDA:458,38,3,0
BRDA:458,38,4,0
BRDA:460,39,0,0
BRDA:507,40,0,0
BRDA:507,40,1,0
BRDA:511,41,0,0
BRDA:524,42,0,0
BRDA:524,43,0,0
BRDA:524,43,1,0
BRDA:542,44,0,0
BRDA:542,44,1,0
BRDA:542,44,2,0
BRDA:542,44,3,0
BRDA:542,44,4,0
BRDA:544,45,0,0
BRDA:566,46,0,0
BRDA:587,47,0,0
BRDA:605,48,0,0
BRDA:605,49,0,0
BRDA:605,49,1,0
BRDA:605,49,2,0
BRDA:605,49,3,0
BRDA:605,49,4,0
BRDA:630,50,0,0
BRDA:630,51,0,0
BRDA:630,51,1,0
BRDA:630,51,2,0
BRDA:630,51,3,0
BRDA:650,52,0,0
BRDA:650,52,1,0
BRDA:652,53,0,0
BRDA:667,54,0,0
BRDA:681,55,0,0
BRDA:681,56,0,0
BRDA:681,56,1,0
BRDA:681,56,2,0
BRDA:696,57,0,0
BRDA:696,57,1,0
BRDA:696,57,2,0
BRDA:696,57,3,0
BRDA:696,57,4,0
BRDA:704,58,0,0
BRDA:704,58,1,0
BRDA:707,59,0,0
BRDA:728,60,0,0
BRDA:751,61,0,0
BRDA:768,62,0,0
BRDA:768,62,1,0
BRDA:770,63,0,0
BRDA:771,64,0,0
BRDA:772,65,0,0
BRDA:773,66,0,0
BRDA:777,67,0,0
BRDA:821,68,0,0
BRDA:821,68,1,0
BRDA:823,69,0,0
BRDA:843,70,0,0
BRDA:843,70,1,0
BRDA:845,71,0,0
BRDA:861,72,0,0
BRDA:861,72,1,0
BRDA:863,73,0,0
BRDA:879,74,0,0
BRDA:879,74,1,0
BRDA:881,75,0,0
BRDA:902,76,0,0
BRDA:902,76,1,0
BRDA:907,77,0,0
BRDA:907,77,1,0
BRDA:910,78,0,0
BRDA:930,79,0,0
BRDA:930,79,1,0
BRDA:932,80,0,0
BRDA:951,81,0,0
BRDA:951,81,1,0
BRDA:951,81,2,0
BRDA:951,81,3,0
BRDA:951,81,4,0
BRDA:951,81,5,0
BRDA:964,82,0,0
BRDA:964,83,0,0
[...]
FNF:20
FNH:0
FNDA:0,detectIndustry
FNDA:0,(anonymous_6)
FNDA:0,(anonymous_7)
FNDA:0,(anonymous_8)
FNDA:0,calculateIndustryScore
FNDA:0,getIndustryRecommendations
FNDA:0,getDetailedIndustryAnalysis
FNDA:0,(anonymous_12)
FNDA:0,(anonymous_13)
FNDA:0,(anonymous_14)
FNDA:0,(anonymous_15)
FNDA:0,(anonymous_16)
FNDA:0,(anonymous_17)
FNDA:0,generateIndustryAnalysisText
FNDA:0,generateStrengthsAnalysis
FNDA:0,generateImprovementsAnalysis
FNDA:0,generateMissingElementsAnalysis
FNDA:0,(anonymous_22)
FNDA:0,(anonymous_23)
FNDA:0,(anonymous_24)
DA:2,0
DA:132,0
DA:133,0
DA:136,0
DA:138,0
DA:139,0
DA:141,0
DA:143,0
DA:144,0
DA:145,0
DA:146,0
DA:151,0
DA:152,0
DA:154,0
DA:155,0
DA:156,0
DA:157,0
DA:161,0
DA:165,0
DA:223,0
DA:224,0
DA:226,0
DA:229,0
DA:230,0
DA:233,0
DA:234,0
DA:237,0
DA:238,0
DA:241,0
DA:242,0
DA:245,0
DA:246,0
DA:249,0
DA:250,0
DA:253,0
DA:254,0
DA:257,0
DA:261,0
DA:262,0
DA:307,0
DA:311,0
DA:323,0
DA:324,0
DA:327,0
DA:328,0
DA:329,0
DA:330,0
DA:333,0
DA:334,0
DA:335,0
DA:336,0
DA:340,0
DA:341,0
DA:342,0
DA:344,0
DA:345,0
DA:346,0
DA:348,0
DA:350,0
DA:351,0
DA:353,0
DA:355,0
DA:372,0
DA:374,0
DA:376,0
DA:377,0
DA:378,0
DA:379,0
DA:380,0
DA:381,0
DA:383,0
DA:386,0
DA:388,0
DA:389,0
DA:392,0
DA:393,0
DA:396,0
DA:405,0
DA:407,0
DA:408,0
DA:411,0
DA:412,0
DA:415,0
DA:416,0
DA:419,0
DA:420,0
DA:423,0
DA:424,0
DA:427,0
DA:428,0
DA:431,0
DA:432,0
DA:435,0
DA:445,0
DA:448,0
DA:449,0
DA:452,0
DA:453,0
DA:456,0
DA:457,0
DA:460,0
DA:461,0
DA:464,0
DA:465,0
DA:468,0
DA:469,0
DA:472,0
DA:473,0
DA:476,0
DA:483,0
DA:484,0
DA:487,0
DA:521,0
DA:523,0
DA:524,0
DA:525,0
DA:526,0
DA:527,0
DA:530,0
DA:531,0
DA:536,0
DA:537,0
DA:538,0
DA:542,0
DA:543,0
DA:544,0
DA:545,0
DA:548,0
DA:549,0
DA:552,0
DA:556,0
LF:131
LH:0
BRDA:145,0,0,0
BRDA:145,0,1,0
BRDA:155,1,0,0
BRDA:224,2,0,0
BRDA:224,2,1,0
BRDA:229,3,0,0
BRDA:233,4,0,0
BRDA:237,5,0,0
BRDA:241,6,0,0
BRDA:245,7,0,0
BRDA:249,8,0,0
BRDA:253,9,0,0
BRDA:307,10,0,0
BRDA:307,10,1,0
BRDA:324,11,0,0
BRDA:324,11,1,0
BRDA:327,12,0,0
BRDA:327,12,1,0
BRDA:333,13,0,0
BRDA:333,13,1,0
BRDA:376,14,0,0
BRDA:376,14,1,0
BRDA:378,15,0,0
BRDA:378,15,1,0
BRDA:380,16,0,0
BRDA:380,16,1,0
BRDA:388,17,0,0
BRDA:392,18,0,0
BRDA:407,19,0,0
BRDA:407,20,0,0
BRDA:407,20,1,0
BRDA:411,21,0,0
BRDA:415,22,0,0
BRDA:419,23,0,0
BRDA:423,24,0,0
BRDA:427,25,0,0
BRDA:431,26,0,0
BRDA:435,27,0,0
BRDA:435,27,1,0
BRDA:448,28,0,0
BRDA:448,29,0,0
BRDA:448,29,1,0
BRDA:452,30,0,0
BRDA:452,31,0,0
BRDA:452,31,1,0
BRDA:456,32,0,0
BRDA:456,33,0,0
BRDA:456,33,1,0
BRDA:460,34,0,0
BRDA:460,35,0,0
BRDA:460,35,1,0
BRDA:464,36,0,0
BRDA:468,37,0,0
BRDA:472,38,0,0
BRDA:476,39,0,0
BRDA:476,39,1,0
BRDA:521,40,0,0
BRDA:521,40,1,0
BRDA:530,41,0,0
BRDA:537,42,0,0
BRDA:542,43,0,0
BRDA:542,43,1,0
BRDA:548,44,0,0
BRDA:548,45,0,0
BRDA:548,45,1,0
BRF:65
BRH:0
end_of_record
TN:
SF:lib\keyword-processor.ts
FN:51,(anonymous_3)
FN:62,(anonymous_4)
FN:106,(anonymous_5)
FN:141,(anonymous_6)
FN:152,(anonymous_7)
FN:160,(anonymous_8)
FN:166,(anonymous_9)
FN:172,(anonymous_10)
FN:173,(anonymous_11)
FN:182,(anonymous_12)
FN:189,(anonymous_13)
FN:194,(anonymous_14)
FN:214,(anonymous_15)
FN:215,(anonymous_16)
FN:220,(anonymous_17)
FN:242,(anonymous_18)
FN:295,(anonymous_19)
FN:335,(anonymous_20)
FN:370,(anonymous_21)
FN:377,(anonymous_22)
FNF:20
FNH:0
FNDA:0,(anonymous_3)
FNDA:0,(anonymous_4)
FNDA:0,(anonymous_5)
FNDA:0,(anonymous_6)
FNDA:0,(anonymous_7)
FNDA:0,(anonymous_8)
FNDA:0,(anonymous_9)
FNDA:0,(anonymous_10)
FNDA:0,(anonymous_11)
FNDA:0,(anonymous_12)
FNDA:0,(anonymous_13)
FNDA:0,(anonymous_14)
FNDA:0,(anonymous_15)
FNDA:0,(anonymous_16)
FNDA:0,(anonymous_17)
FNDA:0,(anonymous_18)
FNDA:0,(anonymous_19)
FNDA:0,(anonymous_20)
FNDA:0,(anonymous_21)
FNDA:0,(anonymous_22)
DA:1,0
DA:24,0
DA:25,0
DA:32,0
DA:38,0
DA:43,0
DA:63,0
DA:66,0
DA:67,0
DA:68,0
DA:73,0
DA:74,0
DA:75,0
DA:80,0
DA:81,0
DA:82,0
DA:87,0
DA:88,0
DA:89,0
DA:90,0
DA:92,0
DA:93,0
DA:95,0
DA:96,0
DA:100,0
DA:111,0
DA:113,0
DA:120,0
DA:121,0
DA:125,0
DA:126,0
DA:127,0
DA:131,0
DA:133,0
DA:134,0
DA:145,0
DA:153,0
DA:159,0
DA:160,0
DA:161,0
DA:165,0
DA:166,0
DA:167,0
DA:171,0
DA:172,0
DA:173,0
DA:176,0
DA:186,0
DA:187,0
DA:189,0
DA:190,0
DA:194,0
DA:197,0
DA:198,0
DA:199,0
DA:200,0
DA:205,0
DA:206,0
DA:207,0
DA:208,0
DA:214,0
DA:215,0
DA:226,0
DA:229,0
DA:232,0
DA:237,0
DA:238,0
DA:239,0
DA:240,0
DA:242,0
DA:243,0
DA:246,0
DA:259,0
DA:260,0
DA:261,0
DA:263,0
DA:265,0
DA:268,0
DA:269,0
DA:271,0
DA:285,0
DA:286,0
DA:289,0
DA:299,0
DA:300,0
DA:301,0
DA:328,0
DA:340,0
DA:341,0
DA:360,0
DA:362,0
DA:363,0
DA:374,0
DA:376,0
DA:377,0
DA:391,0
DA:392,0
DA:398,0
LF:98
LH:0
BRDA:67,0,0,0
BRDA:74,1,0,0
BRDA:81,2,0,0
BRDA:87,3,0,0
BRDA:89,4,0,0
BRDA:89,5,0,0
BRDA:89,5,1,0
BRDA:92,6,0,0
BRDA:92,7,0,0
BRDA:92,7,1,0
BRDA:95,8,0,0
BRDA:95,9,0,0
BRDA:95,9,1,0
BRDA:120,10,0,0
BRDA:121,11,0,0
BRDA:121,11,1,0
BRDA:126,12,0,0
BRDA:126,12,1,0
BRDA:127,13,0,0
BRDA:143,14,0,0
BRDA:145,15,0,0
BRDA:145,16,0,0
BRDA:153,17,0,0
BRDA:153,17,1,0
BRDA:153,17,2,0
BRDA:161,18,0,0
BRDA:161,18,1,0
BRDA:194,19,0,0
BRDA:194,19,1,0
BRDA:199,20,0,0
BRDA:200,21,0,0
BRDA:200,21,1,0
BRDA:207,22,0,0
BRDA:208,23,0,0
BRDA:208,23,1,0
BRDA:224,24,0,0
BRDA:232,25,0,0
BRDA:232,25,1,0
BRDA:263,26,0,0
BRDA:263,26,1,0
BRDA:285,27,0,0
BRDA:313,28,0,0
BRDA:313,28,1,0
BRDA:322,29,0,0
BRDA:322,29,1,0
BRDA:335,30,0,0
BRF:46
BRH:0
end_of_record
TN:
SF:lib\logger.ts
FN:44,(anonymous_4)
FN:52,(anonymous_5)
FN:59,(anonymous_6)
FN:66,(anonymous_7)
FN:74,(anonymous_8)
FN:83,(anonymous_9)
FN:93,(anonymous_10)
FN:102,(anonymous_11)
FNF:8
FNH:0
FNDA:0,(anonymous_4)
FNDA:0,(anonymous_5)
FNDA:0,(anonymous_6)
FNDA:0,(anonymous_7)
FNDA:0,(anonymous_8)
FNDA:0,(anonymous_9)
FNDA:0,(anonymous_10)
FNDA:0,(anonymous_11)
DA:1,0
DA:4,0
DA:33,0
DA:34,0
DA:43,0
DA:45,0
DA:53,0
DA:60,0
DA:67,0
DA:75,0
DA:84,0
DA:94,0
DA:103,0
DA:112,0
LF:14
LH:0
BRDA:5,0,0,0
BRDA:5,0,1,0
BRDA:33,1,0,0
BRDA:48,2,0,0
BRDA:48,2,1,0
BRDA:87,3,0,0
BRDA:87,3,1,0
BRF:7
BRH:0
end_of_record
TN:
SF:lib\monitoring.ts
FN:14,(anonymous_6)
FN:21,(anonymous_7)
FN:44,(anonymous_8)
FN:51,(anonymous_9)
FN:66,withPerformanceMonitoring
FN:69,(anonymous_12)
FN:77,(anonymous_13)
FN:92,(anonymous_14)
FN:97,(anonymous_15)
FN:102,(anonymous_16)
FNF:10
FNH:0
FNDA:0,(anonymous_6)
FNDA:0,(anonymous_7)
FNDA:0,(anonymous_8)
FNDA:0,(anonymous_9)
FNDA:0,withPerformanceMonitoring
FNDA:0,(anonymous_12)
FNDA:0,(anonymous_13)
FNDA:0,(anonymous_14)
FNDA:0,(anonymous_15)
FNDA:0,(anonymous_16)
DA:2,0
DA:11,0
DA:12,0
DA:15,0
DA:22,0
DA:23,0
DA:24,0
DA:25,0
DA:28,0
DA:29,0
DA:31,0
DA:32,0
DA:34,0
DA:40,0
DA:41,0
DA:45,0
DA:47,0
DA:48,0
DA:50,0
DA:51,0
DA:52,0
DA:55,0
DA:56,0
DA:59,0
DA:60,0
DA:66,0
DA:69,0
DA:70,0
DA:71,0
DA:72,0
DA:77,0
DA:86,0
DA:89,0
DA:90,0
DA:93,0
DA:94,0
DA:98,0
DA:99,0
DA:101,0
DA:102,0
DA:104,0
DA:105,0
DA:110,0
DA:113,0
DA:114,0
DA:116,0
DA:120,0
LF:47
LH:0
BRDA:23,0,0,0
BRDA:50,1,0,0
BRDA:50,1,1,0
BRDA:59,2,0,0
BRDA:59,2,1,0
BRDA:74,3,0,0
BRDA:74,3,1,0
BRDA:74,3,2,0
BRDA:93,4,0,0
BRDA:94,5,0,0
BRDA:101,6,0,0
BRDA:101,6,1,0
BRDA:104,7,0,0
BRF:13
BRH:0
end_of_record
TN:
SF:lib\nlp-analyzer.ts
FN:73,(anonymous_7)
FN:78,(anonymous_8)
FN:84,(anonymous_9)
FN:159,(anonymous_10)
FN:161,(anonymous_11)
FN:177,(anonymous_12)
FN:180,(anonymous_13)
FN:182,(anonymous_14)
FN:196,(anonymous_15)
FN:201,(anonymous_16)
FN:214,(anonymous_17)
FN:216,(anonymous_18)
FN:232,(anonymous_19)
FN:241,(anonymous_20)
FN:242,(anonymous_21)
FN:256,(anonymous_22)
FN:264,(anonymous_23)
FN:275,(anonymous_24)
FN:277,(anonymous_25)
FN:293,(anonymous_26)
FN:295,(anonymous_27)
FN:296,(anonymous_28)
FN:299,(anonymous_29)
FN:302,(anonymous_30)
FN:328,(anonymous_31)
FN:336,(anonymous_32)
FN:345,(anonymous_33)
FN:350,(anonymous_34)
FNF:28
FNH:0
FNDA:0,(anonymous_7)
FNDA:0,(anonymous_8)
FNDA:0,(anonymous_9)
FNDA:0,(anonymous_10)
FNDA:0,(anonymous_11)
FNDA:0,(anonymous_12)
FNDA:0,(anonymous_13)
FNDA:0,(anonymous_14)
FNDA:0,(anonymous_15)
FNDA:0,(anonymous_16)
FNDA:0,(anonymous_17)
FNDA:0,(anonymous_18)
FNDA:0,(anonymous_19)
FNDA:0,(anonymous_20)
FNDA:0,(anonymous_21)
FNDA:0,(anonymous_22)
FNDA:0,(anonymous_23)
FNDA:0,(anonymous_24)
FNDA:0,(anonymous_25)
FNDA:0,(anonymous_26)
FNDA:0,(anonymous_27)
FNDA:0,(anonymous_28)
FNDA:0,(anonymous_29)
FNDA:0,(anonymous_30)
FNDA:0,(anonymous_31)
FNDA:0,(anonymous_32)
FNDA:0,(anonymous_33)
FNDA:0,(anonymous_34)
DA:2,0
DA:3,0
DA:5,0
DA:8,0
DA:9,0
DA:12,0
DA:21,0
DA:69,0
DA:74,0
DA:75,0
DA:79,0
DA:81,0
DA:83,0
DA:84,0
DA:87,0
DA:90,0
DA:93,0
DA:96,0
DA:99,0
DA:102,0
DA:105,0
DA:108,0
DA:110,0
DA:124,0
DA:130,0
DA:131,0
DA:137,0
DA:160,0
DA:161,0
DA:162,0
DA:165,0
DA:167,0
DA:168,0
DA:169,0
DA:171,0
DA:173,0
DA:178,0
DA:180,0
DA:181,0
DA:182,0
DA:183,0
DA:186,0
DA:190,0
DA:192,0
DA:197,0
DA:199,0
DA:200,0
DA:201,0
DA:204,0
DA:208,0
DA:210,0
DA:215,0
DA:216,0
DA:217,0
DA:220,0
DA:222,0
DA:223,0
DA:224,0
DA:226,0
DA:228,0
DA:233,0
DA:234,0
DA:241,0
DA:242,0
DA:245,0
DA:248,0
DA:250,0
DA:252,0
DA:257,0
DA:258,0
DA:261,0
DA:263,0
DA:264,0
DA:265,0
DA:274,0
DA:275,0
DA:276,0
DA:277,0
DA:278,0
DA:289,0
DA:294,0
DA:295,0
DA:296,0
DA:299,0
DA:300,0
DA:302,0
DA:303,0
DA:306,0
DA:310,0
DA:318,0
DA:329,0
DA:330,0
DA:333,0
DA:335,0
DA:336,0
DA:337,0
DA:338,0
DA:339,0
DA:344,0
DA:345,0
DA:350,0
DA:353,0
DA:355,0
DA:361,0
LF:104
LH:0
BRDA:83,0,0,0
BRDA:83,0,1,0
BRDA:84,1,0,0
BRDA:84,1,1,0
BRDA:132,2,0,0
BRDA:132,2,1,0
BRDA:168,3,0,0
BRDA:168,3,1,0
BRDA:169,4,0,0
BRDA:338,5,0,0
BRDA:339,6,0,0
BRDA:339,6,1,0
BRF:12
BRH:0
end_of_record
TN:
SF:lib\password.ts
FN:3,hashPassword
FN:7,verifyPassword
FNF:2
FNH:0
FNDA:0,hashPassword
FNDA:0,verifyPassword
DA:1,0
DA:3,0
DA:4,0
DA:7,0
DA:8,0
LF:5
LH:0
BRF:0
BRH:0
end_of_record
TN:
SF:lib\puter-ai-analyzer.ts
FN:15,analyzeResumeWithPuterAI
FN:45,generateIntelligentSuggestions
FN:61,(anonymous_3)
FN:62,(anonymous_4)
FN:67,calculateAIScore
FN:97,(anonymous_6)
FN:98,(anonymous_7)
FNF:7
FNH:0
FNDA:0,analyzeResumeWithPuterAI
FNDA:0,generateIntelligentSuggestions
FNDA:0,(anonymous_3)
FNDA:0,(anonymous_4)
FNDA:0,calculateAIScore
FNDA:0,(anonymous_6)
FNDA:0,(anonymous_7)
DA:15,0
DA:19,0
DA:20,0
DA:21,0
DA:23,0
DA:32,0
DA:46,0
DA:56,0
DA:58,0
DA:59,0
DA:61,0
DA:62,0
DA:64,0
DA:68,0
DA:71,0
DA:72,0
DA:76,0
DA:77,0
DA:81,0
DA:82,0
DA:85,0
DA:86,0
DA:90,0
DA:91,0
DA:95,0
DA:96,0
DA:97,0
DA:98,0
DA:99,0
DA:101,0
DA:102,0
DA:105,0
LF:32
LH:0
BRDA:51,0,0,0
BRDA:51,0,1,0
BRDA:58,1,0,0
BRDA:58,2,0,0
BRDA:58,2,1,0
BRDA:71,3,0,0
BRDA:71,4,0,0
BRDA:71,4,1,0
BRDA:76,5,0,0
BRDA:76,6,0,0
BRDA:76,6,1,0
BRDA:81,7,0,0
BRDA:81,7,1,0
BRDA:85,8,0,0
BRDA:85,9,0,0
BRDA:85,9,1,0
BRDA:90,10,0,0
BRDA:90,11,0,0
BRDA:90,11,1,0
BRDA:95,12,0,0
BRF:20
BRH:0
end_of_record
TN:
SF:lib\resume-analyzer-fixed.ts
FN:145,analyzeResume
FN:171,(anonymous_2)
FN:181,(anonymous_3)
FN:182,(anonymous_4)
FN:231,(anonymous_5)
FN:304,(anonymous_6)
FN:315,(anonymous_7)
FN:344,(anonymous_8)
FN:396,calculateStructureScore
FN:415,calculateAIBulletPointScore
FN:437,detectSections
FN:449,calculateKeywordScore
FN:456,calculateSectionScore
FN:469,calculateRelevanceScore
FN:476,calculateLengthScore
FN:487,extractSectionContent
FN:512,calculateSectionQualityScore
FN:519,(anonymous_18)
FN:543,(anonymous_19)
FN:549,generateSectionSuggestions
FN:584,generateSuggestions
FN:617,(anonymous_22)
FNF:22
FNH:0
FNDA:0,analyzeResume
FNDA:0,(anonymous_2)
FNDA:0,(anonymous_3)
FNDA:0,(anonymous_4)
FNDA:0,(anonymous_5)
FNDA:0,(anonymous_6)
FNDA:0,(anonymous_7)
FNDA:0,(anonymous_8)
FNDA:0,calculateStructureScore
FNDA:0,calculateAIBulletPointScore
FNDA:0,detectSections
FNDA:0,calculateKeywordScore
FNDA:0,calculateSectionScore
FNDA:0,calculateRelevanceScore
FNDA:0,calculateLengthScore
FNDA:0,extractSectionContent
FNDA:0,calculateSectionQualityScore
FNDA:0,(anonymous_18)
FNDA:0,(anonymous_19)
FNDA:0,generateSectionSuggestions
FNDA:0,generateSuggestions
FNDA:0,(anonymous_22)
DA:1,0
DA:2,0
DA:3,0
DA:4,0
DA:5,0
DA:6,0
DA:7,0
DA:107,0
DA:131,0
DA:145,0
DA:152,0
DA:155,0
DA:158,0
DA:171,0
DA:181,0
DA:182,0
DA:183,0
DA:186,0
DA:189,0
DA:192,0
DA:193,0
DA:195,0
DA:198,0
DA:201,0
DA:207,0
DA:213,0
DA:214,0
DA:215,0
DA:218,0
DA:221,0
DA:226,0
DA:229,0
DA:231,0
DA:232,0
DA:233,0
DA:237,0
DA:240,0
DA:243,0
DA:246,0
DA:249,0
DA:263,0
DA:278,0
DA:283,0
DA:287,0
DA:296,0
DA:304,0
DA:305,0
DA:306,0
DA:315,0
DA:323,0
DA:341,0
DA:344,0
DA:345,0
DA:346,0
DA:349,0
DA:350,0
DA:351,0
DA:352,0
DA:353,0
DA:354,0
DA:355,0
DA:358,0
DA:365,0
DA:397,0
DA:400,0
DA:401,0
DA:404,0
DA:405,0
DA:408,0
DA:409,0
DA:411,0
DA:416,0
DA:417,0
DA:419,0
DA:422,0
DA:423,0
DA:424,0
DA:425,0
DA:428,0
DA:431,0
DA:432,0
DA:434,0
DA:438,0
DA:440,0
DA:441,0
DA:442,0
DA:446,0
DA:452,0
DA:453,0
DA:457,0
DA:458,0
DA:460,0
DA:461,0
DA:462,0
DA:466,0
DA:470,0
DA:472,0
DA:473,0
DA:477,0
DA:480,0
DA:481,0
DA:482,0
DA:483,0
DA:490,0
DA:491,0
DA:493,0
DA:496,0
DA:499,0
DA:500,0
DA:501,0
DA:503,0
DA:504,0
DA:505,0
DA:509,0
DA:514,0
DA:516,0
DA:517,0
DA:518,0
DA:519,0
DA:520,0
DA:524,0
DA:527,0
DA:528,0
DA:529,0
DA:532,0
DA:533,0
DA:536,0
DA:539,0
DA:540,0
DA:543,0
DA:544,0
DA:546,0
DA:553,0
DA:554,0
DA:557,0
DA:558,0
DA:559,0
DA:561,0
DA:563,0
DA:564,0
DA:565,0
DA:567,0
DA:568,0
DA:570,0
DA:571,0
DA:575,0
DA:576,0
DA:577,0
DA:581,0
DA:597,0
DA:599,0
DA:600,0
DA:603,0
DA:604,0
DA:607,0
DA:608,0
DA:611,0
DA:612,0
DA:615,0
DA:616,0
DA:617,0
DA:619,0
DA:620,0
DA:624,0
DA:625,0
DA:628,0
DA:629,0
DA:632,0
DA:633,0
DA:636,0
DA:637,0
DA:640,0
DA:641,0
DA:644,0
LF:174
LH:0
BRDA:148,0,0,0
BRDA:149,1,0,0
BRDA:215,2,0,0
BRDA:215,2,1,0
BRDA:317,3,0,0
BRDA:317,3,1,0
BRDA:317,4,0,0
BRDA:317,4,1,0
BRDA:350,5,0,0
BRDA:350,5,1,0
BRDA:350,6,0,0
BRDA:350,6,1,0
BRDA:350,6,2,0
BRDA:352,7,0,0
BRDA:352,7,1,0
BRDA:352,8,0,0
BRDA:352,8,1,0
BRDA:352,8,2,0
BRDA:354,9,0,0
BRDA:354,10,0,0
BRDA:354,10,1,0
BRDA:354,10,2,0
BRDA:400,11,0,0
BRDA:400,11,1,0
BRDA:404,12,0,0
BRDA:404,12,1,0
BRDA:405,13,0,0
BRDA:408,14,0,0
BRDA:408,14,1,0
BRDA:409,15,0,0
BRDA:416,16,0,0
BRDA:416,16,1,0
BRDA:423,17,0,0
BRDA:423,17,1,0
BRDA:424,18,0,0
BRDA:424,18,1,0
BRDA:425,19,0,0
BRDA:428,20,0,0
BRDA:431,21,0,0
BRDA:431,21,1,0
BRDA:432,22,0,0
BRDA:441,23,0,0
BRDA:461,24,0,0
BRDA:470,25,0,0
BRDA:480,26,0,0
BRDA:481,27,0,0
BRDA:482,28,0,0
BRDA:483,29,0,0
BRDA:493,30,0,0
BRDA:501,31,0,0
BRDA:504,32,0,0
BRDA:504,33,0,0
BRDA:504,33,1,0
BRDA:514,34,0,0
BRDA:517,35,0,0
BRDA:517,35,1,0
BRDA:527,36,0,0
BRDA:527,36,1,0
BRDA:528,37,0,0
BRDA:528,37,1,0
BRDA:529,38,0,0
BRDA:532,39,0,0
BRDA:532,39,1,0
BRDA:533,40,0,0
BRDA:536,41,0,0
BRDA:539,42,0,0
BRDA:539,42,1,0
BRDA:540,43,0,0
BRDA:544,44,0,0
BRDA:544,45,0,0
BRDA:544,45,1,0
BRDA:553,46,0,0
BRDA:558,47,0,0
BRDA:558,47,1,0
BRDA:563,48,0,0
BRDA:563,49,0,0
BRDA:563,49,1,0
BRDA:564,50,0,0
BRDA:567,51,0,0
BRDA:570,52,0,0
BRDA:575,53,0,0
BRDA:576,54,0,0
BRDA:599,55,0,0
BRDA:603,56,0,0
BRDA:607,57,0,0
BRDA:611,58,0,0
BRDA:615,59,0,0
BRDA:619,60,0,0
BRDA:624,61,0,0
BRDA:628,62,0,0
BRDA:628,63,0,0
BRDA:628,63,1,0
BRDA:632,64,0,0
BRDA:636,65,0,0
BRDA:640,66,0,0
BRF:95
BRH:0
end_of_record
TN:
SF:lib\resume-analyzer.ts
FN:146,analyzeResume
FN:172,(anonymous_2)
FN:183,(anonymous_3)
FN:184,(anonymous_4)
FN:234,(anonymous_5)
FN:298,(anonymous_6)
FN:309,(anonymous_7)
FN:338,(anonymous_8)
FN:400,calculateStructureScore
FN:419,calculateAIBulletPointScore
FN:468,detectSections
FN:480,calculateKeywordScore
FN:487,calculateSectionScore
FN:500,calculateRelevanceScore
FN:507,calculateLengthScore
FN:526,extractSectionContent
FN:551,calculateSectionQualityScore
FN:558,(anonymous_18)
FN:582,(anonymous_19)
FN:588,generateSectionSuggestions
FN:623,generateSuggestions
FN:652,(anonymous_22)
FNF:22
FNH:0
FNDA:0,analyzeResume
FNDA:0,(anonymous_2)
FNDA:0,(anonymous_3)
FNDA:0,(anonymous_4)
FNDA:0,(anonymous_5)
FNDA:0,(anonymous_6)
FNDA:0,(anonymous_7)
FNDA:0,(anonymous_8)
FNDA:0,calculateStructureScore
FNDA:0,calculateAIBulletPointScore
FNDA:0,detectSections
FNDA:0,calculateKeywordScore
FNDA:0,calculateSectionScore
FNDA:0,calculateRelevanceScore
FNDA:0,calculateLengthScore
FNDA:0,extractSectionContent
FNDA:0,calculateSectionQualityScore
FNDA:0,(anonymous_18)
FNDA:0,(anonymous_19)
FNDA:0,generateSectionSuggestions
FNDA:0,generateSuggestions
FNDA:0,(anonymous_22)
DA:1,0
DA:2,0
DA:3,0
DA:4,0
DA:5,0
DA:6,0
DA:7,0
DA:8,0
DA:108,0
DA:132,0
DA:146,0
DA:153,0
DA:156,0
DA:159,0
DA:172,0
DA:183,0
DA:184,0
DA:185,0
DA:188,0
DA:191,0
DA:194,0
DA:195,0
DA:198,0
DA:201,0
DA:204,0
DA:210,0
DA:216,0
DA:217,0
DA:218,0
DA:221,0
DA:224,0
DA:229,0
DA:232,0
DA:234,0
DA:235,0
DA:236,0
DA:240,0
DA:243,0
DA:246,0
DA:249,0
DA:252,0
DA:267,0
DA:281,0
DA:290,0
DA:298,0
DA:299,0
DA:300,0
DA:309,0
DA:317,0
DA:335,0
DA:338,0
DA:339,0
DA:340,0
DA:343,0
DA:344,0
DA:345,0
DA:346,0
DA:347,0
DA:348,0
DA:349,0
DA:352,0
DA:360,0
DA:361,0
DA:362,0
DA:363,0
DA:364,0
DA:365,0
DA:368,0
DA:401,0
DA:404,0
DA:405,0
DA:408,0
DA:409,0
DA:412,0
DA:413,0
DA:415,0
DA:420,0
DA:421,0
DA:423,0
DA:426,0
DA:427,0
DA:428,0
DA:429,0
DA:432,0
DA:435,0
DA:436,0
DA:438,0
DA:469,0
DA:471,0
DA:472,0
DA:473,0
DA:477,0
DA:483,0
DA:484,0
DA:488,0
DA:489,0
DA:491,0
DA:492,0
DA:493,0
DA:497,0
DA:501,0
DA:503,0
DA:504,0
DA:508,0
DA:511,0
DA:512,0
DA:513,0
DA:514,0
DA:529,0
DA:530,0
DA:532,0
DA:535,0
DA:538,0
DA:539,0
DA:540,0
DA:542,0
DA:543,0
DA:544,0
DA:548,0
DA:553,0
DA:555,0
DA:556,0
DA:557,0
DA:558,0
DA:559,0
DA:563,0
DA:566,0
DA:567,0
DA:568,0
DA:571,0
DA:572,0
DA:575,0
DA:578,0
DA:579,0
DA:582,0
DA:583,0
DA:585,0
DA:592,0
DA:593,0
DA:596,0
DA:597,0
DA:598,0
DA:600,0
DA:602,0
DA:603,0
DA:604,0
DA:606,0
DA:607,0
DA:609,0
DA:610,0
DA:614,0
DA:615,0
DA:616,0
DA:620,0
DA:636,0
DA:638,0
DA:639,0
DA:641,0
DA:642,0
DA:644,0
DA:645,0
DA:647,0
DA:648,0
DA:650,0
DA:651,0
DA:652,0
DA:654,0
DA:655,0
DA:658,0
DA:659,0
DA:661,0
DA:662,0
DA:664,0
DA:665,0
DA:667,0
DA:668,0
DA:670,0
DA:671,0
DA:673,0
LF:179
LH:0
BRDA:149,0,0,0
BRDA:150,1,0,0
BRDA:218,2,0,0
BRDA:218,2,1,0
BRDA:311,3,0,0
BRDA:311,3,1,0
BRDA:311,4,0,0
BRDA:311,4,1,0
BRDA:344,5,0,0
BRDA:344,5,1,0
BRDA:344,6,0,0
BRDA:344,6,1,0
BRDA:344,6,2,0
BRDA:346,7,0,0
BRDA:346,7,1,0
BRDA:346,8,0,0
BRDA:346,8,1,0
BRDA:346,8,2,0
BRDA:348,9,0,0
BRDA:348,10,0,0
BRDA:348,10,1,0
BRDA:348,10,2,0
BRDA:404,11,0,0
BRDA:404,11,1,0
BRDA:408,12,0,0
BRDA:408,12,1,0
BRDA:409,13,0,0
BRDA:412,14,0,0
BRDA:412,14,1,0
BRDA:413,15,0,0
BRDA:420,16,0,0
BRDA:420,16,1,0
BRDA:427,17,0,0
BRDA:427,17,1,0
BRDA:428,18,0,0
BRDA:428,18,1,0
BRDA:429,19,0,0
BRDA:432,20,0,0
BRDA:435,21,0,0
BRDA:435,21,1,0
BRDA:436,22,0,0
BRDA:472,23,0,0
BRDA:492,24,0,0
BRDA:501,25,0,0
BRDA:511,26,0,0
BRDA:512,27,0,0
BRDA:513,28,0,0
BRDA:514,29,0,0
BRDA:532,30,0,0
BRDA:540,31,0,0
BRDA:543,32,0,0
BRDA:543,33,0,0
BRDA:543,33,1,0
BRDA:553,34,0,0
BRDA:556,35,0,0
BRDA:556,35,1,0
BRDA:566,36,0,0
BRDA:566,36,1,0
BRDA:567,37,0,0
BRDA:567,37,1,0
BRDA:568,38,0,0
BRDA:571,39,0,0
BRDA:571,39,1,0
BRDA:572,40,0,0
BRDA:575,41,0,0
BRDA:578,42,0,0
BRDA:578,42,1,0
BRDA:579,43,0,0
BRDA:583,44,0,0
BRDA:583,45,0,0
BRDA:583,45,1,0
BRDA:592,46,0,0
BRDA:597,47,0,0
BRDA:597,47,1,0
BRDA:602,48,0,0
BRDA:602,49,0,0
BRDA:602,49,1,0
BRDA:603,50,0,0
BRDA:606,51,0,0
BRDA:609,52,0,0
BRDA:614,53,0,0
BRDA:615,54,0,0
BRDA:638,55,0,0
BRDA:641,56,0,0
BRDA:644,57,0,0
BRDA:647,58,0,0
BRDA:650,59,0,0
BRDA:654,60,0,0
BRDA:658,61,0,0
BRDA:661,62,0,0
BRDA:661,63,0,0
BRDA:661,63,1,0
BRDA:664,64,0,0
BRDA:667,65,0,0
BRDA:670,66,0,0
BRF:95
BRH:0
end_of_record
TN:
SF:lib\security.ts
FN:10,(anonymous_7)
FN:13,(anonymous_8)
FN:16,(anonymous_9)
FN:50,validateFileUpload
FN:81,(anonymous_11)
FN:90,sanitizeInput
FN:116,validateApiKey
FN:125,validateOrigin
FNF:8
FNH:0
FNDA:0,(anonymous_7)
FNDA:0,(anonymous_8)
FNDA:0,(anonymous_9)
FNDA:0,validateFileUpload
FNDA:0,(anonymous_11)
FNDA:0,sanitizeInput
FNDA:0,validateApiKey
FNDA:0,validateOrigin
DA:1,0
DA:2,0
DA:5,0
DA:10,0
DA:13,0
DA:16,0
DA:50,0
DA:52,0
DA:53,0
DA:57,0
DA:62,0
DA:63,0
DA:67,0
DA:68,0
DA:81,0
DA:82,0
DA:83,0
DA:86,0
DA:90,0
DA:91,0
DA:99,0
DA:116,0
DA:117,0
DA:121,0
DA:125,0
DA:126,0
DA:127,0
LF:27
LH:0
BRDA:16,0,0,0
BRDA:16,0,1,0
BRDA:52,1,0,0
BRDA:62,2,0,0
BRDA:81,3,0,0
BRDA:117,4,0,0
BRDA:126,5,0,0
BRF:7
BRH:0
end_of_record
TN:
SF:lib\utils.ts
FN:4,cn
FNF:1
FNH:0
FNDA:0,cn
DA:1,1
DA:2,1
DA:4,0
DA:5,0
LF:4
LH:2
BRF:0
BRH:0
end_of_record
